#
# A fatal error has been detected by the Java Runtime Environment:
#
#  SIGSEGV (0xb) at pc=0x00007f5899bc421e, pid=6653, tid=6681
#
# JRE version: Java(TM) SE Runtime Environment (9.0+11) (build 9.0.4+11)
# Java VM: Java HotSpot(TM) 64-Bit Server VM (9.0.4+11, mixed mode, tiered, compressed oops, g1 gc, linux-amd64)
# Problematic frame:
# v  ~BufferBlob::jni_fast_GetLongField
#
# Core dump will be written. Default location: Core dumps may be processed with "/usr/share/apport/apport %p %s %c %d %P" (or dumping to /home/cristiano/NetBeansProjects/livro/capitulos/capitulo-28/core.6653)
#
# If you would like to submit a bug report, please visit:
#   http://bugreport.java.com/bugreport/crash.jsp
# The crash happened outside the Java Virtual Machine in native code.
# See problematic frame for where to report the bug.
#

---------------  S U M M A R Y ------------

Command Line: TicTacToeClientTest

Host: Intel(R) Core(TM) i5-4210U CPU @ 1.70GHz, 4 cores, 9G, Ubuntu 16.04.5 LTS
Time: Sat Nov  3 22:30:40 2018 -03 elapsed time: 15706 seconds (0d 4h 21m 46s)

---------------  T H R E A D  ---------------

Current thread (0x00007f58b4474000):  JavaThread "AWT-XAWT" daemon [_thread_in_native, id=6681, stack(0x00007f583407b000,0x00007f583417c000)]

Stack: [0x00007f583407b000,0x00007f583417c000],  sp=0x00007f583417a8e8,  free space=1022k
Native frames: (J=compiled Java code, A=aot compiled Java code, j=interpreted, Vv=VM code, C=native code)
v  ~BufferBlob::jni_fast_GetLongField
C  [libX11.so.6+0x64420]  _XimServerDestroy+0x70

Java frames: (J=compiled Java code, j=interpreted, Vv=VM code)
J 1285  sun.awt.X11.XlibWrapper.XFilterEvent(JJ)Z java.desktop@9.0.4 (0 bytes) @ 0x00007f58a1685d24 [0x00007f58a1685ce0+0x0000000000000044]
j  sun.awt.X11.XToolkit.run(Z)V+287 java.desktop@9.0.4
j  sun.awt.X11.XToolkit.run()V+5 java.desktop@9.0.4
j  java.lang.Thread.run()V+11 java.base@9.0.4
v  ~StubRoutines::call_stub

siginfo: si_signo: 11 (SIGSEGV), si_code: 1 (SEGV_MAPERR), si_addr: 0x0000000000000000

Register to memory mapping:

RAX=0x00007f58bbf8d800: <offset 0x00000000012f6800> in /usr/lib/jvm/java-9-oracle/lib/server/libjvm.so at 0x00007f58bac97000
RBX=0x00007f58b4474218 is an unknown value
RCX=0x00007f58180008c0 is an unknown value
RDX=0x0000000000000042 is an unknown value
RSP=0x00007f583417a8e8 is pointing into the stack for thread: 0x00007f58b4474000
RBP=0x00007f583417a910 is pointing into the stack for thread: 0x00007f58b4474000
RSI=0x0000000000000000 is an unknown value
RDI=0x00007f58b4474218 is an unknown value
R8 =0x0000000000000040 is an unknown value
R9 =0x0000000000000000 is an unknown value
R10=0x0000000000000046 is an unknown value
R11=0x00007f58a1685cf8 is at entry_point+24 in (nmethod*)0x00007f58a1685b10
R12=0x00007f581000d310 is an unknown value
R13=0x0000000000000000 is an unknown value
R14=0x00007f5837d31d80: <offset 0x0000000000262d80> in /usr/lib/jvm/java-9-oracle/lib/libawt_xawt.so at 0x00007f5837acf000
R15=0x00007f58b4474000 is a thread


Registers:
RAX=0x00007f58bbf8d800, RBX=0x00007f58b4474218, RCX=0x00007f58180008c0, RDX=0x0000000000000042
RSP=0x00007f583417a8e8, RBP=0x00007f583417a910, RSI=0x0000000000000000, RDI=0x00007f58b4474218
R8 =0x0000000000000040, R9 =0x0000000000000000, R10=0x0000000000000046, R11=0x00007f58a1685cf8
R12=0x00007f581000d310, R13=0x0000000000000000, R14=0x00007f5837d31d80, R15=0x00007f58b4474000
RIP=0x00007f5899bc421e, EFLAGS=0x0000000000010246, CSGSFS=0x0000000000000033, ERR=0x0000000000000004
  TRAPNO=0x000000000000000e

Top of Stack: (sp=0x00007f583417a8e8)
0x00007f583417a8e8:   00007f5837b048a4 00007f58987a4540
0x00007f583417a8f8:   00007f581000d310 00007f583417a9b8
0x00007f583417a908:   00007f583417a990 0000000000000000
0x00007f583417a918:   00007f58375e7420 00007f58987a4540 

Instructions: (pc=0x00007f5899bc421e)
0x00007f5899bc41fe:   00 00 44 8b 15 f5 2e 42 22 4c 8b ce 41 f6 c2 01
0x00007f5899bc420e:   0f 85 32 00 00 00 4d 33 ca 4d 33 ca 49 83 e1 fe
0x00007f5899bc421e:   4d 8b 09 4c 8b da 49 c1 eb 02 4b 8b 04 19 49 bb
0x00007f5899bc422e:   fc 70 fe bb 58 7f 00 00 4c 33 d8 4c 33 d8 45 3b 



---------------  P R O C E S S  ---------------

Java Threads: ( => current thread )
  0x00007f5810013000 JavaThread "TimerQueue" daemon [_thread_blocked, id=6686, stack(0x00007f582e16e000,0x00007f582e26f000)]
  0x00007f58b4012000 JavaThread "DestroyJavaVM" [_thread_blocked, id=6654, stack(0x00007f58bcd34000,0x00007f58bce34000)]
  0x00007f58b46a5800 JavaThread "pool-1-thread-1" [_thread_in_native, id=6684, stack(0x00007f582e26f000,0x00007f582e370000)]
  0x00007f58b45eb800 JavaThread "AWT-EventQueue-0" [_thread_blocked, id=6683, stack(0x00007f582e9f6000,0x00007f582eaf7000)]
  0x00007f58b45ea000 JavaThread "AWT-Shutdown" [_thread_blocked, id=6682, stack(0x00007f582eaf7000,0x00007f582ebf8000)]
=>0x00007f58b4474000 JavaThread "AWT-XAWT" daemon [_thread_in_native, id=6681, stack(0x00007f583407b000,0x00007f583417c000)]
  0x00007f58b4385800 JavaThread "Java2D Disposer" daemon [_thread_blocked, id=6680, stack(0x00007f5834386000,0x00007f5834487000)]
  0x00007f58b4226800 JavaThread "Service Thread" daemon [_thread_blocked, id=6675, stack(0x00007f586c1b4000,0x00007f586c2b5000)]
  0x00007f58b419e800 JavaThread "Common-Cleaner" daemon [_thread_blocked, id=6674, stack(0x00007f586c2b5000,0x00007f586c3b6000)]
  0x00007f58b418a800 JavaThread "Sweeper thread" daemon [_thread_blocked, id=6673, stack(0x00007f586c7de000,0x00007f586c8df000)]
  0x00007f58b4188800 JavaThread "C1 CompilerThread2" daemon [_thread_blocked, id=6672, stack(0x00007f586c8df000,0x00007f586c9e0000)]
  0x00007f58b4186800 JavaThread "C2 CompilerThread1" daemon [_thread_blocked, id=6671, stack(0x00007f586c9e0000,0x00007f586cae1000)]
  0x00007f58b4184800 JavaThread "C2 CompilerThread0" daemon [_thread_blocked, id=6670, stack(0x00007f586cae1000,0x00007f586cbe2000)]
  0x00007f58b4182800 JavaThread "Signal Dispatcher" daemon [_thread_blocked, id=6669, stack(0x00007f586cbe2000,0x00007f586cce3000)]
  0x00007f58b4167800 JavaThread "Finalizer" daemon [_thread_blocked, id=6668, stack(0x00007f586cfbd000,0x00007f586d0be000)]
  0x00007f58b415f800 JavaThread "Reference Handler" daemon [_thread_blocked, id=6667, stack(0x00007f586d0be000,0x00007f586d1bf000)]

Other Threads:
  0x00007f58b4155800 VMThread "VM Thread" [stack: 0x00007f586d1c0000,0x00007f586d2c0000] [id=6666]
  0x00007f58b4229000 WatcherThread [stack: 0x00007f586c0b4000,0x00007f586c1b4000] [id=6676]
  0x00007f58b4029800 GCTaskThread "GC Thread#0" [stack: 0x00007f58b9402000,0x00007f58b9502000] [id=6655]
  0x00007f58b402b000 GCTaskThread "GC Thread#1" [stack: 0x00007f58b9301000,0x00007f58b9401000] [id=6656]
  0x00007f58b402c800 GCTaskThread "GC Thread#2" [stack: 0x00007f58b9200000,0x00007f58b9300000] [id=6657]
  0x00007f58b402e800 GCTaskThread "GC Thread#3" [stack: 0x00007f58b90ff000,0x00007f58b91ff000] [id=6658]
  0x00007f58b4065000 ConcurrentGCThread "G1 Main Marker" [stack: 0x00007f58b8186000,0x00007f58b8286000] [id=6664]
  0x00007f58b4066800 ConcurrentGCThread "G1 Marker#0" [stack: 0x00007f58b8085000,0x00007f58b8185000] [id=6665]
  0x00007f58b4035800 ConcurrentGCThread "G1 Refine#0" [stack: 0x00007f58b88f7000,0x00007f58b89f7000] [id=6662]
  0x00007f58b4034000 ConcurrentGCThread "G1 Refine#1" [stack: 0x00007f58b89f8000,0x00007f58b8af8000] [id=6661]
  0x00007f58b4032000 ConcurrentGCThread "G1 Refine#2" [stack: 0x00007f58b8af9000,0x00007f58b8bf9000] [id=6660]
  0x00007f58b4030800 ConcurrentGCThread "G1 Refine#3" [stack: 0x00007f58b8bfa000,0x00007f58b8cfa000] [id=6659]
  0x00007f58b4037800 ConcurrentGCThread "G1 Young RemSet Sampling" [stack: 0x00007f58b87f6000,0x00007f58b88f6000] [id=6663]

Threads with active compile tasks:

VM state:not at safepoint (normal execution)

VM Mutex/Monitor currently owned by a thread: None

Heap address: 0x0000000725800000, size: 2472 MB, Compressed Oops mode: Zero based, Oop shift amount: 3
Narrow klass base: 0x0000000000000000, Narrow klass shift: 3
Compressed class space size: 1073741824 Address: 0x00000007c0000000

Heap:
 garbage-first heap   total 159744K, used 13312K [0x0000000725800000, 0x00000007259004e0, 0x00000007c0000000)
  region size 1024K, 14 young (14336K), 0 survivors (0K)
 Metaspace       used 17429K, capacity 18496K, committed 18688K, reserved 1067008K
  class space    used 1790K, capacity 2000K, committed 2048K, reserved 1048576K
Heap Regions: E=young(eden), S=young(survivor), O=old, HS=humongous(starts), HC=humongous(continues), CS=collection set, F=free, A=archive, TS=gc time stamp, AC=allocation context, TAMS=top-at-mark-start (previous, next)
|   0|0x0000000725800000, 0x0000000725800000, 0x0000000725900000|  0%| F|  |TS  0|AC  0|TAMS 0x0000000725800000, 0x0000000725800000|
|   1|0x0000000725900000, 0x0000000725900000, 0x0000000725a00000|  0%| F|  |TS  0|AC  0|TAMS 0x0000000725900000, 0x0000000725900000|
|   2|0x0000000725a00000, 0x0000000725a00000, 0x0000000725b00000|  0%| F|  |TS  0|AC  0|TAMS 0x0000000725a00000, 0x0000000725a00000|
|   3|0x0000000725b00000, 0x0000000725b00000, 0x0000000725c00000|  0%| F|  |TS  0|AC  0|TAMS 0x0000000725b00000, 0x0000000725b00000|
|   4|0x0000000725c00000, 0x0000000725c00000, 0x0000000725d00000|  0%| F|  |TS  0|AC  0|TAMS 0x0000000725c00000, 0x0000000725c00000|
|   5|0x0000000725d00000, 0x0000000725d00000, 0x0000000725e00000|  0%| F|  |TS  0|AC  0|TAMS 0x0000000725d00000, 0x0000000725d00000|
|   6|0x0000000725e00000, 0x0000000725e00000, 0x0000000725f00000|  0%| F|  |TS  0|AC  0|TAMS 0x0000000725e00000, 0x0000000725e00000|
|   7|0x0000000725f00000, 0x0000000725f00000, 0x0000000726000000|  0%| F|  |TS  0|AC  0|TAMS 0x0000000725f00000, 0x0000000725f00000|
|   8|0x0000000726000000, 0x0000000726000000, 0x0000000726100000|  0%| F|  |TS  0|AC  0|TAMS 0x0000000726000000, 0x0000000726000000|
|   9|0x0000000726100000, 0x0000000726100000, 0x0000000726200000|  0%| F|  |TS  0|AC  0|TAMS 0x0000000726100000, 0x0000000726100000|
|  10|0x0000000726200000, 0x0000000726200000, 0x0000000726300000|  0%| F|  |TS  0|AC  0|TAMS 0x0000000726200000, 0x0000000726200000|
|  11|0x0000000726300000, 0x0000000726300000, 0x0000000726400000|  0%| F|  |TS  0|AC  0|TAMS 0x0000000726300000, 0x0000000726300000|
|  12|0x0000000726400000, 0x0000000726400000, 0x0000000726500000|  0%| F|  |TS  0|AC  0|TAMS 0x0000000726400000, 0x0000000726400000|
|  13|0x0000000726500000, 0x0000000726500000, 0x0000000726600000|  0%| F|  |TS  0|AC  0|TAMS 0x0000000726500000, 0x0000000726500000|
|  14|0x0000000726600000, 0x0000000726600000, 0x0000000726700000|  0%| F|  |TS  0|AC  0|TAMS 0x0000000726600000, 0x0000000726600000|
|  15|0x0000000726700000, 0x0000000726700000, 0x0000000726800000|  0%| F|  |TS  0|AC  0|TAMS 0x0000000726700000, 0x0000000726700000|
|  16|0x0000000726800000, 0x0000000726800000, 0x0000000726900000|  0%| F|  |TS  0|AC  0|TAMS 0x0000000726800000, 0x0000000726800000|
|  17|0x0000000726900000, 0x0000000726900000, 0x0000000726a00000|  0%| F|  |TS  0|AC  0|TAMS 0x0000000726900000, 0x0000000726900000|
|  18|0x0000000726a00000, 0x0000000726a00000, 0x0000000726b00000|  0%| F|  |TS  0|AC  0|TAMS 0x0000000726a00000, 0x0000000726a00000|
|  19|0x0000000726b00000, 0x0000000726b00000, 0x0000000726c00000|  0%| F|  |TS  0|AC  0|TAMS 0x0000000726b00000, 0x0000000726b00000|
|  20|0x0000000726c00000, 0x0000000726c00000, 0x0000000726d00000|  0%| F|  |TS  0|AC  0|TAMS 0x0000000726c00000, 0x0000000726c00000|
|  21|0x0000000726d00000, 0x0000000726d00000, 0x0000000726e00000|  0%| F|  |TS  0|AC  0|TAMS 0x0000000726d00000, 0x0000000726d00000|
|  22|0x0000000726e00000, 0x0000000726e00000, 0x0000000726f00000|  0%| F|  |TS  0|AC  0|TAMS 0x0000000726e00000, 0x0000000726e00000|
|  23|0x0000000726f00000, 0x0000000726f00000, 0x0000000727000000|  0%| F|  |TS  0|AC  0|TAMS 0x0000000726f00000, 0x0000000726f00000|
|  24|0x0000000727000000, 0x0000000727000000, 0x0000000727100000|  0%| F|  |TS  0|AC  0|TAMS 0x0000000727000000, 0x0000000727000000|
|  25|0x0000000727100000, 0x0000000727100000, 0x0000000727200000|  0%| F|  |TS  0|AC  0|TAMS 0x0000000727100000, 0x0000000727100000|
|  26|0x0000000727200000, 0x0000000727200000, 0x0000000727300000|  0%| F|  |TS  0|AC  0|TAMS 0x0000000727200000, 0x0000000727200000|
|  27|0x0000000727300000, 0x0000000727300000, 0x0000000727400000|  0%| F|  |TS  0|AC  0|TAMS 0x0000000727300000, 0x0000000727300000|
|  28|0x0000000727400000, 0x0000000727400000, 0x0000000727500000|  0%| F|  |TS  0|AC  0|TAMS 0x0000000727400000, 0x0000000727400000|
|  29|0x0000000727500000, 0x0000000727500000, 0x0000000727600000|  0%| F|  |TS  0|AC  0|TAMS 0x0000000727500000, 0x0000000727500000|
|  30|0x0000000727600000, 0x0000000727600000, 0x0000000727700000|  0%| F|  |TS  0|AC  0|TAMS 0x0000000727600000, 0x0000000727600000|
|  31|0x0000000727700000, 0x0000000727700000, 0x0000000727800000|  0%| F|  |TS  0|AC  0|TAMS 0x0000000727700000, 0x0000000727700000|
|  32|0x0000000727800000, 0x0000000727800000, 0x0000000727900000|  0%| F|  |TS  0|AC  0|TAMS 0x0000000727800000, 0x0000000727800000|
|  33|0x0000000727900000, 0x0000000727900000, 0x0000000727a00000|  0%| F|  |TS  0|AC  0|TAMS 0x0000000727900000, 0x0000000727900000|
|  34|0x0000000727a00000, 0x0000000727a00000, 0x0000000727b00000|  0%| F|  |TS  0|AC  0|TAMS 0x0000000727a00000, 0x0000000727a00000|
|  35|0x0000000727b00000, 0x0000000727b00000, 0x0000000727c00000|  0%| F|  |TS  0|AC  0|TAMS 0x0000000727b00000, 0x0000000727b00000|
|  36|0x0000000727c00000, 0x0000000727c00000, 0x0000000727d00000|  0%| F|  |TS  0|AC  0|TAMS 0x0000000727c00000, 0x0000000727c00000|
|  37|0x0000000727d00000, 0x0000000727d00000, 0x0000000727e00000|  0%| F|  |TS  0|AC  0|TAMS 0x0000000727d00000, 0x0000000727d00000|
|  38|0x0000000727e00000, 0x0000000727e00000, 0x0000000727f00000|  0%| F|  |TS  0|AC  0|TAMS 0x0000000727e00000, 0x0000000727e00000|
|  39|0x0000000727f00000, 0x0000000727f00000, 0x0000000728000000|  0%| F|  |TS  0|AC  0|TAMS 0x0000000727f00000, 0x0000000727f00000|
|  40|0x0000000728000000, 0x0000000728000000, 0x0000000728100000|  0%| F|  |TS  0|AC  0|TAMS 0x0000000728000000, 0x0000000728000000|
|  41|0x0000000728100000, 0x0000000728100000, 0x0000000728200000|  0%| F|  |TS  0|AC  0|TAMS 0x0000000728100000, 0x0000000728100000|
|  42|0x0000000728200000, 0x0000000728200000, 0x0000000728300000|  0%| F|  |TS  0|AC  0|TAMS 0x0000000728200000, 0x0000000728200000|
|  43|0x0000000728300000, 0x0000000728300000, 0x0000000728400000|  0%| F|  |TS  0|AC  0|TAMS 0x0000000728300000, 0x0000000728300000|
|  44|0x0000000728400000, 0x0000000728400000, 0x0000000728500000|  0%| F|  |TS  0|AC  0|TAMS 0x0000000728400000, 0x0000000728400000|
|  45|0x0000000728500000, 0x0000000728500000, 0x0000000728600000|  0%| F|  |TS  0|AC  0|TAMS 0x0000000728500000, 0x0000000728500000|
|  46|0x0000000728600000, 0x0000000728600000, 0x0000000728700000|  0%| F|  |TS  0|AC  0|TAMS 0x0000000728600000, 0x0000000728600000|
|  47|0x0000000728700000, 0x0000000728700000, 0x0000000728800000|  0%| F|  |TS  0|AC  0|TAMS 0x0000000728700000, 0x0000000728700000|
|  48|0x0000000728800000, 0x0000000728800000, 0x0000000728900000|  0%| F|  |TS  0|AC  0|TAMS 0x0000000728800000, 0x0000000728800000|
|  49|0x0000000728900000, 0x0000000728900000, 0x0000000728a00000|  0%| F|  |TS  0|AC  0|TAMS 0x0000000728900000, 0x0000000728900000|
|  50|0x0000000728a00000, 0x0000000728a00000, 0x0000000728b00000|  0%| F|  |TS  0|AC  0|TAMS 0x0000000728a00000, 0x0000000728a00000|
|  51|0x0000000728b00000, 0x0000000728b00000, 0x0000000728c00000|  0%| F|  |TS  0|AC  0|TAMS 0x0000000728b00000, 0x0000000728b00000|
|  52|0x0000000728c00000, 0x0000000728c00000, 0x0000000728d00000|  0%| F|  |TS  0|AC  0|TAMS 0x0000000728c00000, 0x0000000728c00000|
|  53|0x0000000728d00000, 0x0000000728d00000, 0x0000000728e00000|  0%| F|  |TS  0|AC  0|TAMS 0x0000000728d00000, 0x0000000728d00000|
|  54|0x0000000728e00000, 0x0000000728e00000, 0x0000000728f00000|  0%| F|  |TS  0|AC  0|TAMS 0x0000000728e00000, 0x0000000728e00000|
|  55|0x0000000728f00000, 0x0000000728f00000, 0x0000000729000000|  0%| F|  |TS  0|AC  0|TAMS 0x0000000728f00000, 0x0000000728f00000|
|  56|0x0000000729000000, 0x0000000729000000, 0x0000000729100000|  0%| F|  |TS  0|AC  0|TAMS 0x0000000729000000, 0x0000000729000000|
|  57|0x0000000729100000, 0x0000000729100000, 0x0000000729200000|  0%| F|  |TS  0|AC  0|TAMS 0x0000000729100000, 0x0000000729100000|
|  58|0x0000000729200000, 0x0000000729200000, 0x0000000729300000|  0%| F|  |TS  0|AC  0|TAMS 0x0000000729200000, 0x0000000729200000|
|  59|0x0000000729300000, 0x0000000729300000, 0x0000000729400000|  0%| F|  |TS  0|AC  0|TAMS 0x0000000729300000, 0x0000000729300000|
|  60|0x0000000729400000, 0x0000000729400000, 0x0000000729500000|  0%| F|  |TS  0|AC  0|TAMS 0x0000000729400000, 0x0000000729400000|
|  61|0x0000000729500000, 0x0000000729500000, 0x0000000729600000|  0%| F|  |TS  0|AC  0|TAMS 0x0000000729500000, 0x0000000729500000|
|  62|0x0000000729600000, 0x0000000729600000, 0x0000000729700000|  0%| F|  |TS  0|AC  0|TAMS 0x0000000729600000, 0x0000000729600000|
|  63|0x0000000729700000, 0x0000000729700000, 0x0000000729800000|  0%| F|  |TS  0|AC  0|TAMS 0x0000000729700000, 0x0000000729700000|
|  64|0x0000000729800000, 0x0000000729800000, 0x0000000729900000|  0%| F|  |TS  0|AC  0|TAMS 0x0000000729800000, 0x0000000729800000|
|  65|0x0000000729900000, 0x0000000729900000, 0x0000000729a00000|  0%| F|  |TS  0|AC  0|TAMS 0x0000000729900000, 0x0000000729900000|
|  66|0x0000000729a00000, 0x0000000729a00000, 0x0000000729b00000|  0%| F|  |TS  0|AC  0|TAMS 0x0000000729a00000, 0x0000000729a00000|
|  67|0x0000000729b00000, 0x0000000729b00000, 0x0000000729c00000|  0%| F|  |TS  0|AC  0|TAMS 0x0000000729b00000, 0x0000000729b00000|
|  68|0x0000000729c00000, 0x0000000729c00000, 0x0000000729d00000|  0%| F|  |TS  0|AC  0|TAMS 0x0000000729c00000, 0x0000000729c00000|
|  69|0x0000000729d00000, 0x0000000729d00000, 0x0000000729e00000|  0%| F|  |TS  0|AC  0|TAMS 0x0000000729d00000, 0x0000000729d00000|
|  70|0x0000000729e00000, 0x0000000729e00000, 0x0000000729f00000|  0%| F|  |TS  0|AC  0|TAMS 0x0000000729e00000, 0x0000000729e00000|
|  71|0x0000000729f00000, 0x0000000729f00000, 0x000000072a000000|  0%| F|  |TS  0|AC  0|TAMS 0x0000000729f00000, 0x0000000729f00000|
|  72|0x000000072a000000, 0x000000072a000000, 0x000000072a100000|  0%| F|  |TS  0|AC  0|TAMS 0x000000072a000000, 0x000000072a000000|
|  73|0x000000072a100000, 0x000000072a100000, 0x000000072a200000|  0%| F|  |TS  0|AC  0|TAMS 0x000000072a100000, 0x000000072a100000|
|  74|0x000000072a200000, 0x000000072a200000, 0x000000072a300000|  0%| F|  |TS  0|AC  0|TAMS 0x000000072a200000, 0x000000072a200000|
|  75|0x000000072a300000, 0x000000072a300000, 0x000000072a400000|  0%| F|  |TS  0|AC  0|TAMS 0x000000072a300000, 0x000000072a300000|
|  76|0x000000072a400000, 0x000000072a400000, 0x000000072a500000|  0%| F|  |TS  0|AC  0|TAMS 0x000000072a400000, 0x000000072a400000|
|  77|0x000000072a500000, 0x000000072a500000, 0x000000072a600000|  0%| F|  |TS  0|AC  0|TAMS 0x000000072a500000, 0x000000072a500000|
|  78|0x000000072a600000, 0x000000072a600000, 0x000000072a700000|  0%| F|  |TS  0|AC  0|TAMS 0x000000072a600000, 0x000000072a600000|
|  79|0x000000072a700000, 0x000000072a700000, 0x000000072a800000|  0%| F|  |TS  0|AC  0|TAMS 0x000000072a700000, 0x000000072a700000|
|  80|0x000000072a800000, 0x000000072a800000, 0x000000072a900000|  0%| F|  |TS  0|AC  0|TAMS 0x000000072a800000, 0x000000072a800000|
|  81|0x000000072a900000, 0x000000072a900000, 0x000000072aa00000|  0%| F|  |TS  0|AC  0|TAMS 0x000000072a900000, 0x000000072a900000|
|  82|0x000000072aa00000, 0x000000072aa00000, 0x000000072ab00000|  0%| F|  |TS  0|AC  0|TAMS 0x000000072aa00000, 0x000000072aa00000|
|  83|0x000000072ab00000, 0x000000072ab00000, 0x000000072ac00000|  0%| F|  |TS  0|AC  0|TAMS 0x000000072ab00000, 0x000000072ab00000|
|  84|0x000000072ac00000, 0x000000072ac00000, 0x000000072ad00000|  0%| F|  |TS  0|AC  0|TAMS 0x000000072ac00000, 0x000000072ac00000|
|  85|0x000000072ad00000, 0x000000072ad00000, 0x000000072ae00000|  0%| F|  |TS  0|AC  0|TAMS 0x000000072ad00000, 0x000000072ad00000|
|  86|0x000000072ae00000, 0x000000072ae00000, 0x000000072af00000|  0%| F|  |TS  0|AC  0|TAMS 0x000000072ae00000, 0x000000072ae00000|
|  87|0x000000072af00000, 0x000000072af00000, 0x000000072b000000|  0%| F|  |TS  0|AC  0|TAMS 0x000000072af00000, 0x000000072af00000|
|  88|0x000000072b000000, 0x000000072b000000, 0x000000072b100000|  0%| F|  |TS  0|AC  0|TAMS 0x000000072b000000, 0x000000072b000000|
|  89|0x000000072b100000, 0x000000072b100000, 0x000000072b200000|  0%| F|  |TS  0|AC  0|TAMS 0x000000072b100000, 0x000000072b100000|
|  90|0x000000072b200000, 0x000000072b200000, 0x000000072b300000|  0%| F|  |TS  0|AC  0|TAMS 0x000000072b200000, 0x000000072b200000|
|  91|0x000000072b300000, 0x000000072b300000, 0x000000072b400000|  0%| F|  |TS  0|AC  0|TAMS 0x000000072b300000, 0x000000072b300000|
|  92|0x000000072b400000, 0x000000072b400000, 0x000000072b500000|  0%| F|  |TS  0|AC  0|TAMS 0x000000072b400000, 0x000000072b400000|
|  93|0x000000072b500000, 0x000000072b500000, 0x000000072b600000|  0%| F|  |TS  0|AC  0|TAMS 0x000000072b500000, 0x000000072b500000|
|  94|0x000000072b600000, 0x000000072b600000, 0x000000072b700000|  0%| F|  |TS  0|AC  0|TAMS 0x000000072b600000, 0x000000072b600000|
|  95|0x000000072b700000, 0x000000072b700000, 0x000000072b800000|  0%| F|  |TS  0|AC  0|TAMS 0x000000072b700000, 0x000000072b700000|
|  96|0x000000072b800000, 0x000000072b800000, 0x000000072b900000|  0%| F|  |TS  0|AC  0|TAMS 0x000000072b800000, 0x000000072b800000|
|  97|0x000000072b900000, 0x000000072b900000, 0x000000072ba00000|  0%| F|  |TS  0|AC  0|TAMS 0x000000072b900000, 0x000000072b900000|
|  98|0x000000072ba00000, 0x000000072ba00000, 0x000000072bb00000|  0%| F|  |TS  0|AC  0|TAMS 0x000000072ba00000, 0x000000072ba00000|
|  99|0x000000072bb00000, 0x000000072bb00000, 0x000000072bc00000|  0%| F|  |TS  0|AC  0|TAMS 0x000000072bb00000, 0x000000072bb00000|
| 100|0x000000072bc00000, 0x000000072bc00000, 0x000000072bd00000|  0%| F|  |TS  0|AC  0|TAMS 0x000000072bc00000, 0x000000072bc00000|
| 101|0x000000072bd00000, 0x000000072bd00000, 0x000000072be00000|  0%| F|  |TS  0|AC  0|TAMS 0x000000072bd00000, 0x000000072bd00000|
| 102|0x000000072be00000, 0x000000072be00000, 0x000000072bf00000|  0%| F|  |TS  0|AC  0|TAMS 0x000000072be00000, 0x000000072be00000|
| 103|0x000000072bf00000, 0x000000072bf00000, 0x000000072c000000|  0%| F|  |TS  0|AC  0|TAMS 0x000000072bf00000, 0x000000072bf00000|
| 104|0x000000072c000000, 0x000000072c000000, 0x000000072c100000|  0%| F|  |TS  0|AC  0|TAMS 0x000000072c000000, 0x000000072c000000|
| 105|0x000000072c100000, 0x000000072c100000, 0x000000072c200000|  0%| F|  |TS  0|AC  0|TAMS 0x000000072c100000, 0x000000072c100000|
| 106|0x000000072c200000, 0x000000072c200000, 0x000000072c300000|  0%| F|  |TS  0|AC  0|TAMS 0x000000072c200000, 0x000000072c200000|
| 107|0x000000072c300000, 0x000000072c300000, 0x000000072c400000|  0%| F|  |TS  0|AC  0|TAMS 0x000000072c300000, 0x000000072c300000|
| 108|0x000000072c400000, 0x000000072c400000, 0x000000072c500000|  0%| F|  |TS  0|AC  0|TAMS 0x000000072c400000, 0x000000072c400000|
| 109|0x000000072c500000, 0x000000072c500000, 0x000000072c600000|  0%| F|  |TS  0|AC  0|TAMS 0x000000072c500000, 0x000000072c500000|
| 110|0x000000072c600000, 0x000000072c600000, 0x000000072c700000|  0%| F|  |TS  0|AC  0|TAMS 0x000000072c600000, 0x000000072c600000|
| 111|0x000000072c700000, 0x000000072c700000, 0x000000072c800000|  0%| F|  |TS  0|AC  0|TAMS 0x000000072c700000, 0x000000072c700000|
| 112|0x000000072c800000, 0x000000072c800000, 0x000000072c900000|  0%| F|  |TS  0|AC  0|TAMS 0x000000072c800000, 0x000000072c800000|
| 113|0x000000072c900000, 0x000000072c900000, 0x000000072ca00000|  0%| F|  |TS  0|AC  0|TAMS 0x000000072c900000, 0x000000072c900000|
| 114|0x000000072ca00000, 0x000000072ca00000, 0x000000072cb00000|  0%| F|  |TS  0|AC  0|TAMS 0x000000072ca00000, 0x000000072ca00000|
| 115|0x000000072cb00000, 0x000000072cb00000, 0x000000072cc00000|  0%| F|  |TS  0|AC  0|TAMS 0x000000072cb00000, 0x000000072cb00000|
| 116|0x000000072cc00000, 0x000000072cc00000, 0x000000072cd00000|  0%| F|  |TS  0|AC  0|TAMS 0x000000072cc00000, 0x000000072cc00000|
| 117|0x000000072cd00000, 0x000000072cd00000, 0x000000072ce00000|  0%| F|  |TS  0|AC  0|TAMS 0x000000072cd00000, 0x000000072cd00000|
| 118|0x000000072ce00000, 0x000000072ce00000, 0x000000072cf00000|  0%| F|  |TS  0|AC  0|TAMS 0x000000072ce00000, 0x000000072ce00000|
| 119|0x000000072cf00000, 0x000000072cf00000, 0x000000072d000000|  0%| F|  |TS  0|AC  0|TAMS 0x000000072cf00000, 0x000000072cf00000|
| 120|0x000000072d000000, 0x000000072d000000, 0x000000072d100000|  0%| F|  |TS  0|AC  0|TAMS 0x000000072d000000, 0x000000072d000000|
| 121|0x000000072d100000, 0x000000072d100000, 0x000000072d200000|  0%| F|  |TS  0|AC  0|TAMS 0x000000072d100000, 0x000000072d100000|
| 122|0x000000072d200000, 0x000000072d200000, 0x000000072d300000|  0%| F|  |TS  0|AC  0|TAMS 0x000000072d200000, 0x000000072d200000|
| 123|0x000000072d300000, 0x000000072d300000, 0x000000072d400000|  0%| F|  |TS  0|AC  0|TAMS 0x000000072d300000, 0x000000072d300000|
| 124|0x000000072d400000, 0x000000072d400000, 0x000000072d500000|  0%| F|  |TS  0|AC  0|TAMS 0x000000072d400000, 0x000000072d400000|
| 125|0x000000072d500000, 0x000000072d500000, 0x000000072d600000|  0%| F|  |TS  0|AC  0|TAMS 0x000000072d500000, 0x000000072d500000|
| 126|0x000000072d600000, 0x000000072d600000, 0x000000072d700000|  0%| F|  |TS  0|AC  0|TAMS 0x000000072d600000, 0x000000072d600000|
| 127|0x000000072d700000, 0x000000072d700000, 0x000000072d800000|  0%| F|  |TS  0|AC  0|TAMS 0x000000072d700000, 0x000000072d700000|
| 128|0x000000072d800000, 0x000000072d800000, 0x000000072d900000|  0%| F|  |TS  0|AC  0|TAMS 0x000000072d800000, 0x000000072d800000|
| 129|0x000000072d900000, 0x000000072d900000, 0x000000072da00000|  0%| F|  |TS  0|AC  0|TAMS 0x000000072d900000, 0x000000072d900000|
| 130|0x000000072da00000, 0x000000072da00000, 0x000000072db00000|  0%| F|  |TS  0|AC  0|TAMS 0x000000072da00000, 0x000000072da00000|
| 131|0x000000072db00000, 0x000000072db00000, 0x000000072dc00000|  0%| F|  |TS  0|AC  0|TAMS 0x000000072db00000, 0x000000072db00000|
| 132|0x000000072dc00000, 0x000000072dc00000, 0x000000072dd00000|  0%| F|  |TS  0|AC  0|TAMS 0x000000072dc00000, 0x000000072dc00000|
| 133|0x000000072dd00000, 0x000000072dd00000, 0x000000072de00000|  0%| F|  |TS  0|AC  0|TAMS 0x000000072dd00000, 0x000000072dd00000|
| 134|0x000000072de00000, 0x000000072de00000, 0x000000072df00000|  0%| F|  |TS  0|AC  0|TAMS 0x000000072de00000, 0x000000072de00000|
| 135|0x000000072df00000, 0x000000072df00000, 0x000000072e000000|  0%| F|  |TS  0|AC  0|TAMS 0x000000072df00000, 0x000000072df00000|
| 136|0x000000072e000000, 0x000000072e000000, 0x000000072e100000|  0%| F|  |TS  0|AC  0|TAMS 0x000000072e000000, 0x000000072e000000|
| 137|0x000000072e100000, 0x000000072e100000, 0x000000072e200000|  0%| F|  |TS  0|AC  0|TAMS 0x000000072e100000, 0x000000072e100000|
| 138|0x000000072e200000, 0x000000072e200000, 0x000000072e300000|  0%| F|  |TS  0|AC  0|TAMS 0x000000072e200000, 0x000000072e200000|
| 139|0x000000072e300000, 0x000000072e300000, 0x000000072e400000|  0%| F|  |TS  0|AC  0|TAMS 0x000000072e300000, 0x000000072e300000|
| 140|0x000000072e400000, 0x000000072e400000, 0x000000072e500000|  0%| F|  |TS  0|AC  0|TAMS 0x000000072e400000, 0x000000072e400000|
| 141|0x000000072e500000, 0x000000072e500000, 0x000000072e600000|  0%| F|  |TS  0|AC  0|TAMS 0x000000072e500000, 0x000000072e500000|
| 142|0x000000072e600000, 0x000000072e6d7908, 0x000000072e700000| 84%| E|  |TS  0|AC  0|TAMS 0x000000072e600000, 0x000000072e600000|
| 143|0x000000072e700000, 0x000000072e800000, 0x000000072e800000|100%| E|CS|TS  0|AC  0|TAMS 0x000000072e700000, 0x000000072e700000|
| 144|0x000000072e800000, 0x000000072e900000, 0x000000072e900000|100%| E|CS|TS  0|AC  0|TAMS 0x000000072e800000, 0x000000072e800000|
| 145|0x000000072e900000, 0x000000072ea00000, 0x000000072ea00000|100%| E|CS|TS  0|AC  0|TAMS 0x000000072e900000, 0x000000072e900000|
| 146|0x000000072ea00000, 0x000000072eb00000, 0x000000072eb00000|100%| E|CS|TS  0|AC  0|TAMS 0x000000072ea00000, 0x000000072ea00000|
| 147|0x000000072eb00000, 0x000000072ec00000, 0x000000072ec00000|100%| E|CS|TS  0|AC  0|TAMS 0x000000072eb00000, 0x000000072eb00000|
| 148|0x000000072ec00000, 0x000000072ed00000, 0x000000072ed00000|100%| E|CS|TS  0|AC  0|TAMS 0x000000072ec00000, 0x000000072ec00000|
| 149|0x000000072ed00000, 0x000000072ee00000, 0x000000072ee00000|100%| E|CS|TS  0|AC  0|TAMS 0x000000072ed00000, 0x000000072ed00000|
| 150|0x000000072ee00000, 0x000000072ef00000, 0x000000072ef00000|100%| E|CS|TS  0|AC  0|TAMS 0x000000072ee00000, 0x000000072ee00000|
| 151|0x000000072ef00000, 0x000000072f000000, 0x000000072f000000|100%| E|CS|TS  0|AC  0|TAMS 0x000000072ef00000, 0x000000072ef00000|
| 152|0x000000072f000000, 0x000000072f100000, 0x000000072f100000|100%| E|CS|TS  0|AC  0|TAMS 0x000000072f000000, 0x000000072f000000|
| 153|0x000000072f100000, 0x000000072f200000, 0x000000072f200000|100%| E|CS|TS  0|AC  0|TAMS 0x000000072f100000, 0x000000072f100000|
| 154|0x000000072f200000, 0x000000072f300000, 0x000000072f300000|100%| E|CS|TS  0|AC  0|TAMS 0x000000072f200000, 0x000000072f200000|
| 155|0x000000072f300000, 0x000000072f400000, 0x000000072f400000|100%| E|CS|TS  0|AC  0|TAMS 0x000000072f300000, 0x000000072f300000|

Card table byte_map: [0x00007f589919b000,0x00007f589966f000] byte_map_base: 0x00007f589586f000

Marking Bits (Prev, Next): (CMBitMap*) 0x00007f58b40641e0, (CMBitMap*) 0x00007f58b4064218
 Prev Bits: [0x00007f5871960000, 0x00007f5874000000)
 Next Bits: [0x00007f586f2c0000, 0x00007f5871960000)

Polling page: 0x00007f58bce54000

CodeHeap 'non-profiled nmethods': size=120032Kb used=539Kb max_used=539Kb free=119492Kb
 bounds [0x00007f58a160b000, 0x00007f58a187b000, 0x00007f58a8b43000]
CodeHeap 'profiled nmethods': size=120032Kb used=3043Kb max_used=3043Kb free=116988Kb
 bounds [0x00007f589a0d3000, 0x00007f589a3d3000, 0x00007f58a160b000]
CodeHeap 'non-nmethods': size=5696Kb used=1379Kb max_used=1393Kb free=4316Kb
 bounds [0x00007f5899b43000, 0x00007f5899db3000, 0x00007f589a0d3000]
 total_blobs=2411 nmethods=1495 adapters=565
 compilation: enabled

Compilation events (10 events):
Event: 7680,082 Thread 0x00007f58b4188800 1490       3       java.lang.ref.ReferenceQueue::reallyPoll (65 bytes)
Event: 7680,082 Thread 0x00007f58b4188800 nmethod 1490 0x00007f589a3c9e10 code [0x00007f589a3c9fe0, 0x00007f589a3ca550]
Event: 11359,295 Thread 0x00007f58b4188800 1491       1       sun.awt.image.VolatileSurfaceManager::getPrimarySurfaceData (5 bytes)
Event: 11359,295 Thread 0x00007f58b4188800 nmethod 1491 0x00007f58a1691710 code [0x00007f58a16918c0, 0x00007f58a16919d0]
Event: 15180,097 Thread 0x00007f58b4188800 1493   !   3       java.lang.ref.ReferenceQueue::remove (125 bytes)
Event: 15180,099 Thread 0x00007f58b4188800 nmethod 1493 0x00007f589a3ca690 code [0x00007f589a3ca8c0, 0x00007f589a3cb178]
Event: 15300,097 Thread 0x00007f58b4188800 1494   !   3       jdk.internal.ref.PhantomCleanable::isListEmpty (34 bytes)
Event: 15300,098 Thread 0x00007f58b4188800 nmethod 1494 0x00007f589a3cb490 code [0x00007f589a3cb640, 0x00007f589a3cb990]
Event: 15300,098 Thread 0x00007f58b4188800 1495       3       jdk.internal.misc.InnocuousThread::eraseThreadLocals (23 bytes)
Event: 15300,099 Thread 0x00007f58b4188800 nmethod 1495 0x00007f589a3cba90 code [0x00007f589a3cbc40, 0x00007f589a3cbe90]

GC Heap History (0 events):
No events

Deoptimization events (9 events):
Event: 0,318 Thread 0x00007f58b4012000 Uncommon trap: reason=unstable_if action=reinterpret pc=0x00007f58a1627b8c method=java.lang.StringLatin1.replace([BCC)Ljava/lang/String; @ 19 c2
Event: 0,429 Thread 0x00007f58b4012000 Uncommon trap: reason=null_check action=make_not_entrant pc=0x00007f58a161b6f4 method=java.lang.String.equals(Ljava/lang/Object;)Z @ 8 c2
Event: 0,623 Thread 0x00007f58b4012000 Uncommon trap: reason=class_check action=maybe_recompile pc=0x00007f58a1653afc method=java.util.HashMap.putVal(ILjava/lang/Object;Ljava/lang/Object;ZZ)Ljava/lang/Object; @ 253 c2
Event: 0,623 Thread 0x00007f58b4012000 Uncommon trap: reason=class_check action=maybe_recompile pc=0x00007f58a1653afc method=java.util.HashMap.putVal(ILjava/lang/Object;Ljava/lang/Object;ZZ)Ljava/lang/Object; @ 253 c2
Event: 0,624 Thread 0x00007f58b4012000 Uncommon trap: reason=class_check action=maybe_recompile pc=0x00007f58a1653afc method=java.util.HashMap.putVal(ILjava/lang/Object;Ljava/lang/Object;ZZ)Ljava/lang/Object; @ 253 c2
Event: 0,624 Thread 0x00007f58b4012000 Uncommon trap: reason=class_check action=maybe_recompile pc=0x00007f58a1653afc method=java.util.HashMap.putVal(ILjava/lang/Object;Ljava/lang/Object;ZZ)Ljava/lang/Object; @ 253 c2
Event: 0,685 Thread 0x00007f58b4012000 Uncommon trap: reason=unstable_if action=reinterpret pc=0x00007f58a1656c2c method=java.lang.AbstractStringBuilder.putStringAt(ILjava/lang/String;)V @ 8 c2
Event: 0,739 Thread 0x00007f58b4012000 Uncommon trap: reason=unstable_if action=reinterpret pc=0x00007f58a161859c method=java.lang.String.charAt(I)C @ 4 c2
Event: 0,766 Thread 0x00007f58b4012000 Uncommon trap: reason=unstable_if action=reinterpret pc=0x00007f58a16357b4 method=jdk.internal.org.objectweb.asm.Type.getArgumentsAndReturnSizes(Ljava/lang/String;)I @ 88 c2

Classes redefined (0 events):
No events

Internal exceptions (10 events):
Event: 0,602 Thread 0x00007f58b4012000 Exception <a 'java/lang/NoSuchMethodError'{0x000000072ea260e8}: java.lang.invoke.DirectMethodHandle$Holder.invokeStatic(Ljava/lang/Object;Ljava/lang/Object;Ljava/lang/Object;Ljava/lang/Object;Ljava/lang/Object;Ljava/lang/Object;Ljava/lang/Object;Ljava/lan
Event: 0,605 Thread 0x00007f58b4012000 Exception <a 'java/lang/NoSuchMethodError'{0x000000072ea34c78}: java.lang.invoke.DirectMethodHandle$Holder.invokeStatic(Ljava/lang/Object;Ljava/lang/Object;Ljava/lang/Object;Ljava/lang/Object;Ljava/lang/Object;Ljava/lang/Object;Ljava/lang/Object;Ljava/lan
Event: 0,607 Thread 0x00007f58b4012000 Exception <a 'java/lang/NoSuchMethodError'{0x000000072ea43cf0}: method resolution failed> (0x000000072ea43cf0) thrown at [/scratch/opt/mach5/mesos/work_dir/slaves/5af44a71-976a-41b7-81de-5773b84ec572-S39643/frameworks/1735e8a2-a1db-478c-8104-60c8b0af87dd-
Event: 0,725 Thread 0x00007f58b4012000 Exception <a 'java/lang/NoSuchMethodError'{0x000000072e9e1210}: java.lang.invoke.DirectMethodHandle$Holder.invokeStatic(Ljava/lang/Object;Ljava/lang/Object;Ljava/lang/Object;Ljava/lang/Object;Ljava/lang/Object;Ljava/lang/Object;Ljava/lang/Object;Ljava/lan
Event: 0,727 Thread 0x00007f58b4012000 Exception <a 'java/lang/NoSuchMethodError'{0x000000072e9ff7a0}: java.lang.invoke.DirectMethodHandle$Holder.invokeStatic(Ljava/lang/Object;Ljava/lang/Object;Ljava/lang/Object;Ljava/lang/Object;Ljava/lang/Object;Ljava/lang/Object;Ljava/lang/Object;Ljava/lan
Event: 0,728 Thread 0x00007f58b4012000 Exception <a 'java/lang/NoSuchMethodError'{0x000000072e81f298}: java.lang.invoke.DirectMethodHandle$Holder.invokeStatic(Ljava/lang/Object;Ljava/lang/Object;Ljava/lang/Object;Ljava/lang/Object;Ljava/lang/Object;Ljava/lang/Object;Ljava/lang/Object;Ljava/lan
Event: 0,731 Thread 0x00007f58b4012000 Exception <a 'java/lang/NoSuchMethodError'{0x000000072e83fe78}: java.lang.invoke.DirectMethodHandle$Holder.invokeStatic(Ljava/lang/Object;Ljava/lang/Object;Ljava/lang/Object;Ljava/lang/Object;Ljava/lang/Object;Ljava/lang/Object;Ljava/lang/Object;Ljava/lan
Event: 0,768 Thread 0x00007f58b4012000 Exception <a 'java/lang/NoSuchMethodError'{0x000000072e886260}: java.lang.Object.lambda$negate$3(I)Z> (0x000000072e886260) thrown at [/scratch/opt/mach5/mesos/work_dir/slaves/5af44a71-976a-41b7-81de-5773b84ec572-S39643/frameworks/1735e8a2-a1db-478c-8104-6
Event: 0,768 Thread 0x00007f58b4012000 Exception <a 'java/lang/NoSuchMethodError'{0x000000072e8895a0}: java.lang.Object.lambda$and$0(Ljava/util/regex/Pattern$CharPredicate;I)Z> (0x000000072e8895a0) thrown at [/scratch/opt/mach5/mesos/work_dir/slaves/5af44a71-976a-41b7-81de-5773b84ec572-S39643/
Event: 0,792 Thread 0x00007f58b4012000 Exception <a 'java/lang/NoSuchMethodError'{0x000000072e8d2e60}: java.lang.Object.lambda$union$2(Ljava/util/regex/Pattern$CharPredicate;I)Z> (0x000000072e8d2e60) thrown at [/scratch/opt/mach5/mesos/work_dir/slaves/5af44a71-976a-41b7-81de-5773b84ec572-S3964

Events (10 events):
Event: 62,533 Executing VM operation: BulkRevokeBias
Event: 62,533 Executing VM operation: BulkRevokeBias done
Event: 62,639 loading class java/util/regex/Pattern$Curly
Event: 62,639 loading class java/util/regex/Pattern$Curly done
Event: 62,639 loading class java/util/regex/Pattern$Loop
Event: 62,639 loading class java/util/regex/Pattern$Loop done
Event: 62,639 loading class java/util/regex/Pattern$Prolog
Event: 62,639 loading class java/util/regex/Pattern$Prolog done
Event: 62,640 loading class java/util/regex/Pattern$2
Event: 62,640 loading class java/util/regex/Pattern$2 done


Dynamic libraries:
00400000-00401000 r-xp 00000000 08:04 1318390                            /usr/lib/jvm/java-9-oracle/bin/java
00600000-00601000 rw-p 00000000 08:04 1318390                            /usr/lib/jvm/java-9-oracle/bin/java
00ad4000-00af5000 rw-p 00000000 00:00 0                                  [heap]
725800000-72f400000 rw-p 00000000 00:00 0 
72f400000-7c0000000 ---p 00000000 00:00 0 
7c0000000-7c0200000 rw-p 00000000 00:00 0 
7c0200000-800000000 ---p 00000000 00:00 0 
7f5810000000-7f581034a000 rw-p 00000000 00:00 0 
7f581034a000-7f5814000000 ---p 00000000 00:00 0 
7f5814000000-7f5814021000 rw-p 00000000 00:00 0 
7f5814021000-7f5818000000 ---p 00000000 00:00 0 
7f5818000000-7f581802c000 rw-p 00000000 00:00 0 
7f581802c000-7f581c000000 ---p 00000000 00:00 0 
7f581c000000-7f581c021000 rw-p 00000000 00:00 0 
7f581c021000-7f5820000000 ---p 00000000 00:00 0 
7f5820000000-7f5820021000 rw-p 00000000 00:00 0 
7f5820021000-7f5824000000 ---p 00000000 00:00 0 
7f5824000000-7f5824021000 rw-p 00000000 00:00 0 
7f5824021000-7f5828000000 ---p 00000000 00:00 0 
7f5828000000-7f5828022000 rw-p 00000000 00:00 0 
7f5828022000-7f582c000000 ---p 00000000 00:00 0 
7f582df6e000-7f582dfae000 rw-p 00000000 00:00 0 
7f582dfae000-7f582e16e000 ---p 00000000 00:00 0 
7f582e16e000-7f582e172000 ---p 00000000 00:00 0 
7f582e172000-7f582e26f000 rw-p 00000000 00:00 0 
7f582e26f000-7f582e273000 ---p 00000000 00:00 0 
7f582e273000-7f582e570000 rw-p 00000000 00:00 0 
7f582e570000-7f582e5de000 r-xp 00000000 08:04 1318801                    /usr/lib/jvm/java-9-oracle/lib/libt2k.so
7f582e5de000-7f582e7dd000 ---p 0006e000 08:04 1318801                    /usr/lib/jvm/java-9-oracle/lib/libt2k.so
7f582e7dd000-7f582e7e4000 rw-p 0006d000 08:04 1318801                    /usr/lib/jvm/java-9-oracle/lib/libt2k.so
7f582e7e4000-7f582e9f6000 rw-p 00000000 00:00 0 
7f582e9f6000-7f582e9fa000 ---p 00000000 00:00 0 
7f582e9fa000-7f582eaf7000 rw-p 00000000 00:00 0 
7f582eaf7000-7f582eafb000 ---p 00000000 00:00 0 
7f582eafb000-7f582edf8000 rw-p 00000000 00:00 0 
7f582edf8000-7f582edfd000 r-xp 00000000 08:04 1320134                    /usr/lib/x86_64-linux-gnu/libXfixes.so.3.1.0
7f582edfd000-7f582effc000 ---p 00005000 08:04 1320134                    /usr/lib/x86_64-linux-gnu/libXfixes.so.3.1.0
7f582effc000-7f582effd000 r--p 00004000 08:04 1320134                    /usr/lib/x86_64-linux-gnu/libXfixes.so.3.1.0
7f582effd000-7f582effe000 rw-p 00005000 08:04 1320134                    /usr/lib/x86_64-linux-gnu/libXfixes.so.3.1.0
7f582effe000-7f582efff000 ---p 00000000 00:00 0 
7f582efff000-7f582f7ff000 rw-p 00000000 00:00 0 
7f582f7ff000-7f582f800000 ---p 00000000 00:00 0 
7f582f800000-7f5830000000 rw-p 00000000 00:00 0 
7f5830000000-7f5830021000 rw-p 00000000 00:00 0 
7f5830021000-7f5834000000 ---p 00000000 00:00 0 
7f583407b000-7f583407f000 ---p 00000000 00:00 0 
7f583407f000-7f583417c000 rw-p 00000000 00:00 0 
7f583417c000-7f5834185000 r-xp 00000000 08:04 1310778                    /usr/lib/x86_64-linux-gnu/libXcursor.so.1.0.2
7f5834185000-7f5834384000 ---p 00009000 08:04 1310778                    /usr/lib/x86_64-linux-gnu/libXcursor.so.1.0.2
7f5834384000-7f5834385000 r--p 00008000 08:04 1310778                    /usr/lib/x86_64-linux-gnu/libXcursor.so.1.0.2
7f5834385000-7f5834386000 rw-p 00009000 08:04 1310778                    /usr/lib/x86_64-linux-gnu/libXcursor.so.1.0.2
7f5834386000-7f583438a000 ---p 00000000 00:00 0 
7f583438a000-7f5834487000 rw-p 00000000 00:00 0 
7f5834487000-7f5834488000 ---p 00000000 00:00 0 
7f5834488000-7f5834c88000 rw-p 00000000 00:00 0 
7f5834c88000-7f5834c93000 r-xp 00000000 08:04 1837347                    /usr/lib/x86_64-linux-gnu/gio/modules/libdconfsettings.so
7f5834c93000-7f5834e93000 ---p 0000b000 08:04 1837347                    /usr/lib/x86_64-linux-gnu/gio/modules/libdconfsettings.so
7f5834e93000-7f5834e94000 r--p 0000b000 08:04 1837347                    /usr/lib/x86_64-linux-gnu/gio/modules/libdconfsettings.so
7f5834e94000-7f5834e95000 rw-p 0000c000 08:04 1837347                    /usr/lib/x86_64-linux-gnu/gio/modules/libdconfsettings.so
7f5834e95000-7f5834f03000 r-xp 00000000 08:04 1578115                    /lib/x86_64-linux-gnu/libpcre.so.3.13.2
7f5834f03000-7f5835103000 ---p 0006e000 08:04 1578115                    /lib/x86_64-linux-gnu/libpcre.so.3.13.2
7f5835103000-7f5835104000 r--p 0006e000 08:04 1578115                    /lib/x86_64-linux-gnu/libpcre.so.3.13.2
7f5835104000-7f5835105000 rw-p 0006f000 08:04 1578115                    /lib/x86_64-linux-gnu/libpcre.so.3.13.2
7f5835105000-7f583510c000 r-xp 00000000 08:04 1320502                    /usr/lib/x86_64-linux-gnu/libffi.so.6.0.4
7f583510c000-7f583530b000 ---p 00007000 08:04 1320502                    /usr/lib/x86_64-linux-gnu/libffi.so.6.0.4
7f583530b000-7f583530c000 r--p 00006000 08:04 1320502                    /usr/lib/x86_64-linux-gnu/libffi.so.6.0.4
7f583530c000-7f583530d000 rw-p 00007000 08:04 1320502                    /usr/lib/x86_64-linux-gnu/libffi.so.6.0.4
7f583530d000-7f5835324000 r-xp 00000000 08:04 1573093                    /lib/x86_64-linux-gnu/libresolv-2.23.so
7f5835324000-7f5835524000 ---p 00017000 08:04 1573093                    /lib/x86_64-linux-gnu/libresolv-2.23.so
7f5835524000-7f5835525000 r--p 00017000 08:04 1573093                    /lib/x86_64-linux-gnu/libresolv-2.23.so
7f5835525000-7f5835526000 rw-p 00018000 08:04 1573093                    /lib/x86_64-linux-gnu/libresolv-2.23.so
7f5835526000-7f5835528000 rw-p 00000000 00:00 0 
7f5835528000-7f5835547000 r-xp 00000000 08:04 1578144                    /lib/x86_64-linux-gnu/libselinux.so.1
7f5835547000-7f5835746000 ---p 0001f000 08:04 1578144                    /lib/x86_64-linux-gnu/libselinux.so.1
7f5835746000-7f5835747000 r--p 0001e000 08:04 1578144                    /lib/x86_64-linux-gnu/libselinux.so.1
7f5835747000-7f5835748000 rw-p 0001f000 08:04 1578144                    /lib/x86_64-linux-gnu/libselinux.so.1
7f5835748000-7f583574a000 rw-p 00000000 00:00 0 
7f583574a000-7f5835859000 r-xp 00000000 08:04 1578630                    /lib/x86_64-linux-gnu/libglib-2.0.so.0.4800.2
7f5835859000-7f5835a58000 ---p 0010f000 08:04 1578630                    /lib/x86_64-linux-gnu/libglib-2.0.so.0.4800.2
7f5835a58000-7f5835a59000 r--p 0010e000 08:04 1578630                    /lib/x86_64-linux-gnu/libglib-2.0.so.0.4800.2
7f5835a59000-7f5835a5a000 rw-p 0010f000 08:04 1578630                    /lib/x86_64-linux-gnu/libglib-2.0.so.0.4800.2
7f5835a5a000-7f5835a5b000 rw-p 00000000 00:00 0 
7f5835a5b000-7f5835a5e000 r-xp 00000000 08:04 1310924                    /usr/lib/x86_64-linux-gnu/libgmodule-2.0.so.0.4800.2
7f5835a5e000-7f5835c5d000 ---p 00003000 08:04 1310924                    /usr/lib/x86_64-linux-gnu/libgmodule-2.0.so.0.4800.2
7f5835c5d000-7f5835c5e000 r--p 00002000 08:04 1310924                    /usr/lib/x86_64-linux-gnu/libgmodule-2.0.so.0.4800.2
7f5835c5e000-7f5835c5f000 rw-p 00003000 08:04 1310924                    /usr/lib/x86_64-linux-gnu/libgmodule-2.0.so.0.4800.2
7f5835c5f000-7f5835cb1000 r-xp 00000000 08:04 1310925                    /usr/lib/x86_64-linux-gnu/libgobject-2.0.so.0.4800.2
7f5835cb1000-7f5835eb0000 ---p 00052000 08:04 1310925                    /usr/lib/x86_64-linux-gnu/libgobject-2.0.so.0.4800.2
7f5835eb0000-7f5835eb1000 r--p 00051000 08:04 1310925                    /usr/lib/x86_64-linux-gnu/libgobject-2.0.so.0.4800.2
7f5835eb1000-7f5835eb2000 rw-p 00052000 08:04 1310925                    /usr/lib/x86_64-linux-gnu/libgobject-2.0.so.0.4800.2
7f5835eb2000-7f5836032000 r-xp 00000000 08:04 1310926                    /usr/lib/x86_64-linux-gnu/libgio-2.0.so.0.4800.2
7f5836032000-7f5836232000 ---p 00180000 08:04 1310926                    /usr/lib/x86_64-linux-gnu/libgio-2.0.so.0.4800.2
7f5836232000-7f5836236000 r--p 00180000 08:04 1310926                    /usr/lib/x86_64-linux-gnu/libgio-2.0.so.0.4800.2
7f5836236000-7f5836238000 rw-p 00184000 08:04 1310926                    /usr/lib/x86_64-linux-gnu/libgio-2.0.so.0.4800.2
7f5836238000-7f583623a000 rw-p 00000000 00:00 0 
7f583623a000-7f5836244000 r-xp 00000000 08:04 1320150                    /usr/lib/x86_64-linux-gnu/libXrandr.so.2.2.0
7f5836244000-7f5836443000 ---p 0000a000 08:04 1320150                    /usr/lib/x86_64-linux-gnu/libXrandr.so.2.2.0
7f5836443000-7f5836444000 r--p 00009000 08:04 1320150                    /usr/lib/x86_64-linux-gnu/libXrandr.so.2.2.0
7f5836444000-7f5836445000 rw-p 0000a000 08:04 1320150                    /usr/lib/x86_64-linux-gnu/libXrandr.so.2.2.0
7f5836445000-7f5836645000 rw-p 00000000 00:00 0 
7f5836645000-7f583671f000 r-xp 00000000 08:04 1319039                    /usr/lib/jvm/java-9-oracle/lib/libfontmanager.so
7f583671f000-7f583691f000 ---p 000da000 08:04 1319039                    /usr/lib/jvm/java-9-oracle/lib/libfontmanager.so
7f583691f000-7f5836924000 rw-p 000da000 08:04 1319039                    /usr/lib/jvm/java-9-oracle/lib/libfontmanager.so
7f5836924000-7f5836937000 rw-p 00000000 00:00 0 
7f5836937000-7f583693c000 r-xp 00000000 08:04 1320130                    /usr/lib/x86_64-linux-gnu/libXdmcp.so.6.0.0
7f583693c000-7f5836b3b000 ---p 00005000 08:04 1320130                    /usr/lib/x86_64-linux-gnu/libXdmcp.so.6.0.0
7f5836b3b000-7f5836b3c000 r--p 00004000 08:04 1320130                    /usr/lib/x86_64-linux-gnu/libXdmcp.so.6.0.0
7f5836b3c000-7f5836b3d000 rw-p 00005000 08:04 1320130                    /usr/lib/x86_64-linux-gnu/libXdmcp.so.6.0.0
7f5836b3d000-7f5836b3f000 r-xp 00000000 08:04 1320119                    /usr/lib/x86_64-linux-gnu/libXau.so.6.0.0
7f5836b3f000-7f5836d3f000 ---p 00002000 08:04 1320119                    /usr/lib/x86_64-linux-gnu/libXau.so.6.0.0
7f5836d3f000-7f5836d40000 r--p 00002000 08:04 1320119                    /usr/lib/x86_64-linux-gnu/libXau.so.6.0.0
7f5836d40000-7f5836d41000 rw-p 00003000 08:04 1320119                    /usr/lib/x86_64-linux-gnu/libXau.so.6.0.0
7f5836d41000-7f5836d62000 r-xp 00000000 08:04 1321497                    /usr/lib/x86_64-linux-gnu/libxcb.so.1.1.0
7f5836d62000-7f5836f61000 ---p 00021000 08:04 1321497                    /usr/lib/x86_64-linux-gnu/libxcb.so.1.1.0
7f5836f61000-7f5836f62000 r--p 00020000 08:04 1321497                    /usr/lib/x86_64-linux-gnu/libxcb.so.1.1.0
7f5836f62000-7f5836f63000 rw-p 00021000 08:04 1321497                    /usr/lib/x86_64-linux-gnu/libxcb.so.1.1.0
7f5836f63000-7f5836f72000 r-xp 00000000 08:04 1320140                    /usr/lib/x86_64-linux-gnu/libXi.so.6.1.0
7f5836f72000-7f5837171000 ---p 0000f000 08:04 1320140                    /usr/lib/x86_64-linux-gnu/libXi.so.6.1.0
7f5837171000-7f5837172000 r--p 0000e000 08:04 1320140                    /usr/lib/x86_64-linux-gnu/libXi.so.6.1.0
7f5837172000-7f5837173000 rw-p 0000f000 08:04 1320140                    /usr/lib/x86_64-linux-gnu/libXi.so.6.1.0
7f5837173000-7f5837178000 r-xp 00000000 08:04 1320158                    /usr/lib/x86_64-linux-gnu/libXtst.so.6.1.0
7f5837178000-7f5837377000 ---p 00005000 08:04 1320158                    /usr/lib/x86_64-linux-gnu/libXtst.so.6.1.0
7f5837377000-7f5837378000 r--p 00004000 08:04 1320158                    /usr/lib/x86_64-linux-gnu/libXtst.so.6.1.0
7f5837378000-7f5837379000 rw-p 00005000 08:04 1320158                    /usr/lib/x86_64-linux-gnu/libXtst.so.6.1.0
7f5837379000-7f5837382000 r-xp 00000000 08:04 1320152                    /usr/lib/x86_64-linux-gnu/libXrender.so.1.3.0
7f5837382000-7f5837581000 ---p 00009000 08:04 1320152                    /usr/lib/x86_64-linux-gnu/libXrender.so.1.3.0
7f5837581000-7f5837582000 r--p 00008000 08:04 1320152                    /usr/lib/x86_64-linux-gnu/libXrender.so.1.3.0
7f5837582000-7f5837583000 rw-p 00009000 08:04 1320152                    /usr/lib/x86_64-linux-gnu/libXrender.so.1.3.0
7f5837583000-7f58376b8000 r-xp 00000000 08:04 1312195                    /usr/lib/x86_64-linux-gnu/libX11.so.6.3.0
7f58376b8000-7f58378b8000 ---p 00135000 08:04 1312195                    /usr/lib/x86_64-linux-gnu/libX11.so.6.3.0
7f58378b8000-7f58378b9000 r--p 00135000 08:04 1312195                    /usr/lib/x86_64-linux-gnu/libX11.so.6.3.0
7f58378b9000-7f58378bd000 rw-p 00136000 08:04 1312195                    /usr/lib/x86_64-linux-gnu/libX11.so.6.3.0
7f58378bd000-7f58378ce000 r-xp 00000000 08:04 1320132                    /usr/lib/x86_64-linux-gnu/libXext.so.6.4.0
7f58378ce000-7f5837acd000 ---p 00011000 08:04 1320132                    /usr/lib/x86_64-linux-gnu/libXext.so.6.4.0
7f5837acd000-7f5837ace000 r--p 00010000 08:04 1320132                    /usr/lib/x86_64-linux-gnu/libXext.so.6.4.0
7f5837ace000-7f5837acf000 rw-p 00011000 08:04 1320132                    /usr/lib/x86_64-linux-gnu/libXext.so.6.4.0
7f5837acf000-7f5837b2d000 r-xp 00000000 08:04 1318793                    /usr/lib/jvm/java-9-oracle/lib/libawt_xawt.so
7f5837b2d000-7f5837d2d000 ---p 0005e000 08:04 1318793                    /usr/lib/jvm/java-9-oracle/lib/libawt_xawt.so
7f5837d2d000-7f5837d30000 rw-p 0005e000 08:04 1318793                    /usr/lib/jvm/java-9-oracle/lib/libawt_xawt.so
7f5837d30000-7f5837d32000 rw-p 00000000 00:00 0 
7f5837d32000-7f5837dd0000 r-xp 00000000 08:04 1319112                    /usr/lib/jvm/java-9-oracle/lib/libawt.so
7f5837dd0000-7f5837fd0000 ---p 0009e000 08:04 1319112                    /usr/lib/jvm/java-9-oracle/lib/libawt.so
7f5837fd0000-7f5837fdc000 rw-p 0009e000 08:04 1319112                    /usr/lib/jvm/java-9-oracle/lib/libawt.so
7f5837fdc000-7f5838000000 rw-p 00000000 00:00 0 
7f5838000000-7f5838021000 rw-p 00000000 00:00 0 
7f5838021000-7f583c000000 ---p 00000000 00:00 0 
7f583c000000-7f583c021000 rw-p 00000000 00:00 0 
7f583c021000-7f5840000000 ---p 00000000 00:00 0 
7f5840000000-7f5840021000 rw-p 00000000 00:00 0 
7f5840021000-7f5844000000 ---p 00000000 00:00 0 
7f5844000000-7f5844334000 rw-p 00000000 00:00 0 
7f5844334000-7f5848000000 ---p 00000000 00:00 0 
7f5848000000-7f584850e000 rw-p 00000000 00:00 0 
7f584850e000-7f584c000000 ---p 00000000 00:00 0 
7f584c000000-7f584c526000 rw-p 00000000 00:00 0 
7f584c526000-7f5850000000 ---p 00000000 00:00 0 
7f5850000000-7f5850021000 rw-p 00000000 00:00 0 
7f5850021000-7f5854000000 ---p 00000000 00:00 0 
7f5854000000-7f5854bff000 rw-p 00000000 00:00 0 
7f5854bff000-7f5858000000 ---p 00000000 00:00 0 
7f5858000000-7f5858021000 rw-p 00000000 00:00 0 
7f5858021000-7f585c000000 ---p 00000000 00:00 0 
7f585c000000-7f585c021000 rw-p 00000000 00:00 0 
7f585c021000-7f5860000000 ---p 00000000 00:00 0 
7f5860000000-7f5860021000 rw-p 00000000 00:00 0 
7f5860021000-7f5864000000 ---p 00000000 00:00 0 
7f5864000000-7f5864029000 rw-p 00000000 00:00 0 
7f5864029000-7f5868000000 ---p 00000000 00:00 0 
7f5868000000-7f5868021000 rw-p 00000000 00:00 0 
7f5868021000-7f586c000000 ---p 00000000 00:00 0 
7f586c005000-7f586c010000 r--s 00000000 08:04 3410850                    /var/cache/fontconfig/945677eb7aeaf62f1d50efc3fb3ec7d8-le64.cache-6
7f586c010000-7f586c016000 r--s 00000000 08:04 3412758                    /var/cache/fontconfig/2cd17615ca594fa2959ae173292e504c-le64.cache-6
7f586c016000-7f586c017000 r--s 00000000 08:04 3412757                    /var/cache/fontconfig/0d8c3b2ac0904cb8a57a757ad11a4a08-le64.cache-6
7f586c017000-7f586c01b000 r--s 00000000 08:04 3412818                    /var/cache/fontconfig/de156ccd2eddbdc19d37a45b8b2aac9c-le64.cache-6
7f586c01b000-7f586c030000 r--s 00000000 08:04 3412756                    /var/cache/fontconfig/04aabc0a78ac019cf9454389977116d2-le64.cache-6
7f586c030000-7f586c031000 r--s 00000000 08:04 3412755                    /var/cache/fontconfig/1ac9eb803944fde146138c791f5cc56a-le64.cache-6
7f586c031000-7f586c035000 r--s 00000000 08:04 3412754                    /var/cache/fontconfig/385c0604a188198f04d133e54aba7fe7-le64.cache-6
7f586c035000-7f586c036000 r--s 00000000 08:04 3412753                    /var/cache/fontconfig/dc05db6664285cc2f12bf69c139ae4c3-le64.cache-6
7f586c036000-7f586c039000 r--s 00000000 08:04 3412149                    /var/cache/fontconfig/767a8244fc0220cfb567a839d0392e0b-le64.cache-6
7f586c039000-7f586c03a000 r--s 00000000 08:04 3424041                    /var/cache/fontconfig/4794a0821666d79190d59a36cb4f44b5-le64.cache-6
7f586c03a000-7f586c03f000 r--s 00000000 08:04 3412751                    /var/cache/fontconfig/8801497958630a81b71ace7c5f9b32a8-le64.cache-6
7f586c03f000-7f586c043000 r--s 00000000 08:04 3412198                    /var/cache/fontconfig/c57959a16110560c8d0fcea73374aeeb-le64.cache-6
7f586c043000-7f586c044000 r--s 00000000 08:04 3412750                    /var/cache/fontconfig/bab58bb527bb656aaa9f116d68a48d89-le64.cache-6
7f586c044000-7f586c04b000 r--s 00000000 08:04 3412749                    /var/cache/fontconfig/3047814df9a2f067bd2d96a2b9c36e5a-le64.cache-6
7f586c04b000-7f586c051000 r--s 00000000 08:04 3412746                    /var/cache/fontconfig/b47c4e1ecd0709278f4910c18777a504-le64.cache-6
7f586c051000-7f586c064000 r--s 00000000 08:04 3412745                    /var/cache/fontconfig/d52a8644073d54c13679302ca1180695-le64.cache-6
7f586c064000-7f586c06f000 r--s 00000000 08:04 3412296                    /var/cache/fontconfig/83bf95040141907cd45bb53cf7c1c148-le64.cache-6
7f586c06f000-7f586c081000 r--s 00000000 08:04 3410268                    /var/cache/fontconfig/9b89f8e3dae116d678bbf48e5f21f69b-le64.cache-6
7f586c081000-7f586c09a000 r--p 00000000 08:04 2232792                    /usr/share/locale-langpack/pt/LC_MESSAGES/libc.mo
7f586c09a000-7f586c0b3000 r--p 00000000 08:04 2232692                    /usr/share/locale-langpack/pt/LC_MESSAGES/glib20.mo
7f586c0b3000-7f586c0b4000 ---p 00000000 00:00 0 
7f586c0b4000-7f586c1b4000 rw-p 00000000 00:00 0 
7f586c1b4000-7f586c1b8000 ---p 00000000 00:00 0 
7f586c1b8000-7f586c2b5000 rw-p 00000000 00:00 0 
7f586c2b5000-7f586c2b9000 ---p 00000000 00:00 0 
7f586c2b9000-7f586c3b6000 rw-p 00000000 00:00 0 
7f586c3b6000-7f586c3cc000 r-xp 00000000 08:04 1318906                    /usr/lib/jvm/java-9-oracle/lib/libnet.so
7f586c3cc000-7f586c5cc000 ---p 00016000 08:04 1318906                    /usr/lib/jvm/java-9-oracle/lib/libnet.so
7f586c5cc000-7f586c5cd000 rw-p 00016000 08:04 1318906                    /usr/lib/jvm/java-9-oracle/lib/libnet.so
7f586c5cd000-7f586c5dd000 r-xp 00000000 08:04 1319123                    /usr/lib/jvm/java-9-oracle/lib/libnio.so
7f586c5dd000-7f586c7dd000 ---p 00010000 08:04 1319123                    /usr/lib/jvm/java-9-oracle/lib/libnio.so
7f586c7dd000-7f586c7de000 rw-p 00010000 08:04 1319123                    /usr/lib/jvm/java-9-oracle/lib/libnio.so
7f586c7de000-7f586c7e2000 ---p 00000000 00:00 0 
7f586c7e2000-7f586c8df000 rw-p 00000000 00:00 0 
7f586c8df000-7f586c8e3000 ---p 00000000 00:00 0 
7f586c8e3000-7f586c9e0000 rw-p 00000000 00:00 0 
7f586c9e0000-7f586c9e4000 ---p 00000000 00:00 0 
7f586c9e4000-7f586cae1000 rw-p 00000000 00:00 0 
7f586cae1000-7f586cae5000 ---p 00000000 00:00 0 
7f586cae5000-7f586cbe2000 rw-p 00000000 00:00 0 
7f586cbe2000-7f586cbe6000 ---p 00000000 00:00 0 
7f586cbe6000-7f586cce3000 rw-p 00000000 00:00 0 
7f586cce3000-7f586cfbd000 r--p 00000000 08:04 1311835                    /usr/lib/locale/locale-archive
7f586cfbd000-7f586cfc1000 ---p 00000000 00:00 0 
7f586cfc1000-7f586d0be000 rw-p 00000000 00:00 0 
7f586d0be000-7f586d0c2000 ---p 00000000 00:00 0 
7f586d0c2000-7f586d1bf000 rw-p 00000000 00:00 0 
7f586d1bf000-7f586d1c0000 ---p 00000000 00:00 0 
7f586d1c0000-7f586d2c0000 rw-p 00000000 00:00 0 
7f586d2c0000-7f586f2c0000 rwxp 00000000 00:00 0 
7f586f2c0000-7f586f530000 rw-p 00000000 00:00 0 
7f586f530000-7f5871960000 ---p 00000000 00:00 0 
7f5871960000-7f5871bd0000 rw-p 00000000 00:00 0 
7f5871bd0000-7f5874000000 ---p 00000000 00:00 0 
7f5874000000-7f5874021000 rw-p 00000000 00:00 0 
7f5874021000-7f5878000000 ---p 00000000 00:00 0 
7f5878000000-7f5878021000 rw-p 00000000 00:00 0 
7f5878021000-7f587c000000 ---p 00000000 00:00 0 
7f587c000000-7f587c021000 rw-p 00000000 00:00 0 
7f587c021000-7f5880000000 ---p 00000000 00:00 0 
7f5880000000-7f5880021000 rw-p 00000000 00:00 0 
7f5880021000-7f5884000000 ---p 00000000 00:00 0 
7f5884000000-7f5884021000 rw-p 00000000 00:00 0 
7f5884021000-7f5888000000 ---p 00000000 00:00 0 
7f5888000000-7f5888021000 rw-p 00000000 00:00 0 
7f5888021000-7f588c000000 ---p 00000000 00:00 0 
7f588c000000-7f588c021000 rw-p 00000000 00:00 0 
7f588c021000-7f5890000000 ---p 00000000 00:00 0 
7f5890000000-7f5890021000 rw-p 00000000 00:00 0 
7f5890021000-7f5894000000 ---p 00000000 00:00 0 
7f5894000000-7f5894021000 rw-p 00000000 00:00 0 
7f5894021000-7f5898000000 ---p 00000000 00:00 0 
7f5898000000-7f5898001000 r--s 00000000 08:04 3412748                    /var/cache/fontconfig/56cf4f4769d0f4abc89a4895d7bd3ae1-le64.cache-6
7f5898001000-7f5898005000 r--s 00000000 08:04 3412743                    /var/cache/fontconfig/d589a48862398ed80a3d6066f4f56f4c-le64.cache-6
7f5898005000-7f5898012000 r--s 00000000 08:04 3410436                    /var/cache/fontconfig/e13b20fdb08344e0e664864cc2ede53d-le64.cache-6
7f5898012000-7f5898058000 r--p 00000000 08:04 2490813                    /usr/share/glib-2.0/schemas/gschemas.compiled
7f5898058000-7f5898071000 r--p 00000000 08:04 2233121                    /usr/share/locale-langpack/pt_BR/LC_MESSAGES/glib20.mo
7f5898071000-7f5898092000 r--p 00000000 08:04 2233224                    /usr/share/locale-langpack/pt_BR/LC_MESSAGES/libc.mo
7f5898092000-7f58988c3000 rw-p 00000000 00:00 0 
7f58988c3000-7f5898d15000 rw-p 00000000 00:00 0 
7f5898d15000-7f589919b000 ---p 00000000 00:00 0 
7f589919b000-7f58991e9000 rw-p 00000000 00:00 0 
7f58991e9000-7f5899b43000 ---p 00000000 00:00 0 
7f5899b43000-7f5899db3000 rwxp 00000000 00:00 0 
7f5899db3000-7f589a0d3000 ---p 00000000 00:00 0 
7f589a0d3000-7f589a3d3000 rwxp 00000000 00:00 0 
7f589a3d3000-7f58a160b000 ---p 00000000 00:00 0 
7f58a160b000-7f58a187b000 rwxp 00000000 00:00 0 
7f58a187b000-7f58a8b43000 ---p 00000000 00:00 0 
7f58a8b43000-7f58b4000000 r--s 00000000 08:04 1319087                    /usr/lib/jvm/java-9-oracle/lib/modules
7f58b4000000-7f58b46ad000 rw-p 00000000 00:00 0 
7f58b46ad000-7f58b8000000 ---p 00000000 00:00 0 
7f58b8000000-7f58b8001000 r--s 00000000 08:04 3412747                    /var/cache/fontconfig/b9d506c9ac06c20b433354fa67a72993-le64.cache-6
7f58b8001000-7f58b8002000 r--s 00000000 08:04 3412744                    /var/cache/fontconfig/551ecf3b0e8b0bca0f25c0944f561853-le64.cache-6
7f58b8002000-7f58b8003000 r--s 00000000 08:04 3412742                    /var/cache/fontconfig/30829fa25452a46451e813d634d7f916-le64.cache-6
7f58b8003000-7f58b8004000 r--s 00000000 08:04 3412741                    /var/cache/fontconfig/0c9eb80ebd1c36541ebe2852d3bb0c49-le64.cache-6
7f58b8004000-7f58b8007000 r--s 00000000 08:04 3412736                    /var/cache/fontconfig/75114ca45c98e8a441da0ff356701271-le64.cache-6
7f58b8007000-7f58b800e000 r--p 00000000 08:04 3703235                    /home/cristiano/.config/dconf/user
7f58b800e000-7f58b8084000 rw-p 00000000 00:00 0 
7f58b8084000-7f58b8085000 ---p 00000000 00:00 0 
7f58b8085000-7f58b8185000 rw-p 00000000 00:00 0 
7f58b8185000-7f58b8186000 ---p 00000000 00:00 0 
7f58b8186000-7f58b836f000 rw-p 00000000 00:00 0 
7f58b836f000-7f58b87f5000 ---p 00000000 00:00 0 
7f58b87f5000-7f58b87f6000 ---p 00000000 00:00 0 
7f58b87f6000-7f58b88f6000 rw-p 00000000 00:00 0 
7f58b88f6000-7f58b88f7000 ---p 00000000 00:00 0 
7f58b88f7000-7f58b89f7000 rw-p 00000000 00:00 0 
7f58b89f7000-7f58b89f8000 ---p 00000000 00:00 0 
7f58b89f8000-7f58b8af8000 rw-p 00000000 00:00 0 
7f58b8af8000-7f58b8af9000 ---p 00000000 00:00 0 
7f58b8af9000-7f58b8bf9000 rw-p 00000000 00:00 0 
7f58b8bf9000-7f58b8bfa000 ---p 00000000 00:00 0 
7f58b8bfa000-7f58b90fe000 rw-p 00000000 00:00 0 
7f58b90fe000-7f58b90ff000 ---p 00000000 00:00 0 
7f58b90ff000-7f58b91ff000 rw-p 00000000 00:00 0 
7f58b91ff000-7f58b9200000 ---p 00000000 00:00 0 
7f58b9200000-7f58b9300000 rw-p 00000000 00:00 0 
7f58b9300000-7f58b9301000 ---p 00000000 00:00 0 
7f58b9301000-7f58b9401000 rw-p 00000000 00:00 0 
7f58b9401000-7f58b9402000 ---p 00000000 00:00 0 
7f58b9402000-7f58b9507000 rw-p 00000000 00:00 0 
7f58b9507000-7f58b95ed000 ---p 00000000 00:00 0 
7f58b95ed000-7f58b95f3000 rw-p 00000000 00:00 0 
7f58b95f3000-7f58b96d8000 ---p 00000000 00:00 0 
7f58b96d8000-7f58b96f2000 r-xp 00000000 08:04 1318807                    /usr/lib/jvm/java-9-oracle/lib/libjimage.so
7f58b96f2000-7f58b98f1000 ---p 0001a000 08:04 1318807                    /usr/lib/jvm/java-9-oracle/lib/libjimage.so
7f58b98f1000-7f58b98f3000 rw-p 00019000 08:04 1318807                    /usr/lib/jvm/java-9-oracle/lib/libjimage.so
7f58b98f3000-7f58b9905000 rw-p 00000000 00:00 0 
7f58b9905000-7f58b990c000 r-xp 00000000 08:04 1324894                    /usr/lib/jvm/java-9-oracle/lib/libzip.so
7f58b990c000-7f58b9b0b000 ---p 00007000 08:04 1324894                    /usr/lib/jvm/java-9-oracle/lib/libzip.so
7f58b9b0b000-7f58b9b0c000 rw-p 00006000 08:04 1324894                    /usr/lib/jvm/java-9-oracle/lib/libzip.so
7f58b9b0c000-7f58b9b17000 r-xp 00000000 08:04 1573102                    /lib/x86_64-linux-gnu/libnss_files-2.23.so
7f58b9b17000-7f58b9d16000 ---p 0000b000 08:04 1573102                    /lib/x86_64-linux-gnu/libnss_files-2.23.so
7f58b9d16000-7f58b9d17000 r--p 0000a000 08:04 1573102                    /lib/x86_64-linux-gnu/libnss_files-2.23.so
7f58b9d17000-7f58b9d18000 rw-p 0000b000 08:04 1573102                    /lib/x86_64-linux-gnu/libnss_files-2.23.so
7f58b9d18000-7f58b9d1e000 rw-p 00000000 00:00 0 
7f58b9d1e000-7f58b9d29000 r-xp 00000000 08:04 1573106                    /lib/x86_64-linux-gnu/libnss_nis-2.23.so
7f58b9d29000-7f58b9f28000 ---p 0000b000 08:04 1573106                    /lib/x86_64-linux-gnu/libnss_nis-2.23.so
7f58b9f28000-7f58b9f29000 r--p 0000a000 08:04 1573106                    /lib/x86_64-linux-gnu/libnss_nis-2.23.so
7f58b9f29000-7f58b9f2a000 rw-p 0000b000 08:04 1573106                    /lib/x86_64-linux-gnu/libnss_nis-2.23.so
7f58b9f2a000-7f58b9f40000 r-xp 00000000 08:04 1573086                    /lib/x86_64-linux-gnu/libnsl-2.23.so
7f58b9f40000-7f58ba13f000 ---p 00016000 08:04 1573086                    /lib/x86_64-linux-gnu/libnsl-2.23.so
7f58ba13f000-7f58ba140000 r--p 00015000 08:04 1573086                    /lib/x86_64-linux-gnu/libnsl-2.23.so
7f58ba140000-7f58ba141000 rw-p 00016000 08:04 1573086                    /lib/x86_64-linux-gnu/libnsl-2.23.so
7f58ba141000-7f58ba143000 rw-p 00000000 00:00 0 
7f58ba143000-7f58ba14b000 r-xp 00000000 08:04 1573097                    /lib/x86_64-linux-gnu/libnss_compat-2.23.so
7f58ba14b000-7f58ba34a000 ---p 00008000 08:04 1573097                    /lib/x86_64-linux-gnu/libnss_compat-2.23.so
7f58ba34a000-7f58ba34b000 r--p 00007000 08:04 1573097                    /lib/x86_64-linux-gnu/libnss_compat-2.23.so
7f58ba34b000-7f58ba34c000 rw-p 00008000 08:04 1573097                    /lib/x86_64-linux-gnu/libnss_compat-2.23.so
7f58ba34c000-7f58ba377000 r-xp 00000000 08:04 1318890                    /usr/lib/jvm/java-9-oracle/lib/libjava.so
7f58ba377000-7f58ba576000 ---p 0002b000 08:04 1318890                    /usr/lib/jvm/java-9-oracle/lib/libjava.so
7f58ba576000-7f58ba578000 rw-p 0002a000 08:04 1318890                    /usr/lib/jvm/java-9-oracle/lib/libjava.so
7f58ba578000-7f58ba585000 r-xp 00000000 08:04 1318959                    /usr/lib/jvm/java-9-oracle/lib/libverify.so
7f58ba585000-7f58ba784000 ---p 0000d000 08:04 1318959                    /usr/lib/jvm/java-9-oracle/lib/libverify.so
7f58ba784000-7f58ba786000 rw-p 0000c000 08:04 1318959                    /usr/lib/jvm/java-9-oracle/lib/libverify.so
7f58ba786000-7f58ba78d000 r-xp 00000000 08:04 1573107                    /lib/x86_64-linux-gnu/librt-2.23.so
7f58ba78d000-7f58ba98c000 ---p 00007000 08:04 1573107                    /lib/x86_64-linux-gnu/librt-2.23.so
7f58ba98c000-7f58ba98d000 r--p 00006000 08:04 1573107                    /lib/x86_64-linux-gnu/librt-2.23.so
7f58ba98d000-7f58ba98e000 rw-p 00007000 08:04 1573107                    /lib/x86_64-linux-gnu/librt-2.23.so
7f58ba98e000-7f58baa96000 r-xp 00000000 08:04 1573085                    /lib/x86_64-linux-gnu/libm-2.23.so
7f58baa96000-7f58bac95000 ---p 00108000 08:04 1573085                    /lib/x86_64-linux-gnu/libm-2.23.so
7f58bac95000-7f58bac96000 r--p 00107000 08:04 1573085                    /lib/x86_64-linux-gnu/libm-2.23.so
7f58bac96000-7f58bac97000 rw-p 00108000 08:04 1573085                    /lib/x86_64-linux-gnu/libm-2.23.so
7f58bac97000-7f58bbcac000 r-xp 00000000 08:04 1324899                    /usr/lib/jvm/java-9-oracle/lib/server/libjvm.so
7f58bbcac000-7f58bbeab000 ---p 01015000 08:04 1324899                    /usr/lib/jvm/java-9-oracle/lib/server/libjvm.so
7f58bbeab000-7f58bbf7c000 r--p 01014000 08:04 1324899                    /usr/lib/jvm/java-9-oracle/lib/server/libjvm.so
7f58bbf7c000-7f58bbfb3000 rw-p 010e5000 08:04 1324899                    /usr/lib/jvm/java-9-oracle/lib/server/libjvm.so
7f58bbfb3000-7f58bc01c000 rw-p 00000000 00:00 0 
7f58bc01c000-7f58bc1dc000 r-xp 00000000 08:04 1573089                    /lib/x86_64-linux-gnu/libc-2.23.so
7f58bc1dc000-7f58bc3dc000 ---p 001c0000 08:04 1573089                    /lib/x86_64-linux-gnu/libc-2.23.so
7f58bc3dc000-7f58bc3e0000 r--p 001c0000 08:04 1573089                    /lib/x86_64-linux-gnu/libc-2.23.so
7f58bc3e0000-7f58bc3e2000 rw-p 001c4000 08:04 1573089                    /lib/x86_64-linux-gnu/libc-2.23.so
7f58bc3e2000-7f58bc3e6000 rw-p 00000000 00:00 0 
7f58bc3e6000-7f58bc3e9000 r-xp 00000000 08:04 1573091                    /lib/x86_64-linux-gnu/libdl-2.23.so
7f58bc3e9000-7f58bc5e8000 ---p 00003000 08:04 1573091                    /lib/x86_64-linux-gnu/libdl-2.23.so
7f58bc5e8000-7f58bc5e9000 r--p 00002000 08:04 1573091                    /lib/x86_64-linux-gnu/libdl-2.23.so
7f58bc5e9000-7f58bc5ea000 rw-p 00003000 08:04 1573091                    /lib/x86_64-linux-gnu/libdl-2.23.so
7f58bc5ea000-7f58bc5f8000 r-xp 00000000 08:04 1324907                    /usr/lib/jvm/java-9-oracle/lib/jli/libjli.so
7f58bc5f8000-7f58bc7f8000 ---p 0000e000 08:04 1324907                    /usr/lib/jvm/java-9-oracle/lib/jli/libjli.so
7f58bc7f8000-7f58bc7f9000 rw-p 0000e000 08:04 1324907                    /usr/lib/jvm/java-9-oracle/lib/jli/libjli.so
7f58bc7f9000-7f58bc811000 r-xp 00000000 08:04 1573088                    /lib/x86_64-linux-gnu/libpthread-2.23.so
7f58bc811000-7f58bca10000 ---p 00018000 08:04 1573088                    /lib/x86_64-linux-gnu/libpthread-2.23.so
7f58bca10000-7f58bca11000 r--p 00017000 08:04 1573088                    /lib/x86_64-linux-gnu/libpthread-2.23.so
7f58bca11000-7f58bca12000 rw-p 00018000 08:04 1573088                    /lib/x86_64-linux-gnu/libpthread-2.23.so
7f58bca12000-7f58bca16000 rw-p 00000000 00:00 0 
7f58bca16000-7f58bca2f000 r-xp 00000000 08:04 1577959                    /lib/x86_64-linux-gnu/libz.so.1.2.8
7f58bca2f000-7f58bcc2e000 ---p 00019000 08:04 1577959                    /lib/x86_64-linux-gnu/libz.so.1.2.8
7f58bcc2e000-7f58bcc2f000 r--p 00018000 08:04 1577959                    /lib/x86_64-linux-gnu/libz.so.1.2.8
7f58bcc2f000-7f58bcc30000 rw-p 00019000 08:04 1577959                    /lib/x86_64-linux-gnu/libz.so.1.2.8
7f58bcc30000-7f58bcc56000 r-xp 00000000 08:04 1573087                    /lib/x86_64-linux-gnu/ld-2.23.so
7f58bcc56000-7f58bcc5d000 r--s 00000000 08:04 1849289                    /usr/lib/x86_64-linux-gnu/gconv/gconv-modules.cache
7f58bcc5d000-7f58bcd33000 rw-p 00000000 00:00 0 
7f58bcd33000-7f58bcd38000 ---p 00000000 00:00 0 
7f58bcd38000-7f58bce39000 rw-p 00000000 00:00 0 
7f58bce39000-7f58bce3d000 r--s 00000000 08:04 3410431                    /var/cache/fontconfig/7ef2298fde41cc6eeb7af42e48b7d293-le64.cache-6
7f58bce3d000-7f58bce3e000 r--s 00000000 00:2b 40                         /run/user/1000/dconf/user
7f58bce3e000-7f58bce44000 rw-p 00000000 00:00 0 
7f58bce44000-7f58bce4b000 ---p 00000000 00:00 0 
7f58bce4b000-7f58bce53000 rw-s 00000000 08:04 408101                     /tmp/hsperfdata_cristiano/6653
7f58bce53000-7f58bce54000 rw-p 00000000 00:00 0 
7f58bce54000-7f58bce55000 r--p 00000000 00:00 0 
7f58bce55000-7f58bce56000 r--p 00025000 08:04 1573087                    /lib/x86_64-linux-gnu/ld-2.23.so
7f58bce56000-7f58bce57000 rw-p 00026000 08:04 1573087                    /lib/x86_64-linux-gnu/ld-2.23.so
7f58bce57000-7f58bce58000 rw-p 00000000 00:00 0 
7ffdf1c59000-7ffdf1c7a000 rw-p 00000000 00:00 0                          [stack]
7ffdf1d77000-7ffdf1d7a000 r--p 00000000 00:00 0                          [vvar]
7ffdf1d7a000-7ffdf1d7c000 r-xp 00000000 00:00 0                          [vdso]
ffffffffff600000-ffffffffff601000 r-xp 00000000 00:00 0                  [vsyscall]

VM Arguments:
java_command: TicTacToeClientTest
java_class_path (initial): .
Launcher Type: SUN_STANDARD

Logging:
Log output configuration:
#0: stdout all=warning uptime,level,tags
#1: stderr all=off uptime,level,tags

Environment Variables:
JAVA_HOME=/usr/lib/jvm/java-9-oracle
PATH=/home/cristiano/bin:/home/cristiano/.local/bin:/opt/apache-maven/bin:/usr/local/sbin:/usr/local/bin:/usr/sbin:/usr/bin:/sbin:/bin:/usr/games:/usr/local/games:/snap/bin:/usr/lib/jvm/java-9-oracle/bin:/usr/lib/jvm/java-9-oracle/db/bin:/opt/gradle/gradle-4.9/bin
SHELL=/bin/bash
DISPLAY=:0

Signal Handlers:
SIGSEGV: [libjvm.so+0xd4d370], sa_mask[0]=11111111011111111101111111111110, sa_flags=SA_RESTART|SA_SIGINFO
SIGBUS: [libjvm.so+0xd4d370], sa_mask[0]=11111111011111111101111111111110, sa_flags=SA_RESTART|SA_SIGINFO
SIGFPE: [libjvm.so+0xd4d370], sa_mask[0]=11111111011111111101111111111110, sa_flags=SA_RESTART|SA_SIGINFO
SIGPIPE: SIG_IGN, sa_mask[0]=00000000000010000000000000000000, sa_flags=SA_RESTART
SIGXFSZ: [libjvm.so+0xb64780], sa_mask[0]=11111111011111111101111111111110, sa_flags=SA_RESTART|SA_SIGINFO
SIGILL: [libjvm.so+0xd4d370], sa_mask[0]=11111111011111111101111111111110, sa_flags=SA_RESTART|SA_SIGINFO
SIGUSR2: [libjvm.so+0xb64640], sa_mask[0]=00000000000000000000000000000000, sa_flags=SA_RESTART|SA_SIGINFO
SIGHUP: [libjvm.so+0xb64850], sa_mask[0]=11111111011111111101111111111110, sa_flags=SA_RESTART|SA_SIGINFO
SIGINT: [libjvm.so+0xb64850], sa_mask[0]=11111111011111111101111111111110, sa_flags=SA_RESTART|SA_SIGINFO
SIGTERM: [libjvm.so+0xb64850], sa_mask[0]=11111111011111111101111111111110, sa_flags=SA_RESTART|SA_SIGINFO
SIGQUIT: [libjvm.so+0xb64850], sa_mask[0]=11111111011111111101111111111110, sa_flags=SA_RESTART|SA_SIGINFO


---------------  S Y S T E M  ---------------

OS:DISTRIB_ID=Ubuntu
DISTRIB_RELEASE=16.04
DISTRIB_CODENAME=xenial
DISTRIB_DESCRIPTION="Ubuntu 16.04.5 LTS"
uname:Linux 4.4.0-138-generic #164-Ubuntu SMP Tue Oct 2 17:16:02 UTC 2018 x86_64
libc:glibc 2.23 NPTL 2.23 
rlimit: STACK 8192k, CORE 0k, NPROC 39223, NOFILE 1048576, AS infinity
load average:0,80 0,66 0,55

/proc/meminfo:
MemTotal:       10120320 kB
MemFree:         3988588 kB
MemAvailable:    6156684 kB
Buffers:          569220 kB
Cached:          2537732 kB
SwapCached:            0 kB
Active:          4107348 kB
Inactive:        1480824 kB
Active(anon):    2494596 kB
Inactive(anon):   956500 kB
Active(file):    1612752 kB
Inactive(file):   524324 kB
Unevictable:         192 kB
Mlocked:             192 kB
SwapTotal:             0 kB
SwapFree:              0 kB
Dirty:               172 kB
Writeback:             0 kB
AnonPages:       2480900 kB
Mapped:           581144 kB
Shmem:            969880 kB
Slab:             392736 kB
SReclaimable:     344012 kB
SUnreclaim:        48724 kB
KernelStack:       12704 kB
PageTables:        54780 kB
NFS_Unstable:          0 kB
Bounce:                0 kB
WritebackTmp:          0 kB
CommitLimit:     5060160 kB
Committed_AS:   10184680 kB
VmallocTotal:   34359738367 kB
VmallocUsed:           0 kB
VmallocChunk:          0 kB
HardwareCorrupted:     0 kB
AnonHugePages:         0 kB
CmaTotal:              0 kB
CmaFree:               0 kB
HugePages_Total:       0
HugePages_Free:        0
HugePages_Rsvd:        0
HugePages_Surp:        0
Hugepagesize:       2048 kB
DirectMap4k:      229196 kB
DirectMap2M:     5943296 kB
DirectMap1G:     4194304 kB


CPU:total 4 (initial active 4) (2 cores per cpu, 2 threads per core) family 6 model 69 stepping 1, cmov, cx8, fxsr, mmx, sse, sse2, sse3, ssse3, sse4.1, sse4.2, popcnt, avx, avx2, aes, clmul, erms, lzcnt, ht, tsc, tscinvbit, bmi1, bmi2, fma
CPU Model and flags from /proc/cpuinfo:
model name	: Intel(R) Core(TM) i5-4210U CPU @ 1.70GHz
flags		: fpu vme de pse tsc msr pae mce cx8 apic sep mtrr pge mca cmov pat pse36 clflush dts acpi mmx fxsr sse sse2 ss ht tm pbe syscall nx pdpe1gb rdtscp lm constant_tsc arch_perfmon pebs bts rep_good nopl xtopology nonstop_tsc aperfmperf pni pclmulqdq dtes64 monitor ds_cpl vmx est tm2 ssse3 sdbg fma cx16 xtpr pdcm pcid sse4_1 sse4_2 movbe popcnt tsc_deadline_timer aes xsave avx f16c rdrand lahf_lm abm epb invpcid_single ssbd ibrs ibpb stibp kaiser tpr_shadow vnmi flexpriority ept vpid fsgsbase tsc_adjust bmi1 avx2 smep bmi2 erms invpcid xsaveopt dtherm ida arat pln pts flush_l1d

Memory: 4k page, physical 10120320k(3988348k free), swap 0k(0k free)

vm_info: Java HotSpot(TM) 64-Bit Server VM (9.0.4+11) for linux-amd64 JRE (9.0.4+11), built on Dec 19 2017 18:12:19 by "mach5one" with gcc 4.9.2

END.
