#
# A fatal error has been detected by the Java Runtime Environment:
#
#  SIGSEGV (0xb) at pc=0x00007f8c11bc421e, pid=6687, tid=6715
#
# JRE version: Java(TM) SE Runtime Environment (9.0+11) (build 9.0.4+11)
# Java VM: Java HotSpot(TM) 64-Bit Server VM (9.0.4+11, mixed mode, tiered, compressed oops, g1 gc, linux-amd64)
# Problematic frame:
# v  ~BufferBlob::jni_fast_GetLongField
#
# Core dump will be written. Default location: Core dumps may be processed with "/usr/share/apport/apport %p %s %c %d %P" (or dumping to /home/cristiano/NetBeansProjects/livro/capitulos/capitulo-28/core.6687)
#
# If you would like to submit a bug report, please visit:
#   http://bugreport.java.com/bugreport/crash.jsp
# The crash happened outside the Java Virtual Machine in native code.
# See problematic frame for where to report the bug.
#

---------------  S U M M A R Y ------------

Command Line: TicTacToeClientTest

Host: Intel(R) Core(TM) i5-4210U CPU @ 1.70GHz, 4 cores, 9G, Ubuntu 16.04.5 LTS
Time: Sat Nov  3 22:30:40 2018 -03 elapsed time: 15701 seconds (0d 4h 21m 41s)

---------------  T H R E A D  ---------------

Current thread (0x00007f8c2c4ac000):  JavaThread "AWT-XAWT" daemon [_thread_in_native, id=6715, stack(0x00007f8bac0d0000,0x00007f8bac1d1000)]

Stack: [0x00007f8bac0d0000,0x00007f8bac1d1000],  sp=0x00007f8bac1cf8e8,  free space=1022k
Native frames: (J=compiled Java code, A=aot compiled Java code, j=interpreted, Vv=VM code, C=native code)
v  ~BufferBlob::jni_fast_GetLongField
C  [libX11.so.6+0x64420]  _XimServerDestroy+0x70

Java frames: (J=compiled Java code, j=interpreted, Vv=VM code)
J 1302  sun.awt.X11.XlibWrapper.XFilterEvent(JJ)Z java.desktop@9.0.4 (0 bytes) @ 0x00007f8c19688e24 [0x00007f8c19688de0+0x0000000000000044]
j  sun.awt.X11.XToolkit.run(Z)V+287 java.desktop@9.0.4
j  sun.awt.X11.XToolkit.run()V+5 java.desktop@9.0.4
j  java.lang.Thread.run()V+11 java.base@9.0.4
v  ~StubRoutines::call_stub

siginfo: si_signo: 11 (SIGSEGV), si_code: 1 (SEGV_MAPERR), si_addr: 0x0000000000000000

Register to memory mapping:

RAX=0x00007f8c34f76800: <offset 0x00000000012f6800> in /usr/lib/jvm/java-9-oracle/lib/server/libjvm.so at 0x00007f8c33c80000
RBX=0x00007f8c2c4ac218 is an unknown value
RCX=0x00007f8b940008c0 is an unknown value
RDX=0x0000000000000042 is an unknown value
RSP=0x00007f8bac1cf8e8 is pointing into the stack for thread: 0x00007f8c2c4ac000
RBP=0x00007f8bac1cf910 is pointing into the stack for thread: 0x00007f8c2c4ac000
RSI=0x0000000000000000 is an unknown value
RDI=0x00007f8c2c4ac218 is an unknown value
R8 =0x0000000000000040 is an unknown value
R9 =0x0000000000000000 is an unknown value
R10=0x000000000000003a is an unknown value
R11=0x00007f8c19688df8 is at entry_point+24 in (nmethod*)0x00007f8c19688c10
R12=0x00007f8b900086d0 is an unknown value
R13=0x0000000000000000 is an unknown value
R14=0x00007f8be4defd80: <offset 0x0000000000262d80> in /usr/lib/jvm/java-9-oracle/lib/libawt_xawt.so at 0x00007f8be4b8d000
R15=0x00007f8c2c4ac000 is a thread


Registers:
RAX=0x00007f8c34f76800, RBX=0x00007f8c2c4ac218, RCX=0x00007f8b940008c0, RDX=0x0000000000000042
RSP=0x00007f8bac1cf8e8, RBP=0x00007f8bac1cf910, RSI=0x0000000000000000, RDI=0x00007f8c2c4ac218
R8 =0x0000000000000040, R9 =0x0000000000000000, R10=0x000000000000003a, R11=0x00007f8c19688df8
R12=0x00007f8b900086d0, R13=0x0000000000000000, R14=0x00007f8be4defd80, R15=0x00007f8c2c4ac000
RIP=0x00007f8c11bc421e, EFLAGS=0x0000000000010246, CSGSFS=0x0000000000000033, ERR=0x0000000000000004
  TRAPNO=0x000000000000000e

Top of Stack: (sp=0x00007f8bac1cf8e8)
0x00007f8bac1cf8e8:   00007f8be4bc28a4 00007f8c11725d58
0x00007f8bac1cf8f8:   00007f8b900086d0 00007f8bac1cf9b8
0x00007f8bac1cf908:   00007f8bac1cf990 0000000000000000
0x00007f8bac1cf918:   00007f8be46a5420 00007f8c11725d58 

Instructions: (pc=0x00007f8c11bc421e)
0x00007f8c11bc41fe:   00 00 44 8b 15 f5 be 40 23 4c 8b ce 41 f6 c2 01
0x00007f8c11bc420e:   0f 85 32 00 00 00 4d 33 ca 4d 33 ca 49 83 e1 fe
0x00007f8c11bc421e:   4d 8b 09 4c 8b da 49 c1 eb 02 4b 8b 04 19 49 bb
0x00007f8c11bc422e:   fc 00 fd 34 8c 7f 00 00 4c 33 d8 4c 33 d8 45 3b 



---------------  P R O C E S S  ---------------

Java Threads: ( => current thread )
  0x00007f8b9000e800 JavaThread "TimerQueue" daemon [_thread_blocked, id=6720, stack(0x00007f8b9f170000,0x00007f8b9f271000)]
  0x00007f8c2c012000 JavaThread "DestroyJavaVM" [_thread_blocked, id=6688, stack(0x00007f8c35d1d000,0x00007f8c35e1d000)]
  0x00007f8c2c6a6000 JavaThread "pool-1-thread-1" [_thread_in_native, id=6719, stack(0x00007f8b9f271000,0x00007f8b9f372000)]
  0x00007f8c2c5e9800 JavaThread "AWT-EventQueue-0" [_thread_blocked, id=6717, stack(0x00007f8b9f9f8000,0x00007f8b9faf9000)]
  0x00007f8c2c5e8000 JavaThread "AWT-Shutdown" [_thread_blocked, id=6716, stack(0x00007f8b9faf9000,0x00007f8b9fbfa000)]
=>0x00007f8c2c4ac000 JavaThread "AWT-XAWT" daemon [_thread_in_native, id=6715, stack(0x00007f8bac0d0000,0x00007f8bac1d1000)]
  0x00007f8c2c395800 JavaThread "Java2D Disposer" daemon [_thread_blocked, id=6714, stack(0x00007f8bac3db000,0x00007f8bac4dc000)]
  0x00007f8c2c24f000 JavaThread "Service Thread" daemon [_thread_blocked, id=6709, stack(0x00007f8be51bf000,0x00007f8be52c0000)]
  0x00007f8c2c1c7000 JavaThread "Common-Cleaner" daemon [_thread_blocked, id=6708, stack(0x00007f8c10035000,0x00007f8c10136000)]
  0x00007f8c2c18a800 JavaThread "Sweeper thread" daemon [_thread_blocked, id=6707, stack(0x00007f8c1055e000,0x00007f8c1065f000)]
  0x00007f8c2c188800 JavaThread "C1 CompilerThread2" daemon [_thread_blocked, id=6706, stack(0x00007f8c1065f000,0x00007f8c10760000)]
  0x00007f8c2c186800 JavaThread "C2 CompilerThread1" daemon [_thread_blocked, id=6705, stack(0x00007f8c10760000,0x00007f8c10861000)]
  0x00007f8c2c184800 JavaThread "C2 CompilerThread0" daemon [_thread_blocked, id=6704, stack(0x00007f8c10861000,0x00007f8c10962000)]
  0x00007f8c2c182800 JavaThread "Signal Dispatcher" daemon [_thread_blocked, id=6703, stack(0x00007f8c10962000,0x00007f8c10a63000)]
  0x00007f8c2c167800 JavaThread "Finalizer" daemon [_thread_blocked, id=6702, stack(0x00007f8c10d3d000,0x00007f8c10e3e000)]
  0x00007f8c2c15f800 JavaThread "Reference Handler" daemon [_thread_blocked, id=6701, stack(0x00007f8c10e3e000,0x00007f8c10f3f000)]

Other Threads:
  0x00007f8c2c155800 VMThread "VM Thread" [stack: 0x00007f8c10f40000,0x00007f8c11040000] [id=6700]
  0x00007f8c2c251800 WatcherThread [stack: 0x00007f8be50bf000,0x00007f8be51bf000] [id=6710]
  0x00007f8c2c029800 GCTaskThread "GC Thread#0" [stack: 0x00007f8c323eb000,0x00007f8c324eb000] [id=6689]
  0x00007f8c2c02b000 GCTaskThread "GC Thread#1" [stack: 0x00007f8c322ea000,0x00007f8c323ea000] [id=6690]
  0x00007f8c2c02c800 GCTaskThread "GC Thread#2" [stack: 0x00007f8c321e9000,0x00007f8c322e9000] [id=6691]
  0x00007f8c2c02e800 GCTaskThread "GC Thread#3" [stack: 0x00007f8c320e8000,0x00007f8c321e8000] [id=6692]
  0x00007f8c2c065000 ConcurrentGCThread "G1 Main Marker" [stack: 0x00007f8c302f3000,0x00007f8c303f3000] [id=6698]
  0x00007f8c2c066800 ConcurrentGCThread "G1 Marker#0" [stack: 0x00007f8c301f2000,0x00007f8c302f2000] [id=6699]
  0x00007f8c2c035800 ConcurrentGCThread "G1 Refine#0" [stack: 0x00007f8c318e0000,0x00007f8c319e0000] [id=6696]
  0x00007f8c2c034000 ConcurrentGCThread "G1 Refine#1" [stack: 0x00007f8c319e1000,0x00007f8c31ae1000] [id=6695]
  0x00007f8c2c032000 ConcurrentGCThread "G1 Refine#2" [stack: 0x00007f8c31ae2000,0x00007f8c31be2000] [id=6694]
  0x00007f8c2c030800 ConcurrentGCThread "G1 Refine#3" [stack: 0x00007f8c31be3000,0x00007f8c31ce3000] [id=6693]
  0x00007f8c2c037800 ConcurrentGCThread "G1 Young RemSet Sampling" [stack: 0x00007f8c317df000,0x00007f8c318df000] [id=6697]

Threads with active compile tasks:

VM state:not at safepoint (normal execution)

VM Mutex/Monitor currently owned by a thread: None

Heap address: 0x0000000725800000, size: 2472 MB, Compressed Oops mode: Zero based, Oop shift amount: 3
Narrow klass base: 0x0000000000000000, Narrow klass shift: 3
Compressed class space size: 1073741824 Address: 0x00000007c0000000

Heap:
 garbage-first heap   total 159744K, used 4104K [0x0000000725800000, 0x00000007259004e0, 0x00000007c0000000)
  region size 1024K, 4 young (4096K), 2 survivors (2048K)
 Metaspace       used 17436K, capacity 18496K, committed 18688K, reserved 1067008K
  class space    used 1790K, capacity 2000K, committed 2048K, reserved 1048576K
Heap Regions: E=young(eden), S=young(survivor), O=old, HS=humongous(starts), HC=humongous(continues), CS=collection set, F=free, A=archive, TS=gc time stamp, AC=allocation context, TAMS=top-at-mark-start (previous, next)
|   0|0x0000000725800000, 0x0000000725900000, 0x0000000725900000|100%| O|  |TS  1|AC  0|TAMS 0x0000000725800000, 0x0000000725800000|
|   1|0x0000000725900000, 0x0000000725902200, 0x0000000725a00000|  0%| O|  |TS  1|AC  0|TAMS 0x0000000725900000, 0x0000000725900000|
|   2|0x0000000725a00000, 0x0000000725a00000, 0x0000000725b00000|  0%| F|  |TS  0|AC  0|TAMS 0x0000000725a00000, 0x0000000725a00000|
|   3|0x0000000725b00000, 0x0000000725b00000, 0x0000000725c00000|  0%| F|  |TS  0|AC  0|TAMS 0x0000000725b00000, 0x0000000725b00000|
|   4|0x0000000725c00000, 0x0000000725c00000, 0x0000000725d00000|  0%| F|  |TS  0|AC  0|TAMS 0x0000000725c00000, 0x0000000725c00000|
|   5|0x0000000725d00000, 0x0000000725d00000, 0x0000000725e00000|  0%| F|  |TS  0|AC  0|TAMS 0x0000000725d00000, 0x0000000725d00000|
|   6|0x0000000725e00000, 0x0000000725e00000, 0x0000000725f00000|  0%| F|  |TS  0|AC  0|TAMS 0x0000000725e00000, 0x0000000725e00000|
|   7|0x0000000725f00000, 0x0000000725f00000, 0x0000000726000000|  0%| F|  |TS  0|AC  0|TAMS 0x0000000725f00000, 0x0000000725f00000|
|   8|0x0000000726000000, 0x0000000726000000, 0x0000000726100000|  0%| F|  |TS  0|AC  0|TAMS 0x0000000726000000, 0x0000000726000000|
|   9|0x0000000726100000, 0x0000000726100000, 0x0000000726200000|  0%| F|  |TS  0|AC  0|TAMS 0x0000000726100000, 0x0000000726100000|
|  10|0x0000000726200000, 0x0000000726200000, 0x0000000726300000|  0%| F|  |TS  0|AC  0|TAMS 0x0000000726200000, 0x0000000726200000|
|  11|0x0000000726300000, 0x0000000726300000, 0x0000000726400000|  0%| F|  |TS  0|AC  0|TAMS 0x0000000726300000, 0x0000000726300000|
|  12|0x0000000726400000, 0x0000000726400000, 0x0000000726500000|  0%| F|  |TS  0|AC  0|TAMS 0x0000000726400000, 0x0000000726400000|
|  13|0x0000000726500000, 0x0000000726500000, 0x0000000726600000|  0%| F|  |TS  0|AC  0|TAMS 0x0000000726500000, 0x0000000726500000|
|  14|0x0000000726600000, 0x0000000726600000, 0x0000000726700000|  0%| F|  |TS  0|AC  0|TAMS 0x0000000726600000, 0x0000000726600000|
|  15|0x0000000726700000, 0x0000000726700000, 0x0000000726800000|  0%| F|  |TS  0|AC  0|TAMS 0x0000000726700000, 0x0000000726700000|
|  16|0x0000000726800000, 0x0000000726800000, 0x0000000726900000|  0%| F|  |TS  0|AC  0|TAMS 0x0000000726800000, 0x0000000726800000|
|  17|0x0000000726900000, 0x0000000726900000, 0x0000000726a00000|  0%| F|  |TS  0|AC  0|TAMS 0x0000000726900000, 0x0000000726900000|
|  18|0x0000000726a00000, 0x0000000726a00000, 0x0000000726b00000|  0%| F|  |TS  0|AC  0|TAMS 0x0000000726a00000, 0x0000000726a00000|
|  19|0x0000000726b00000, 0x0000000726b00000, 0x0000000726c00000|  0%| F|  |TS  0|AC  0|TAMS 0x0000000726b00000, 0x0000000726b00000|
|  20|0x0000000726c00000, 0x0000000726c00000, 0x0000000726d00000|  0%| F|  |TS  0|AC  0|TAMS 0x0000000726c00000, 0x0000000726c00000|
|  21|0x0000000726d00000, 0x0000000726d00000, 0x0000000726e00000|  0%| F|  |TS  0|AC  0|TAMS 0x0000000726d00000, 0x0000000726d00000|
|  22|0x0000000726e00000, 0x0000000726e00000, 0x0000000726f00000|  0%| F|  |TS  0|AC  0|TAMS 0x0000000726e00000, 0x0000000726e00000|
|  23|0x0000000726f00000, 0x0000000726f00000, 0x0000000727000000|  0%| F|  |TS  0|AC  0|TAMS 0x0000000726f00000, 0x0000000726f00000|
|  24|0x0000000727000000, 0x0000000727000000, 0x0000000727100000|  0%| F|  |TS  0|AC  0|TAMS 0x0000000727000000, 0x0000000727000000|
|  25|0x0000000727100000, 0x0000000727100000, 0x0000000727200000|  0%| F|  |TS  0|AC  0|TAMS 0x0000000727100000, 0x0000000727100000|
|  26|0x0000000727200000, 0x0000000727200000, 0x0000000727300000|  0%| F|  |TS  0|AC  0|TAMS 0x0000000727200000, 0x0000000727200000|
|  27|0x0000000727300000, 0x0000000727300000, 0x0000000727400000|  0%| F|  |TS  0|AC  0|TAMS 0x0000000727300000, 0x0000000727300000|
|  28|0x0000000727400000, 0x0000000727400000, 0x0000000727500000|  0%| F|  |TS  0|AC  0|TAMS 0x0000000727400000, 0x0000000727400000|
|  29|0x0000000727500000, 0x0000000727500000, 0x0000000727600000|  0%| F|  |TS  0|AC  0|TAMS 0x0000000727500000, 0x0000000727500000|
|  30|0x0000000727600000, 0x0000000727600000, 0x0000000727700000|  0%| F|  |TS  0|AC  0|TAMS 0x0000000727600000, 0x0000000727600000|
|  31|0x0000000727700000, 0x0000000727700000, 0x0000000727800000|  0%| F|  |TS  0|AC  0|TAMS 0x0000000727700000, 0x0000000727700000|
|  32|0x0000000727800000, 0x0000000727800000, 0x0000000727900000|  0%| F|  |TS  0|AC  0|TAMS 0x0000000727800000, 0x0000000727800000|
|  33|0x0000000727900000, 0x0000000727900000, 0x0000000727a00000|  0%| F|  |TS  0|AC  0|TAMS 0x0000000727900000, 0x0000000727900000|
|  34|0x0000000727a00000, 0x0000000727a00000, 0x0000000727b00000|  0%| F|  |TS  0|AC  0|TAMS 0x0000000727a00000, 0x0000000727a00000|
|  35|0x0000000727b00000, 0x0000000727b00000, 0x0000000727c00000|  0%| F|  |TS  0|AC  0|TAMS 0x0000000727b00000, 0x0000000727b00000|
|  36|0x0000000727c00000, 0x0000000727c00000, 0x0000000727d00000|  0%| F|  |TS  0|AC  0|TAMS 0x0000000727c00000, 0x0000000727c00000|
|  37|0x0000000727d00000, 0x0000000727d00000, 0x0000000727e00000|  0%| F|  |TS  0|AC  0|TAMS 0x0000000727d00000, 0x0000000727d00000|
|  38|0x0000000727e00000, 0x0000000727e00000, 0x0000000727f00000|  0%| F|  |TS  0|AC  0|TAMS 0x0000000727e00000, 0x0000000727e00000|
|  39|0x0000000727f00000, 0x0000000727f00000, 0x0000000728000000|  0%| F|  |TS  0|AC  0|TAMS 0x0000000727f00000, 0x0000000727f00000|
|  40|0x0000000728000000, 0x0000000728000000, 0x0000000728100000|  0%| F|  |TS  0|AC  0|TAMS 0x0000000728000000, 0x0000000728000000|
|  41|0x0000000728100000, 0x0000000728100000, 0x0000000728200000|  0%| F|  |TS  0|AC  0|TAMS 0x0000000728100000, 0x0000000728100000|
|  42|0x0000000728200000, 0x0000000728200000, 0x0000000728300000|  0%| F|  |TS  0|AC  0|TAMS 0x0000000728200000, 0x0000000728200000|
|  43|0x0000000728300000, 0x0000000728300000, 0x0000000728400000|  0%| F|  |TS  0|AC  0|TAMS 0x0000000728300000, 0x0000000728300000|
|  44|0x0000000728400000, 0x0000000728400000, 0x0000000728500000|  0%| F|  |TS  0|AC  0|TAMS 0x0000000728400000, 0x0000000728400000|
|  45|0x0000000728500000, 0x0000000728500000, 0x0000000728600000|  0%| F|  |TS  0|AC  0|TAMS 0x0000000728500000, 0x0000000728500000|
|  46|0x0000000728600000, 0x0000000728600000, 0x0000000728700000|  0%| F|  |TS  0|AC  0|TAMS 0x0000000728600000, 0x0000000728600000|
|  47|0x0000000728700000, 0x0000000728700000, 0x0000000728800000|  0%| F|  |TS  0|AC  0|TAMS 0x0000000728700000, 0x0000000728700000|
|  48|0x0000000728800000, 0x0000000728800000, 0x0000000728900000|  0%| F|  |TS  0|AC  0|TAMS 0x0000000728800000, 0x0000000728800000|
|  49|0x0000000728900000, 0x0000000728900000, 0x0000000728a00000|  0%| F|  |TS  0|AC  0|TAMS 0x0000000728900000, 0x0000000728900000|
|  50|0x0000000728a00000, 0x0000000728a00000, 0x0000000728b00000|  0%| F|  |TS  0|AC  0|TAMS 0x0000000728a00000, 0x0000000728a00000|
|  51|0x0000000728b00000, 0x0000000728b00000, 0x0000000728c00000|  0%| F|  |TS  0|AC  0|TAMS 0x0000000728b00000, 0x0000000728b00000|
|  52|0x0000000728c00000, 0x0000000728c00000, 0x0000000728d00000|  0%| F|  |TS  0|AC  0|TAMS 0x0000000728c00000, 0x0000000728c00000|
|  53|0x0000000728d00000, 0x0000000728d00000, 0x0000000728e00000|  0%| F|  |TS  0|AC  0|TAMS 0x0000000728d00000, 0x0000000728d00000|
|  54|0x0000000728e00000, 0x0000000728e00000, 0x0000000728f00000|  0%| F|  |TS  0|AC  0|TAMS 0x0000000728e00000, 0x0000000728e00000|
|  55|0x0000000728f00000, 0x0000000728f00000, 0x0000000729000000|  0%| F|  |TS  0|AC  0|TAMS 0x0000000728f00000, 0x0000000728f00000|
|  56|0x0000000729000000, 0x0000000729000000, 0x0000000729100000|  0%| F|  |TS  0|AC  0|TAMS 0x0000000729000000, 0x0000000729000000|
|  57|0x0000000729100000, 0x0000000729100000, 0x0000000729200000|  0%| F|  |TS  0|AC  0|TAMS 0x0000000729100000, 0x0000000729100000|
|  58|0x0000000729200000, 0x0000000729200000, 0x0000000729300000|  0%| F|  |TS  0|AC  0|TAMS 0x0000000729200000, 0x0000000729200000|
|  59|0x0000000729300000, 0x0000000729300000, 0x0000000729400000|  0%| F|  |TS  0|AC  0|TAMS 0x0000000729300000, 0x0000000729300000|
|  60|0x0000000729400000, 0x0000000729400000, 0x0000000729500000|  0%| F|  |TS  0|AC  0|TAMS 0x0000000729400000, 0x0000000729400000|
|  61|0x0000000729500000, 0x0000000729500000, 0x0000000729600000|  0%| F|  |TS  0|AC  0|TAMS 0x0000000729500000, 0x0000000729500000|
|  62|0x0000000729600000, 0x0000000729600000, 0x0000000729700000|  0%| F|  |TS  0|AC  0|TAMS 0x0000000729600000, 0x0000000729600000|
|  63|0x0000000729700000, 0x0000000729700000, 0x0000000729800000|  0%| F|  |TS  0|AC  0|TAMS 0x0000000729700000, 0x0000000729700000|
|  64|0x0000000729800000, 0x0000000729800000, 0x0000000729900000|  0%| F|  |TS  0|AC  0|TAMS 0x0000000729800000, 0x0000000729800000|
|  65|0x0000000729900000, 0x0000000729900000, 0x0000000729a00000|  0%| F|  |TS  0|AC  0|TAMS 0x0000000729900000, 0x0000000729900000|
|  66|0x0000000729a00000, 0x0000000729a00000, 0x0000000729b00000|  0%| F|  |TS  0|AC  0|TAMS 0x0000000729a00000, 0x0000000729a00000|
|  67|0x0000000729b00000, 0x0000000729b00000, 0x0000000729c00000|  0%| F|  |TS  0|AC  0|TAMS 0x0000000729b00000, 0x0000000729b00000|
|  68|0x0000000729c00000, 0x0000000729c00000, 0x0000000729d00000|  0%| F|  |TS  0|AC  0|TAMS 0x0000000729c00000, 0x0000000729c00000|
|  69|0x0000000729d00000, 0x0000000729d00000, 0x0000000729e00000|  0%| F|  |TS  0|AC  0|TAMS 0x0000000729d00000, 0x0000000729d00000|
|  70|0x0000000729e00000, 0x0000000729e00000, 0x0000000729f00000|  0%| F|  |TS  0|AC  0|TAMS 0x0000000729e00000, 0x0000000729e00000|
|  71|0x0000000729f00000, 0x0000000729f00000, 0x000000072a000000|  0%| F|  |TS  0|AC  0|TAMS 0x0000000729f00000, 0x0000000729f00000|
|  72|0x000000072a000000, 0x000000072a000000, 0x000000072a100000|  0%| F|  |TS  0|AC  0|TAMS 0x000000072a000000, 0x000000072a000000|
|  73|0x000000072a100000, 0x000000072a100000, 0x000000072a200000|  0%| F|  |TS  0|AC  0|TAMS 0x000000072a100000, 0x000000072a100000|
|  74|0x000000072a200000, 0x000000072a200000, 0x000000072a300000|  0%| F|  |TS  0|AC  0|TAMS 0x000000072a200000, 0x000000072a200000|
|  75|0x000000072a300000, 0x000000072a300000, 0x000000072a400000|  0%| F|  |TS  0|AC  0|TAMS 0x000000072a300000, 0x000000072a300000|
|  76|0x000000072a400000, 0x000000072a400000, 0x000000072a500000|  0%| F|  |TS  0|AC  0|TAMS 0x000000072a400000, 0x000000072a400000|
|  77|0x000000072a500000, 0x000000072a500000, 0x000000072a600000|  0%| F|  |TS  0|AC  0|TAMS 0x000000072a500000, 0x000000072a500000|
|  78|0x000000072a600000, 0x000000072a600000, 0x000000072a700000|  0%| F|  |TS  0|AC  0|TAMS 0x000000072a600000, 0x000000072a600000|
|  79|0x000000072a700000, 0x000000072a700000, 0x000000072a800000|  0%| F|  |TS  0|AC  0|TAMS 0x000000072a700000, 0x000000072a700000|
|  80|0x000000072a800000, 0x000000072a800000, 0x000000072a900000|  0%| F|  |TS  0|AC  0|TAMS 0x000000072a800000, 0x000000072a800000|
|  81|0x000000072a900000, 0x000000072a900000, 0x000000072aa00000|  0%| F|  |TS  0|AC  0|TAMS 0x000000072a900000, 0x000000072a900000|
|  82|0x000000072aa00000, 0x000000072aa00000, 0x000000072ab00000|  0%| F|  |TS  0|AC  0|TAMS 0x000000072aa00000, 0x000000072aa00000|
|  83|0x000000072ab00000, 0x000000072ab00000, 0x000000072ac00000|  0%| F|  |TS  0|AC  0|TAMS 0x000000072ab00000, 0x000000072ab00000|
|  84|0x000000072ac00000, 0x000000072ac00000, 0x000000072ad00000|  0%| F|  |TS  0|AC  0|TAMS 0x000000072ac00000, 0x000000072ac00000|
|  85|0x000000072ad00000, 0x000000072ad00000, 0x000000072ae00000|  0%| F|  |TS  0|AC  0|TAMS 0x000000072ad00000, 0x000000072ad00000|
|  86|0x000000072ae00000, 0x000000072ae00000, 0x000000072af00000|  0%| F|  |TS  0|AC  0|TAMS 0x000000072ae00000, 0x000000072ae00000|
|  87|0x000000072af00000, 0x000000072af00000, 0x000000072b000000|  0%| F|  |TS  0|AC  0|TAMS 0x000000072af00000, 0x000000072af00000|
|  88|0x000000072b000000, 0x000000072b000000, 0x000000072b100000|  0%| F|  |TS  0|AC  0|TAMS 0x000000072b000000, 0x000000072b000000|
|  89|0x000000072b100000, 0x000000072b100000, 0x000000072b200000|  0%| F|  |TS  0|AC  0|TAMS 0x000000072b100000, 0x000000072b100000|
|  90|0x000000072b200000, 0x000000072b200000, 0x000000072b300000|  0%| F|  |TS  0|AC  0|TAMS 0x000000072b200000, 0x000000072b200000|
|  91|0x000000072b300000, 0x000000072b300000, 0x000000072b400000|  0%| F|  |TS  0|AC  0|TAMS 0x000000072b300000, 0x000000072b300000|
|  92|0x000000072b400000, 0x000000072b400000, 0x000000072b500000|  0%| F|  |TS  0|AC  0|TAMS 0x000000072b400000, 0x000000072b400000|
|  93|0x000000072b500000, 0x000000072b500000, 0x000000072b600000|  0%| F|  |TS  0|AC  0|TAMS 0x000000072b500000, 0x000000072b500000|
|  94|0x000000072b600000, 0x000000072b600000, 0x000000072b700000|  0%| F|  |TS  0|AC  0|TAMS 0x000000072b600000, 0x000000072b600000|
|  95|0x000000072b700000, 0x000000072b700000, 0x000000072b800000|  0%| F|  |TS  0|AC  0|TAMS 0x000000072b700000, 0x000000072b700000|
|  96|0x000000072b800000, 0x000000072b800000, 0x000000072b900000|  0%| F|  |TS  0|AC  0|TAMS 0x000000072b800000, 0x000000072b800000|
|  97|0x000000072b900000, 0x000000072b900000, 0x000000072ba00000|  0%| F|  |TS  0|AC  0|TAMS 0x000000072b900000, 0x000000072b900000|
|  98|0x000000072ba00000, 0x000000072ba00000, 0x000000072bb00000|  0%| F|  |TS  0|AC  0|TAMS 0x000000072ba00000, 0x000000072ba00000|
|  99|0x000000072bb00000, 0x000000072bb00000, 0x000000072bc00000|  0%| F|  |TS  0|AC  0|TAMS 0x000000072bb00000, 0x000000072bb00000|
| 100|0x000000072bc00000, 0x000000072bc00000, 0x000000072bd00000|  0%| F|  |TS  0|AC  0|TAMS 0x000000072bc00000, 0x000000072bc00000|
| 101|0x000000072bd00000, 0x000000072bd00000, 0x000000072be00000|  0%| F|  |TS  0|AC  0|TAMS 0x000000072bd00000, 0x000000072bd00000|
| 102|0x000000072be00000, 0x000000072be00000, 0x000000072bf00000|  0%| F|  |TS  0|AC  0|TAMS 0x000000072be00000, 0x000000072be00000|
| 103|0x000000072bf00000, 0x000000072bf00000, 0x000000072c000000|  0%| F|  |TS  0|AC  0|TAMS 0x000000072bf00000, 0x000000072bf00000|
| 104|0x000000072c000000, 0x000000072c000000, 0x000000072c100000|  0%| F|  |TS  0|AC  0|TAMS 0x000000072c000000, 0x000000072c000000|
| 105|0x000000072c100000, 0x000000072c100000, 0x000000072c200000|  0%| F|  |TS  0|AC  0|TAMS 0x000000072c100000, 0x000000072c100000|
| 106|0x000000072c200000, 0x000000072c200000, 0x000000072c300000|  0%| F|  |TS  0|AC  0|TAMS 0x000000072c200000, 0x000000072c200000|
| 107|0x000000072c300000, 0x000000072c300000, 0x000000072c400000|  0%| F|  |TS  0|AC  0|TAMS 0x000000072c300000, 0x000000072c300000|
| 108|0x000000072c400000, 0x000000072c400000, 0x000000072c500000|  0%| F|  |TS  0|AC  0|TAMS 0x000000072c400000, 0x000000072c400000|
| 109|0x000000072c500000, 0x000000072c500000, 0x000000072c600000|  0%| F|  |TS  0|AC  0|TAMS 0x000000072c500000, 0x000000072c500000|
| 110|0x000000072c600000, 0x000000072c600000, 0x000000072c700000|  0%| F|  |TS  0|AC  0|TAMS 0x000000072c600000, 0x000000072c600000|
| 111|0x000000072c700000, 0x000000072c700000, 0x000000072c800000|  0%| F|  |TS  0|AC  0|TAMS 0x000000072c700000, 0x000000072c700000|
| 112|0x000000072c800000, 0x000000072c800000, 0x000000072c900000|  0%| F|  |TS  0|AC  0|TAMS 0x000000072c800000, 0x000000072c800000|
| 113|0x000000072c900000, 0x000000072c900000, 0x000000072ca00000|  0%| F|  |TS  0|AC  0|TAMS 0x000000072c900000, 0x000000072c900000|
| 114|0x000000072ca00000, 0x000000072ca00000, 0x000000072cb00000|  0%| F|  |TS  0|AC  0|TAMS 0x000000072ca00000, 0x000000072ca00000|
| 115|0x000000072cb00000, 0x000000072cb00000, 0x000000072cc00000|  0%| F|  |TS  0|AC  0|TAMS 0x000000072cb00000, 0x000000072cb00000|
| 116|0x000000072cc00000, 0x000000072cc00000, 0x000000072cd00000|  0%| F|  |TS  0|AC  0|TAMS 0x000000072cc00000, 0x000000072cc00000|
| 117|0x000000072cd00000, 0x000000072cd00000, 0x000000072ce00000|  0%| F|  |TS  0|AC  0|TAMS 0x000000072cd00000, 0x000000072cd00000|
| 118|0x000000072ce00000, 0x000000072ce00000, 0x000000072cf00000|  0%| F|  |TS  0|AC  0|TAMS 0x000000072ce00000, 0x000000072ce00000|
| 119|0x000000072cf00000, 0x000000072cf00000, 0x000000072d000000|  0%| F|  |TS  0|AC  0|TAMS 0x000000072cf00000, 0x000000072cf00000|
| 120|0x000000072d000000, 0x000000072d000000, 0x000000072d100000|  0%| F|  |TS  0|AC  0|TAMS 0x000000072d000000, 0x000000072d000000|
| 121|0x000000072d100000, 0x000000072d100000, 0x000000072d200000|  0%| F|  |TS  0|AC  0|TAMS 0x000000072d100000, 0x000000072d100000|
| 122|0x000000072d200000, 0x000000072d200000, 0x000000072d300000|  0%| F|  |TS  0|AC  0|TAMS 0x000000072d200000, 0x000000072d200000|
| 123|0x000000072d300000, 0x000000072d300000, 0x000000072d400000|  0%| F|  |TS  0|AC  0|TAMS 0x000000072d300000, 0x000000072d300000|
| 124|0x000000072d400000, 0x000000072d400000, 0x000000072d500000|  0%| F|  |TS  0|AC  0|TAMS 0x000000072d400000, 0x000000072d400000|
| 125|0x000000072d500000, 0x000000072d500000, 0x000000072d600000|  0%| F|  |TS  0|AC  0|TAMS 0x000000072d500000, 0x000000072d500000|
| 126|0x000000072d600000, 0x000000072d600000, 0x000000072d700000|  0%| F|  |TS  0|AC  0|TAMS 0x000000072d600000, 0x000000072d600000|
| 127|0x000000072d700000, 0x000000072d700000, 0x000000072d800000|  0%| F|  |TS  0|AC  0|TAMS 0x000000072d700000, 0x000000072d700000|
| 128|0x000000072d800000, 0x000000072d800000, 0x000000072d900000|  0%| F|  |TS  0|AC  0|TAMS 0x000000072d800000, 0x000000072d800000|
| 129|0x000000072d900000, 0x000000072d900000, 0x000000072da00000|  0%| F|  |TS  0|AC  0|TAMS 0x000000072d900000, 0x000000072d900000|
| 130|0x000000072da00000, 0x000000072da00000, 0x000000072db00000|  0%| F|  |TS  0|AC  0|TAMS 0x000000072da00000, 0x000000072da00000|
| 131|0x000000072db00000, 0x000000072db00000, 0x000000072dc00000|  0%| F|  |TS  0|AC  0|TAMS 0x000000072db00000, 0x000000072db00000|
| 132|0x000000072dc00000, 0x000000072dc00000, 0x000000072dd00000|  0%| F|  |TS  0|AC  0|TAMS 0x000000072dc00000, 0x000000072dc00000|
| 133|0x000000072dd00000, 0x000000072dd00000, 0x000000072de00000|  0%| F|  |TS  0|AC  0|TAMS 0x000000072dd00000, 0x000000072dd00000|
| 134|0x000000072de00000, 0x000000072de00000, 0x000000072df00000|  0%| F|  |TS  0|AC  0|TAMS 0x000000072de00000, 0x000000072de00000|
| 135|0x000000072df00000, 0x000000072df00000, 0x000000072e000000|  0%| F|  |TS  0|AC  0|TAMS 0x000000072df00000, 0x000000072df00000|
| 136|0x000000072e000000, 0x000000072e000000, 0x000000072e100000|  0%| F|  |TS  0|AC  0|TAMS 0x000000072e000000, 0x000000072e000000|
| 137|0x000000072e100000, 0x000000072e100000, 0x000000072e200000|  0%| F|  |TS  0|AC  0|TAMS 0x000000072e100000, 0x000000072e100000|
| 138|0x000000072e200000, 0x000000072e200000, 0x000000072e300000|  0%| F|  |TS  0|AC  0|TAMS 0x000000072e200000, 0x000000072e200000|
| 139|0x000000072e300000, 0x000000072e300000, 0x000000072e400000|  0%| F|  |TS  0|AC  0|TAMS 0x000000072e300000, 0x000000072e300000|
| 140|0x000000072e400000, 0x000000072e500000, 0x000000072e500000|100%| S|CS|TS  1|AC  0|TAMS 0x000000072e400000, 0x000000072e400000|
| 141|0x000000072e500000, 0x000000072e600000, 0x000000072e600000|100%| S|CS|TS  1|AC  0|TAMS 0x000000072e500000, 0x000000072e500000|
| 142|0x000000072e600000, 0x000000072e600000, 0x000000072e700000|  0%| F|  |TS  1|AC  0|TAMS 0x000000072e600000, 0x000000072e600000|
| 143|0x000000072e700000, 0x000000072e700000, 0x000000072e800000|  0%| F|  |TS  1|AC  0|TAMS 0x000000072e700000, 0x000000072e700000|
| 144|0x000000072e800000, 0x000000072e800000, 0x000000072e900000|  0%| F|  |TS  1|AC  0|TAMS 0x000000072e800000, 0x000000072e800000|
| 145|0x000000072e900000, 0x000000072e900000, 0x000000072ea00000|  0%| F|  |TS  1|AC  0|TAMS 0x000000072e900000, 0x000000072e900000|
| 146|0x000000072ea00000, 0x000000072ea00000, 0x000000072eb00000|  0%| F|  |TS  1|AC  0|TAMS 0x000000072ea00000, 0x000000072ea00000|
| 147|0x000000072eb00000, 0x000000072eb00000, 0x000000072ec00000|  0%| F|  |TS  1|AC  0|TAMS 0x000000072eb00000, 0x000000072eb00000|
| 148|0x000000072ec00000, 0x000000072ec00000, 0x000000072ed00000|  0%| F|  |TS  1|AC  0|TAMS 0x000000072ec00000, 0x000000072ec00000|
| 149|0x000000072ed00000, 0x000000072ed00000, 0x000000072ee00000|  0%| F|  |TS  1|AC  0|TAMS 0x000000072ed00000, 0x000000072ed00000|
| 150|0x000000072ee00000, 0x000000072ee00000, 0x000000072ef00000|  0%| F|  |TS  1|AC  0|TAMS 0x000000072ee00000, 0x000000072ee00000|
| 151|0x000000072ef00000, 0x000000072ef00000, 0x000000072f000000|  0%| F|  |TS  1|AC  0|TAMS 0x000000072ef00000, 0x000000072ef00000|
| 152|0x000000072f000000, 0x000000072f000000, 0x000000072f100000|  0%| F|  |TS  1|AC  0|TAMS 0x000000072f000000, 0x000000072f000000|
| 153|0x000000072f100000, 0x000000072f100000, 0x000000072f200000|  0%| F|  |TS  1|AC  0|TAMS 0x000000072f100000, 0x000000072f100000|
| 154|0x000000072f200000, 0x000000072f300000, 0x000000072f300000|100%| E|  |TS  1|AC  0|TAMS 0x000000072f200000, 0x000000072f200000|
| 155|0x000000072f300000, 0x000000072f400000, 0x000000072f400000|100%| E|CS|TS  1|AC  0|TAMS 0x000000072f300000, 0x000000072f300000|

Card table byte_map: [0x00007f8c30962000,0x00007f8c30e36000] byte_map_base: 0x00007f8c2d036000

Marking Bits (Prev, Next): (CMBitMap*) 0x00007f8c2c0641e0, (CMBitMap*) 0x00007f8c2c064218
 Prev Bits: [0x00007f8be9960000, 0x00007f8bec000000)
 Next Bits: [0x00007f8be72c0000, 0x00007f8be9960000)

Polling page: 0x00007f8c35e3d000

CodeHeap 'non-profiled nmethods': size=120032Kb used=548Kb max_used=548Kb free=119483Kb
 bounds [0x00007f8c1960b000, 0x00007f8c1987b000, 0x00007f8c20b43000]
CodeHeap 'profiled nmethods': size=120032Kb used=3044Kb max_used=3044Kb free=116987Kb
 bounds [0x00007f8c120d3000, 0x00007f8c123d3000, 0x00007f8c1960b000]
CodeHeap 'non-nmethods': size=5696Kb used=1381Kb max_used=1412Kb free=4314Kb
 bounds [0x00007f8c11b43000, 0x00007f8c11db3000, 0x00007f8c120d3000]
 total_blobs=2389 nmethods=1477 adapters=565
 compilation: enabled

Compilation events (10 events):
Event: 1808,256 Thread 0x00007f8c2c184800 1472   !   4       sun.awt.X11.XToolkit::getNextTaskTime (55 bytes)
Event: 1808,262 Thread 0x00007f8c2c184800 nmethod 1472 0x00007f8c19693510 code [0x00007f8c19693700, 0x00007f8c19693ca8]
Event: 3012,388 Thread 0x00007f8c2c188800 1473   !   3       jdk.internal.ref.PhantomCleanable::isListEmpty (34 bytes)
Event: 3012,389 Thread 0x00007f8c2c188800 nmethod 1473 0x00007f8c123cad90 code [0x00007f8c123caf40, 0x00007f8c123cb290]
Event: 3012,389 Thread 0x00007f8c2c188800 1474       3       jdk.internal.misc.InnocuousThread::eraseThreadLocals (23 bytes)
Event: 3012,389 Thread 0x00007f8c2c188800 nmethod 1474 0x00007f8c123cb390 code [0x00007f8c123cb540, 0x00007f8c123cb790]
Event: 11354,555 Thread 0x00007f8c2c188800 1475       3       sun.java2d.xr.XRUtils::isMaskEvaluated (56 bytes)
Event: 11354,556 Thread 0x00007f8c2c188800 nmethod 1475 0x00007f8c123cb810 code [0x00007f8c123cb9c0, 0x00007f8c123cbb30]
Event: 11354,556 Thread 0x00007f8c2c188800 1476       3       sun.java2d.SunGraphics2D::invalidatePipe (41 bytes)
Event: 11354,556 Thread 0x00007f8c2c188800 nmethod 1476 0x00007f8c123cbb90 code [0x00007f8c123cbd40, 0x00007f8c123cc0f0]

GC Heap History (2 events):
Event: 72,360 GC heap before
{Heap before GC invocations=0 (full 0):
 garbage-first heap   total 159744K, used 14336K [0x0000000725800000, 0x00000007259004e0, 0x00000007c0000000)
  region size 1024K, 14 young (14336K), 0 survivors (0K)
 Metaspace       used 17430K, capacity 18496K, committed 18688K, reserved 1067008K
  class space    used 1790K, capacity 2000K, committed 2048K, reserved 1048576K
}
Event: 72,378 GC heap after
{Heap after GC invocations=1 (full 0):
 garbage-first heap   total 159744K, used 3080K [0x0000000725800000, 0x00000007259004e0, 0x00000007c0000000)
  region size 1024K, 2 young (2048K), 2 survivors (2048K)
 Metaspace       used 17430K, capacity 18496K, committed 18688K, reserved 1067008K
  class space    used 1790K, capacity 2000K, committed 2048K, reserved 1048576K
}

Deoptimization events (10 events):
Event: 0,319 Thread 0x00007f8c2c012000 Uncommon trap: reason=unstable_if action=reinterpret pc=0x00007f8c1962850c method=java.lang.StringLatin1.replace([BCC)Ljava/lang/String; @ 19 c2
Event: 0,406 Thread 0x00007f8c2c012000 Uncommon trap: reason=null_check action=make_not_entrant pc=0x00007f8c1961d3f4 method=java.lang.String.equals(Ljava/lang/Object;)Z @ 8 c2
Event: 0,605 Thread 0x00007f8c2c012000 Uncommon trap: reason=class_check action=maybe_recompile pc=0x00007f8c1965187c method=java.util.HashMap.putVal(ILjava/lang/Object;Ljava/lang/Object;ZZ)Ljava/lang/Object; @ 253 c2
Event: 0,605 Thread 0x00007f8c2c012000 Uncommon trap: reason=class_check action=maybe_recompile pc=0x00007f8c1965187c method=java.util.HashMap.putVal(ILjava/lang/Object;Ljava/lang/Object;ZZ)Ljava/lang/Object; @ 253 c2
Event: 0,606 Thread 0x00007f8c2c012000 Uncommon trap: reason=class_check action=maybe_recompile pc=0x00007f8c1965187c method=java.util.HashMap.putVal(ILjava/lang/Object;Ljava/lang/Object;ZZ)Ljava/lang/Object; @ 253 c2
Event: 0,606 Thread 0x00007f8c2c012000 Uncommon trap: reason=class_check action=maybe_recompile pc=0x00007f8c1965187c method=java.util.HashMap.putVal(ILjava/lang/Object;Ljava/lang/Object;ZZ)Ljava/lang/Object; @ 253 c2
Event: 0,660 Thread 0x00007f8c2c012000 Uncommon trap: reason=unstable_if action=reinterpret pc=0x00007f8c196569ac method=java.lang.AbstractStringBuilder.putStringAt(ILjava/lang/String;)V @ 8 c2
Event: 0,661 Thread 0x00007f8c2c012000 Uncommon trap: reason=unstable_if action=reinterpret pc=0x00007f8c1964e8e4 method=java.lang.String.getBytes([BIB)V @ 5 c2
Event: 0,727 Thread 0x00007f8c2c012000 Uncommon trap: reason=unstable_if action=reinterpret pc=0x00007f8c1961899c method=java.lang.String.charAt(I)C @ 4 c2
Event: 0,788 Thread 0x00007f8c2c012000 Uncommon trap: reason=unstable_if action=reinterpret pc=0x00007f8c19641184 method=jdk.internal.org.objectweb.asm.Type.getArgumentsAndReturnSizes(Ljava/lang/String;)I @ 88 c2

Classes redefined (0 events):
No events

Internal exceptions (10 events):
Event: 0,578 Thread 0x00007f8c2c012000 Exception <a 'java/lang/NoSuchMethodError'{0x000000072ea27248}: java.lang.invoke.DirectMethodHandle$Holder.invokeStatic(Ljava/lang/Object;Ljava/lang/Object;Ljava/lang/Object;Ljava/lang/Object;Ljava/lang/Object;Ljava/lang/Object;Ljava/lang/Object;Ljava/lan
Event: 0,580 Thread 0x00007f8c2c012000 Exception <a 'java/lang/NoSuchMethodError'{0x000000072ea35dd8}: java.lang.invoke.DirectMethodHandle$Holder.invokeStatic(Ljava/lang/Object;Ljava/lang/Object;Ljava/lang/Object;Ljava/lang/Object;Ljava/lang/Object;Ljava/lang/Object;Ljava/lang/Object;Ljava/lan
Event: 0,582 Thread 0x00007f8c2c012000 Exception <a 'java/lang/NoSuchMethodError'{0x000000072ea44e50}: method resolution failed> (0x000000072ea44e50) thrown at [/scratch/opt/mach5/mesos/work_dir/slaves/5af44a71-976a-41b7-81de-5773b84ec572-S39643/frameworks/1735e8a2-a1db-478c-8104-60c8b0af87dd-
Event: 0,711 Thread 0x00007f8c2c012000 Exception <a 'java/lang/NoSuchMethodError'{0x000000072e82a3b8}: java.lang.invoke.DirectMethodHandle$Holder.invokeStatic(Ljava/lang/Object;Ljava/lang/Object;Ljava/lang/Object;Ljava/lang/Object;Ljava/lang/Object;Ljava/lang/Object;Ljava/lang/Object;Ljava/lan
Event: 0,713 Thread 0x00007f8c2c012000 Exception <a 'java/lang/NoSuchMethodError'{0x000000072e848bb0}: java.lang.invoke.DirectMethodHandle$Holder.invokeStatic(Ljava/lang/Object;Ljava/lang/Object;Ljava/lang/Object;Ljava/lang/Object;Ljava/lang/Object;Ljava/lang/Object;Ljava/lang/Object;Ljava/lan
Event: 0,715 Thread 0x00007f8c2c012000 Exception <a 'java/lang/NoSuchMethodError'{0x000000072e867fc0}: java.lang.invoke.DirectMethodHandle$Holder.invokeStatic(Ljava/lang/Object;Ljava/lang/Object;Ljava/lang/Object;Ljava/lang/Object;Ljava/lang/Object;Ljava/lang/Object;Ljava/lang/Object;Ljava/lan
Event: 0,718 Thread 0x00007f8c2c012000 Exception <a 'java/lang/NoSuchMethodError'{0x000000072e888ba0}: java.lang.invoke.DirectMethodHandle$Holder.invokeStatic(Ljava/lang/Object;Ljava/lang/Object;Ljava/lang/Object;Ljava/lang/Object;Ljava/lang/Object;Ljava/lang/Object;Ljava/lang/Object;Ljava/lan
Event: 0,790 Thread 0x00007f8c2c012000 Exception <a 'java/lang/NoSuchMethodError'{0x000000072e8cef70}: java.lang.Object.lambda$negate$3(I)Z> (0x000000072e8cef70) thrown at [/scratch/opt/mach5/mesos/work_dir/slaves/5af44a71-976a-41b7-81de-5773b84ec572-S39643/frameworks/1735e8a2-a1db-478c-8104-6
Event: 0,795 Thread 0x00007f8c2c012000 Exception <a 'java/lang/NoSuchMethodError'{0x000000072e8d22b0}: java.lang.Object.lambda$and$0(Ljava/util/regex/Pattern$CharPredicate;I)Z> (0x000000072e8d22b0) thrown at [/scratch/opt/mach5/mesos/work_dir/slaves/5af44a71-976a-41b7-81de-5773b84ec572-S39643/
Event: 0,845 Thread 0x00007f8c2c012000 Exception <a 'java/lang/NoSuchMethodError'{0x000000072e71b8e8}: java.lang.Object.lambda$union$2(Ljava/util/regex/Pattern$CharPredicate;I)Z> (0x000000072e71b8e8) thrown at [/scratch/opt/mach5/mesos/work_dir/slaves/5af44a71-976a-41b7-81de-5773b84ec572-S3964

Events (10 events):
Event: 57,896 loading class java/util/Formatter$FormatString done
Event: 57,896 loading class java/util/Formatter$FormatSpecifier done
Event: 57,897 loading class java/util/Formatter$Flags
Event: 57,897 loading class java/util/Formatter$Flags done
Event: 57,897 loading class java/util/Formatter$Conversion
Event: 57,897 loading class java/util/Formatter$Conversion done
Event: 57,897 loading class java/util/Formatter$FixedString
Event: 57,897 loading class java/util/Formatter$FixedString done
Event: 72,360 Executing VM operation: G1IncCollectionPause
Event: 72,378 Executing VM operation: G1IncCollectionPause done


Dynamic libraries:
00400000-00401000 r-xp 00000000 08:04 1318390                            /usr/lib/jvm/java-9-oracle/bin/java
00600000-00601000 rw-p 00000000 08:04 1318390                            /usr/lib/jvm/java-9-oracle/bin/java
01abb000-01adc000 rw-p 00000000 00:00 0                                  [heap]
725800000-72f400000 rw-p 00000000 00:00 0 
72f400000-7c0000000 ---p 00000000 00:00 0 
7c0000000-7c0200000 rw-p 00000000 00:00 0 
7c0200000-800000000 ---p 00000000 00:00 0 
7f8b84000000-7f8b84021000 rw-p 00000000 00:00 0 
7f8b84021000-7f8b88000000 ---p 00000000 00:00 0 
7f8b8c000000-7f8b8c021000 rw-p 00000000 00:00 0 
7f8b8c021000-7f8b90000000 ---p 00000000 00:00 0 
7f8b90000000-7f8b90344000 rw-p 00000000 00:00 0 
7f8b90344000-7f8b94000000 ---p 00000000 00:00 0 
7f8b94000000-7f8b9402a000 rw-p 00000000 00:00 0 
7f8b9402a000-7f8b98000000 ---p 00000000 00:00 0 
7f8b98000000-7f8b98021000 rw-p 00000000 00:00 0 
7f8b98021000-7f8b9c000000 ---p 00000000 00:00 0 
7f8b9ef70000-7f8b9efb0000 rw-p 00000000 00:00 0 
7f8b9efb0000-7f8b9f170000 ---p 00000000 00:00 0 
7f8b9f170000-7f8b9f174000 ---p 00000000 00:00 0 
7f8b9f174000-7f8b9f271000 rw-p 00000000 00:00 0 
7f8b9f271000-7f8b9f275000 ---p 00000000 00:00 0 
7f8b9f275000-7f8b9f572000 rw-p 00000000 00:00 0 
7f8b9f572000-7f8b9f5e0000 r-xp 00000000 08:04 1318801                    /usr/lib/jvm/java-9-oracle/lib/libt2k.so
7f8b9f5e0000-7f8b9f7df000 ---p 0006e000 08:04 1318801                    /usr/lib/jvm/java-9-oracle/lib/libt2k.so
7f8b9f7df000-7f8b9f7e6000 rw-p 0006d000 08:04 1318801                    /usr/lib/jvm/java-9-oracle/lib/libt2k.so
7f8b9f7e6000-7f8b9f9f8000 rw-p 00000000 00:00 0 
7f8b9f9f8000-7f8b9f9fc000 ---p 00000000 00:00 0 
7f8b9f9fc000-7f8b9faf9000 rw-p 00000000 00:00 0 
7f8b9faf9000-7f8b9fafd000 ---p 00000000 00:00 0 
7f8b9fafd000-7f8b9fdfa000 rw-p 00000000 00:00 0 
7f8b9fdfa000-7f8b9fdff000 r-xp 00000000 08:04 1320134                    /usr/lib/x86_64-linux-gnu/libXfixes.so.3.1.0
7f8b9fdff000-7f8b9fffe000 ---p 00005000 08:04 1320134                    /usr/lib/x86_64-linux-gnu/libXfixes.so.3.1.0
7f8b9fffe000-7f8b9ffff000 r--p 00004000 08:04 1320134                    /usr/lib/x86_64-linux-gnu/libXfixes.so.3.1.0
7f8b9ffff000-7f8ba0000000 rw-p 00005000 08:04 1320134                    /usr/lib/x86_64-linux-gnu/libXfixes.so.3.1.0
7f8ba0000000-7f8ba0022000 rw-p 00000000 00:00 0 
7f8ba0022000-7f8ba4000000 ---p 00000000 00:00 0 
7f8ba4000000-7f8ba4021000 rw-p 00000000 00:00 0 
7f8ba4021000-7f8ba8000000 ---p 00000000 00:00 0 
7f8ba8000000-7f8ba8021000 rw-p 00000000 00:00 0 
7f8ba8021000-7f8bac000000 ---p 00000000 00:00 0 
7f8bac067000-7f8bac072000 r--s 00000000 08:04 3410850                    /var/cache/fontconfig/945677eb7aeaf62f1d50efc3fb3ec7d8-le64.cache-6
7f8bac072000-7f8bac078000 r--s 00000000 08:04 3412758                    /var/cache/fontconfig/2cd17615ca594fa2959ae173292e504c-le64.cache-6
7f8bac078000-7f8bac07c000 r--s 00000000 08:04 3412818                    /var/cache/fontconfig/de156ccd2eddbdc19d37a45b8b2aac9c-le64.cache-6
7f8bac07c000-7f8bac091000 r--s 00000000 08:04 3412756                    /var/cache/fontconfig/04aabc0a78ac019cf9454389977116d2-le64.cache-6
7f8bac091000-7f8bac095000 r--s 00000000 08:04 3412754                    /var/cache/fontconfig/385c0604a188198f04d133e54aba7fe7-le64.cache-6
7f8bac095000-7f8bac098000 r--s 00000000 08:04 3412149                    /var/cache/fontconfig/767a8244fc0220cfb567a839d0392e0b-le64.cache-6
7f8bac098000-7f8bac09d000 r--s 00000000 08:04 3412751                    /var/cache/fontconfig/8801497958630a81b71ace7c5f9b32a8-le64.cache-6
7f8bac09d000-7f8bac0a1000 r--s 00000000 08:04 3412198                    /var/cache/fontconfig/c57959a16110560c8d0fcea73374aeeb-le64.cache-6
7f8bac0a1000-7f8bac0a8000 r--s 00000000 08:04 3412749                    /var/cache/fontconfig/3047814df9a2f067bd2d96a2b9c36e5a-le64.cache-6
7f8bac0a8000-7f8bac0ae000 r--s 00000000 08:04 3412746                    /var/cache/fontconfig/b47c4e1ecd0709278f4910c18777a504-le64.cache-6
7f8bac0ae000-7f8bac0c1000 r--s 00000000 08:04 3412745                    /var/cache/fontconfig/d52a8644073d54c13679302ca1180695-le64.cache-6
7f8bac0c1000-7f8bac0c5000 r--s 00000000 08:04 3412743                    /var/cache/fontconfig/d589a48862398ed80a3d6066f4f56f4c-le64.cache-6
7f8bac0c5000-7f8bac0d0000 r--s 00000000 08:04 3412296                    /var/cache/fontconfig/83bf95040141907cd45bb53cf7c1c148-le64.cache-6
7f8bac0d0000-7f8bac0d4000 ---p 00000000 00:00 0 
7f8bac0d4000-7f8bac1d1000 rw-p 00000000 00:00 0 
7f8bac1d1000-7f8bac1da000 r-xp 00000000 08:04 1310778                    /usr/lib/x86_64-linux-gnu/libXcursor.so.1.0.2
7f8bac1da000-7f8bac3d9000 ---p 00009000 08:04 1310778                    /usr/lib/x86_64-linux-gnu/libXcursor.so.1.0.2
7f8bac3d9000-7f8bac3da000 r--p 00008000 08:04 1310778                    /usr/lib/x86_64-linux-gnu/libXcursor.so.1.0.2
7f8bac3da000-7f8bac3db000 rw-p 00009000 08:04 1310778                    /usr/lib/x86_64-linux-gnu/libXcursor.so.1.0.2
7f8bac3db000-7f8bac3df000 ---p 00000000 00:00 0 
7f8bac3df000-7f8bac4dc000 rw-p 00000000 00:00 0 
7f8bac4dc000-7f8bac4dd000 ---p 00000000 00:00 0 
7f8bac4dd000-7f8baccdd000 rw-p 00000000 00:00 0 
7f8baccdd000-7f8baccde000 ---p 00000000 00:00 0 
7f8baccde000-7f8bad4de000 rw-p 00000000 00:00 0 
7f8bad4de000-7f8bad4df000 ---p 00000000 00:00 0 
7f8bad4df000-7f8badcdf000 rw-p 00000000 00:00 0 
7f8badcdf000-7f8badcea000 r-xp 00000000 08:04 1837347                    /usr/lib/x86_64-linux-gnu/gio/modules/libdconfsettings.so
7f8badcea000-7f8badeea000 ---p 0000b000 08:04 1837347                    /usr/lib/x86_64-linux-gnu/gio/modules/libdconfsettings.so
7f8badeea000-7f8badeeb000 r--p 0000b000 08:04 1837347                    /usr/lib/x86_64-linux-gnu/gio/modules/libdconfsettings.so
7f8badeeb000-7f8badeec000 rw-p 0000c000 08:04 1837347                    /usr/lib/x86_64-linux-gnu/gio/modules/libdconfsettings.so
7f8badeec000-7f8badf32000 r--p 00000000 08:04 2490813                    /usr/share/glib-2.0/schemas/gschemas.compiled
7f8badf32000-7f8badfa0000 r-xp 00000000 08:04 1578115                    /lib/x86_64-linux-gnu/libpcre.so.3.13.2
7f8badfa0000-7f8bae1a0000 ---p 0006e000 08:04 1578115                    /lib/x86_64-linux-gnu/libpcre.so.3.13.2
7f8bae1a0000-7f8bae1a1000 r--p 0006e000 08:04 1578115                    /lib/x86_64-linux-gnu/libpcre.so.3.13.2
7f8bae1a1000-7f8bae1a2000 rw-p 0006f000 08:04 1578115                    /lib/x86_64-linux-gnu/libpcre.so.3.13.2
7f8bae1a2000-7f8bae1a9000 r-xp 00000000 08:04 1320502                    /usr/lib/x86_64-linux-gnu/libffi.so.6.0.4
7f8bae1a9000-7f8bae3a8000 ---p 00007000 08:04 1320502                    /usr/lib/x86_64-linux-gnu/libffi.so.6.0.4
7f8bae3a8000-7f8bae3a9000 r--p 00006000 08:04 1320502                    /usr/lib/x86_64-linux-gnu/libffi.so.6.0.4
7f8bae3a9000-7f8bae3aa000 rw-p 00007000 08:04 1320502                    /usr/lib/x86_64-linux-gnu/libffi.so.6.0.4
7f8bae3aa000-7f8bae3c1000 r-xp 00000000 08:04 1573093                    /lib/x86_64-linux-gnu/libresolv-2.23.so
7f8bae3c1000-7f8bae5c1000 ---p 00017000 08:04 1573093                    /lib/x86_64-linux-gnu/libresolv-2.23.so
7f8bae5c1000-7f8bae5c2000 r--p 00017000 08:04 1573093                    /lib/x86_64-linux-gnu/libresolv-2.23.so
7f8bae5c2000-7f8bae5c3000 rw-p 00018000 08:04 1573093                    /lib/x86_64-linux-gnu/libresolv-2.23.so
7f8bae5c3000-7f8bae5c5000 rw-p 00000000 00:00 0 
7f8bae5c5000-7f8bae5e4000 r-xp 00000000 08:04 1578144                    /lib/x86_64-linux-gnu/libselinux.so.1
7f8bae5e4000-7f8bae7e3000 ---p 0001f000 08:04 1578144                    /lib/x86_64-linux-gnu/libselinux.so.1
7f8bae7e3000-7f8bae7e4000 r--p 0001e000 08:04 1578144                    /lib/x86_64-linux-gnu/libselinux.so.1
7f8bae7e4000-7f8bae7e5000 rw-p 0001f000 08:04 1578144                    /lib/x86_64-linux-gnu/libselinux.so.1
7f8bae7e5000-7f8bae7e7000 rw-p 00000000 00:00 0 
7f8bae7e7000-7f8bae8f6000 r-xp 00000000 08:04 1578630                    /lib/x86_64-linux-gnu/libglib-2.0.so.0.4800.2
7f8bae8f6000-7f8baeaf5000 ---p 0010f000 08:04 1578630                    /lib/x86_64-linux-gnu/libglib-2.0.so.0.4800.2
7f8baeaf5000-7f8baeaf6000 r--p 0010e000 08:04 1578630                    /lib/x86_64-linux-gnu/libglib-2.0.so.0.4800.2
7f8baeaf6000-7f8baeaf7000 rw-p 0010f000 08:04 1578630                    /lib/x86_64-linux-gnu/libglib-2.0.so.0.4800.2
7f8baeaf7000-7f8baeaf8000 rw-p 00000000 00:00 0 
7f8baeaf8000-7f8baeafb000 r-xp 00000000 08:04 1310924                    /usr/lib/x86_64-linux-gnu/libgmodule-2.0.so.0.4800.2
7f8baeafb000-7f8baecfa000 ---p 00003000 08:04 1310924                    /usr/lib/x86_64-linux-gnu/libgmodule-2.0.so.0.4800.2
7f8baecfa000-7f8baecfb000 r--p 00002000 08:04 1310924                    /usr/lib/x86_64-linux-gnu/libgmodule-2.0.so.0.4800.2
7f8baecfb000-7f8baecfc000 rw-p 00003000 08:04 1310924                    /usr/lib/x86_64-linux-gnu/libgmodule-2.0.so.0.4800.2
7f8baecfc000-7f8baed4e000 r-xp 00000000 08:04 1310925                    /usr/lib/x86_64-linux-gnu/libgobject-2.0.so.0.4800.2
7f8baed4e000-7f8baef4d000 ---p 00052000 08:04 1310925                    /usr/lib/x86_64-linux-gnu/libgobject-2.0.so.0.4800.2
7f8baef4d000-7f8baef4e000 r--p 00051000 08:04 1310925                    /usr/lib/x86_64-linux-gnu/libgobject-2.0.so.0.4800.2
7f8baef4e000-7f8baef4f000 rw-p 00052000 08:04 1310925                    /usr/lib/x86_64-linux-gnu/libgobject-2.0.so.0.4800.2
7f8baef4f000-7f8baf0cf000 r-xp 00000000 08:04 1310926                    /usr/lib/x86_64-linux-gnu/libgio-2.0.so.0.4800.2
7f8baf0cf000-7f8baf2cf000 ---p 00180000 08:04 1310926                    /usr/lib/x86_64-linux-gnu/libgio-2.0.so.0.4800.2
7f8baf2cf000-7f8baf2d3000 r--p 00180000 08:04 1310926                    /usr/lib/x86_64-linux-gnu/libgio-2.0.so.0.4800.2
7f8baf2d3000-7f8baf2d5000 rw-p 00184000 08:04 1310926                    /usr/lib/x86_64-linux-gnu/libgio-2.0.so.0.4800.2
7f8baf2d5000-7f8baf2d7000 rw-p 00000000 00:00 0 
7f8baf2d7000-7f8baf2e1000 r-xp 00000000 08:04 1320150                    /usr/lib/x86_64-linux-gnu/libXrandr.so.2.2.0
7f8baf2e1000-7f8baf4e0000 ---p 0000a000 08:04 1320150                    /usr/lib/x86_64-linux-gnu/libXrandr.so.2.2.0
7f8baf4e0000-7f8baf4e1000 r--p 00009000 08:04 1320150                    /usr/lib/x86_64-linux-gnu/libXrandr.so.2.2.0
7f8baf4e1000-7f8baf4e2000 rw-p 0000a000 08:04 1320150                    /usr/lib/x86_64-linux-gnu/libXrandr.so.2.2.0
7f8baf4e2000-7f8baf6e2000 rw-p 00000000 00:00 0 
7f8baf6e2000-7f8baf7bc000 r-xp 00000000 08:04 1319039                    /usr/lib/jvm/java-9-oracle/lib/libfontmanager.so
7f8baf7bc000-7f8baf9bc000 ---p 000da000 08:04 1319039                    /usr/lib/jvm/java-9-oracle/lib/libfontmanager.so
7f8baf9bc000-7f8baf9c1000 rw-p 000da000 08:04 1319039                    /usr/lib/jvm/java-9-oracle/lib/libfontmanager.so
7f8baf9c1000-7f8baf9d4000 rw-p 00000000 00:00 0 
7f8baf9d4000-7f8baf9d9000 r-xp 00000000 08:04 1320130                    /usr/lib/x86_64-linux-gnu/libXdmcp.so.6.0.0
7f8baf9d9000-7f8bafbd8000 ---p 00005000 08:04 1320130                    /usr/lib/x86_64-linux-gnu/libXdmcp.so.6.0.0
7f8bafbd8000-7f8bafbd9000 r--p 00004000 08:04 1320130                    /usr/lib/x86_64-linux-gnu/libXdmcp.so.6.0.0
7f8bafbd9000-7f8bafbda000 rw-p 00005000 08:04 1320130                    /usr/lib/x86_64-linux-gnu/libXdmcp.so.6.0.0
7f8bafbda000-7f8bafbdc000 r-xp 00000000 08:04 1320119                    /usr/lib/x86_64-linux-gnu/libXau.so.6.0.0
7f8bafbdc000-7f8bafddc000 ---p 00002000 08:04 1320119                    /usr/lib/x86_64-linux-gnu/libXau.so.6.0.0
7f8bafddc000-7f8bafddd000 r--p 00002000 08:04 1320119                    /usr/lib/x86_64-linux-gnu/libXau.so.6.0.0
7f8bafddd000-7f8bafdde000 rw-p 00003000 08:04 1320119                    /usr/lib/x86_64-linux-gnu/libXau.so.6.0.0
7f8bafdde000-7f8bafdff000 r-xp 00000000 08:04 1321497                    /usr/lib/x86_64-linux-gnu/libxcb.so.1.1.0
7f8bafdff000-7f8bafffe000 ---p 00021000 08:04 1321497                    /usr/lib/x86_64-linux-gnu/libxcb.so.1.1.0
7f8bafffe000-7f8baffff000 r--p 00020000 08:04 1321497                    /usr/lib/x86_64-linux-gnu/libxcb.so.1.1.0
7f8baffff000-7f8bb0000000 rw-p 00021000 08:04 1321497                    /usr/lib/x86_64-linux-gnu/libxcb.so.1.1.0
7f8bb0000000-7f8bb0021000 rw-p 00000000 00:00 0 
7f8bb0021000-7f8bb4000000 ---p 00000000 00:00 0 
7f8bb4000000-7f8bb4021000 rw-p 00000000 00:00 0 
7f8bb4021000-7f8bb8000000 ---p 00000000 00:00 0 
7f8bb8000000-7f8bb8021000 rw-p 00000000 00:00 0 
7f8bb8021000-7f8bbc000000 ---p 00000000 00:00 0 
7f8bbc000000-7f8bbc021000 rw-p 00000000 00:00 0 
7f8bbc021000-7f8bc0000000 ---p 00000000 00:00 0 
7f8bc0000000-7f8bc052f000 rw-p 00000000 00:00 0 
7f8bc052f000-7f8bc4000000 ---p 00000000 00:00 0 
7f8bc4000000-7f8bc46fb000 rw-p 00000000 00:00 0 
7f8bc46fb000-7f8bc8000000 ---p 00000000 00:00 0 
7f8bc8000000-7f8bc8021000 rw-p 00000000 00:00 0 
7f8bc8021000-7f8bcc000000 ---p 00000000 00:00 0 
7f8bcc000000-7f8bcc9b4000 rw-p 00000000 00:00 0 
7f8bcc9b4000-7f8bd0000000 ---p 00000000 00:00 0 
7f8bd0000000-7f8bd0021000 rw-p 00000000 00:00 0 
7f8bd0021000-7f8bd4000000 ---p 00000000 00:00 0 
7f8bd4000000-7f8bd4021000 rw-p 00000000 00:00 0 
7f8bd4021000-7f8bd8000000 ---p 00000000 00:00 0 
7f8bd8000000-7f8bd8021000 rw-p 00000000 00:00 0 
7f8bd8021000-7f8bdc000000 ---p 00000000 00:00 0 
7f8bdc000000-7f8bdc021000 rw-p 00000000 00:00 0 
7f8bdc021000-7f8be0000000 ---p 00000000 00:00 0 
7f8be0000000-7f8be0021000 rw-p 00000000 00:00 0 
7f8be0021000-7f8be4000000 ---p 00000000 00:00 0 
7f8be4000000-7f8be4001000 r--s 00000000 08:04 3412757                    /var/cache/fontconfig/0d8c3b2ac0904cb8a57a757ad11a4a08-le64.cache-6
7f8be4001000-7f8be4002000 r--s 00000000 08:04 3412755                    /var/cache/fontconfig/1ac9eb803944fde146138c791f5cc56a-le64.cache-6
7f8be4002000-7f8be4014000 r--s 00000000 08:04 3410268                    /var/cache/fontconfig/9b89f8e3dae116d678bbf48e5f21f69b-le64.cache-6
7f8be4014000-7f8be4021000 r--s 00000000 08:04 3410436                    /var/cache/fontconfig/e13b20fdb08344e0e664864cc2ede53d-le64.cache-6
7f8be4021000-7f8be4030000 r-xp 00000000 08:04 1320140                    /usr/lib/x86_64-linux-gnu/libXi.so.6.1.0
7f8be4030000-7f8be422f000 ---p 0000f000 08:04 1320140                    /usr/lib/x86_64-linux-gnu/libXi.so.6.1.0
7f8be422f000-7f8be4230000 r--p 0000e000 08:04 1320140                    /usr/lib/x86_64-linux-gnu/libXi.so.6.1.0
7f8be4230000-7f8be4231000 rw-p 0000f000 08:04 1320140                    /usr/lib/x86_64-linux-gnu/libXi.so.6.1.0
7f8be4231000-7f8be4236000 r-xp 00000000 08:04 1320158                    /usr/lib/x86_64-linux-gnu/libXtst.so.6.1.0
7f8be4236000-7f8be4435000 ---p 00005000 08:04 1320158                    /usr/lib/x86_64-linux-gnu/libXtst.so.6.1.0
7f8be4435000-7f8be4436000 r--p 00004000 08:04 1320158                    /usr/lib/x86_64-linux-gnu/libXtst.so.6.1.0
7f8be4436000-7f8be4437000 rw-p 00005000 08:04 1320158                    /usr/lib/x86_64-linux-gnu/libXtst.so.6.1.0
7f8be4437000-7f8be4440000 r-xp 00000000 08:04 1320152                    /usr/lib/x86_64-linux-gnu/libXrender.so.1.3.0
7f8be4440000-7f8be463f000 ---p 00009000 08:04 1320152                    /usr/lib/x86_64-linux-gnu/libXrender.so.1.3.0
7f8be463f000-7f8be4640000 r--p 00008000 08:04 1320152                    /usr/lib/x86_64-linux-gnu/libXrender.so.1.3.0
7f8be4640000-7f8be4641000 rw-p 00009000 08:04 1320152                    /usr/lib/x86_64-linux-gnu/libXrender.so.1.3.0
7f8be4641000-7f8be4776000 r-xp 00000000 08:04 1312195                    /usr/lib/x86_64-linux-gnu/libX11.so.6.3.0
7f8be4776000-7f8be4976000 ---p 00135000 08:04 1312195                    /usr/lib/x86_64-linux-gnu/libX11.so.6.3.0
7f8be4976000-7f8be4977000 r--p 00135000 08:04 1312195                    /usr/lib/x86_64-linux-gnu/libX11.so.6.3.0
7f8be4977000-7f8be497b000 rw-p 00136000 08:04 1312195                    /usr/lib/x86_64-linux-gnu/libX11.so.6.3.0
7f8be497b000-7f8be498c000 r-xp 00000000 08:04 1320132                    /usr/lib/x86_64-linux-gnu/libXext.so.6.4.0
7f8be498c000-7f8be4b8b000 ---p 00011000 08:04 1320132                    /usr/lib/x86_64-linux-gnu/libXext.so.6.4.0
7f8be4b8b000-7f8be4b8c000 r--p 00010000 08:04 1320132                    /usr/lib/x86_64-linux-gnu/libXext.so.6.4.0
7f8be4b8c000-7f8be4b8d000 rw-p 00011000 08:04 1320132                    /usr/lib/x86_64-linux-gnu/libXext.so.6.4.0
7f8be4b8d000-7f8be4beb000 r-xp 00000000 08:04 1318793                    /usr/lib/jvm/java-9-oracle/lib/libawt_xawt.so
7f8be4beb000-7f8be4deb000 ---p 0005e000 08:04 1318793                    /usr/lib/jvm/java-9-oracle/lib/libawt_xawt.so
7f8be4deb000-7f8be4dee000 rw-p 0005e000 08:04 1318793                    /usr/lib/jvm/java-9-oracle/lib/libawt_xawt.so
7f8be4dee000-7f8be4df0000 rw-p 00000000 00:00 0 
7f8be4df0000-7f8be4e8e000 r-xp 00000000 08:04 1319112                    /usr/lib/jvm/java-9-oracle/lib/libawt.so
7f8be4e8e000-7f8be508e000 ---p 0009e000 08:04 1319112                    /usr/lib/jvm/java-9-oracle/lib/libawt.so
7f8be508e000-7f8be509a000 rw-p 0009e000 08:04 1319112                    /usr/lib/jvm/java-9-oracle/lib/libawt.so
7f8be509a000-7f8be50be000 rw-p 00000000 00:00 0 
7f8be50be000-7f8be50bf000 ---p 00000000 00:00 0 
7f8be50bf000-7f8be51bf000 rw-p 00000000 00:00 0 
7f8be51bf000-7f8be51c3000 ---p 00000000 00:00 0 
7f8be51c3000-7f8be52c0000 rw-p 00000000 00:00 0 
7f8be52c0000-7f8be72c0000 rwxp 00000000 00:00 0 
7f8be72c0000-7f8be7530000 rw-p 00000000 00:00 0 
7f8be7530000-7f8be9960000 ---p 00000000 00:00 0 
7f8be9960000-7f8be9bd0000 rw-p 00000000 00:00 0 
7f8be9bd0000-7f8bec000000 ---p 00000000 00:00 0 
7f8bec000000-7f8bec021000 rw-p 00000000 00:00 0 
7f8bec021000-7f8bf0000000 ---p 00000000 00:00 0 
7f8bf0000000-7f8bf0021000 rw-p 00000000 00:00 0 
7f8bf0021000-7f8bf4000000 ---p 00000000 00:00 0 
7f8bf4000000-7f8bf4021000 rw-p 00000000 00:00 0 
7f8bf4021000-7f8bf8000000 ---p 00000000 00:00 0 
7f8bf8000000-7f8bf8021000 rw-p 00000000 00:00 0 
7f8bf8021000-7f8bfc000000 ---p 00000000 00:00 0 
7f8bfc000000-7f8bfc021000 rw-p 00000000 00:00 0 
7f8bfc021000-7f8c00000000 ---p 00000000 00:00 0 
7f8c00000000-7f8c00021000 rw-p 00000000 00:00 0 
7f8c00021000-7f8c04000000 ---p 00000000 00:00 0 
7f8c04000000-7f8c04021000 rw-p 00000000 00:00 0 
7f8c04021000-7f8c08000000 ---p 00000000 00:00 0 
7f8c08000000-7f8c08021000 rw-p 00000000 00:00 0 
7f8c08021000-7f8c0c000000 ---p 00000000 00:00 0 
7f8c0c000000-7f8c0c021000 rw-p 00000000 00:00 0 
7f8c0c021000-7f8c10000000 ---p 00000000 00:00 0 
7f8c10000000-7f8c10001000 r--s 00000000 08:04 3412753                    /var/cache/fontconfig/dc05db6664285cc2f12bf69c139ae4c3-le64.cache-6
7f8c10001000-7f8c10002000 r--s 00000000 08:04 3424041                    /var/cache/fontconfig/4794a0821666d79190d59a36cb4f44b5-le64.cache-6
7f8c10002000-7f8c10003000 r--s 00000000 08:04 3412750                    /var/cache/fontconfig/bab58bb527bb656aaa9f116d68a48d89-le64.cache-6
7f8c10003000-7f8c1001c000 r--p 00000000 08:04 2232792                    /usr/share/locale-langpack/pt/LC_MESSAGES/libc.mo
7f8c1001c000-7f8c10035000 r--p 00000000 08:04 2232692                    /usr/share/locale-langpack/pt/LC_MESSAGES/glib20.mo
7f8c10035000-7f8c10039000 ---p 00000000 00:00 0 
7f8c10039000-7f8c10136000 rw-p 00000000 00:00 0 
7f8c10136000-7f8c1014c000 r-xp 00000000 08:04 1318906                    /usr/lib/jvm/java-9-oracle/lib/libnet.so
7f8c1014c000-7f8c1034c000 ---p 00016000 08:04 1318906                    /usr/lib/jvm/java-9-oracle/lib/libnet.so
7f8c1034c000-7f8c1034d000 rw-p 00016000 08:04 1318906                    /usr/lib/jvm/java-9-oracle/lib/libnet.so
7f8c1034d000-7f8c1035d000 r-xp 00000000 08:04 1319123                    /usr/lib/jvm/java-9-oracle/lib/libnio.so
7f8c1035d000-7f8c1055d000 ---p 00010000 08:04 1319123                    /usr/lib/jvm/java-9-oracle/lib/libnio.so
7f8c1055d000-7f8c1055e000 rw-p 00010000 08:04 1319123                    /usr/lib/jvm/java-9-oracle/lib/libnio.so
7f8c1055e000-7f8c10562000 ---p 00000000 00:00 0 
7f8c10562000-7f8c1065f000 rw-p 00000000 00:00 0 
7f8c1065f000-7f8c10663000 ---p 00000000 00:00 0 
7f8c10663000-7f8c10760000 rw-p 00000000 00:00 0 
7f8c10760000-7f8c10764000 ---p 00000000 00:00 0 
7f8c10764000-7f8c10861000 rw-p 00000000 00:00 0 
7f8c10861000-7f8c10865000 ---p 00000000 00:00 0 
7f8c10865000-7f8c10962000 rw-p 00000000 00:00 0 
7f8c10962000-7f8c10966000 ---p 00000000 00:00 0 
7f8c10966000-7f8c10a63000 rw-p 00000000 00:00 0 
7f8c10a63000-7f8c10d3d000 r--p 00000000 08:04 1311835                    /usr/lib/locale/locale-archive
7f8c10d3d000-7f8c10d41000 ---p 00000000 00:00 0 
7f8c10d41000-7f8c10e3e000 rw-p 00000000 00:00 0 
7f8c10e3e000-7f8c10e42000 ---p 00000000 00:00 0 
7f8c10e42000-7f8c10f3f000 rw-p 00000000 00:00 0 
7f8c10f3f000-7f8c10f40000 ---p 00000000 00:00 0 
7f8c10f40000-7f8c11840000 rw-p 00000000 00:00 0 
7f8c11840000-7f8c11b43000 rw-p 00000000 00:00 0 
7f8c11b43000-7f8c11db3000 rwxp 00000000 00:00 0 
7f8c11db3000-7f8c120d3000 ---p 00000000 00:00 0 
7f8c120d3000-7f8c123d3000 rwxp 00000000 00:00 0 
7f8c123d3000-7f8c1960b000 ---p 00000000 00:00 0 
7f8c1960b000-7f8c1987b000 rwxp 00000000 00:00 0 
7f8c1987b000-7f8c20b43000 ---p 00000000 00:00 0 
7f8c20b43000-7f8c2c000000 r--s 00000000 08:04 1319087                    /usr/lib/jvm/java-9-oracle/lib/modules
7f8c2c000000-7f8c2c6ad000 rw-p 00000000 00:00 0 
7f8c2c6ad000-7f8c30000000 ---p 00000000 00:00 0 
7f8c30000000-7f8c30001000 r--s 00000000 08:04 3412748                    /var/cache/fontconfig/56cf4f4769d0f4abc89a4895d7bd3ae1-le64.cache-6
7f8c30001000-7f8c30002000 r--s 00000000 08:04 3412747                    /var/cache/fontconfig/b9d506c9ac06c20b433354fa67a72993-le64.cache-6
7f8c30002000-7f8c30003000 r--s 00000000 08:04 3412744                    /var/cache/fontconfig/551ecf3b0e8b0bca0f25c0944f561853-le64.cache-6
7f8c30003000-7f8c30004000 r--s 00000000 08:04 3412742                    /var/cache/fontconfig/30829fa25452a46451e813d634d7f916-le64.cache-6
7f8c30004000-7f8c30005000 r--s 00000000 08:04 3412741                    /var/cache/fontconfig/0c9eb80ebd1c36541ebe2852d3bb0c49-le64.cache-6
7f8c30005000-7f8c30008000 r--s 00000000 08:04 3412736                    /var/cache/fontconfig/75114ca45c98e8a441da0ff356701271-le64.cache-6
7f8c30008000-7f8c3000f000 r--p 00000000 08:04 3703235                    /home/cristiano/.config/dconf/user
7f8c3000f000-7f8c30028000 r--p 00000000 08:04 2233121                    /usr/share/locale-langpack/pt_BR/LC_MESSAGES/glib20.mo
7f8c30028000-7f8c30049000 r--p 00000000 08:04 2233224                    /usr/share/locale-langpack/pt_BR/LC_MESSAGES/libc.mo
7f8c30049000-7f8c301f1000 rw-p 00000000 00:00 0 
7f8c301f1000-7f8c301f2000 ---p 00000000 00:00 0 
7f8c301f2000-7f8c302f2000 rw-p 00000000 00:00 0 
7f8c302f2000-7f8c302f3000 ---p 00000000 00:00 0 
7f8c302f3000-7f8c304dc000 rw-p 00000000 00:00 0 
7f8c304dc000-7f8c30962000 ---p 00000000 00:00 0 
7f8c30962000-7f8c309b0000 rw-p 00000000 00:00 0 
7f8c309b0000-7f8c3130a000 ---p 00000000 00:00 0 
7f8c3130a000-7f8c31358000 rw-p 00000000 00:00 0 
7f8c31358000-7f8c317de000 ---p 00000000 00:00 0 
7f8c317de000-7f8c317df000 ---p 00000000 00:00 0 
7f8c317df000-7f8c318df000 rw-p 00000000 00:00 0 
7f8c318df000-7f8c318e0000 ---p 00000000 00:00 0 
7f8c318e0000-7f8c319e0000 rw-p 00000000 00:00 0 
7f8c319e0000-7f8c319e1000 ---p 00000000 00:00 0 
7f8c319e1000-7f8c31ae1000 rw-p 00000000 00:00 0 
7f8c31ae1000-7f8c31ae2000 ---p 00000000 00:00 0 
7f8c31ae2000-7f8c31be2000 rw-p 00000000 00:00 0 
7f8c31be2000-7f8c31be3000 ---p 00000000 00:00 0 
7f8c31be3000-7f8c320e7000 rw-p 00000000 00:00 0 
7f8c320e7000-7f8c320e8000 ---p 00000000 00:00 0 
7f8c320e8000-7f8c321e8000 rw-p 00000000 00:00 0 
7f8c321e8000-7f8c321e9000 ---p 00000000 00:00 0 
7f8c321e9000-7f8c322e9000 rw-p 00000000 00:00 0 
7f8c322e9000-7f8c322ea000 ---p 00000000 00:00 0 
7f8c322ea000-7f8c323ea000 rw-p 00000000 00:00 0 
7f8c323ea000-7f8c323eb000 ---p 00000000 00:00 0 
7f8c323eb000-7f8c324f0000 rw-p 00000000 00:00 0 
7f8c324f0000-7f8c325d6000 ---p 00000000 00:00 0 
7f8c325d6000-7f8c325dc000 rw-p 00000000 00:00 0 
7f8c325dc000-7f8c326c1000 ---p 00000000 00:00 0 
7f8c326c1000-7f8c326db000 r-xp 00000000 08:04 1318807                    /usr/lib/jvm/java-9-oracle/lib/libjimage.so
7f8c326db000-7f8c328da000 ---p 0001a000 08:04 1318807                    /usr/lib/jvm/java-9-oracle/lib/libjimage.so
7f8c328da000-7f8c328dc000 rw-p 00019000 08:04 1318807                    /usr/lib/jvm/java-9-oracle/lib/libjimage.so
7f8c328dc000-7f8c328ee000 rw-p 00000000 00:00 0 
7f8c328ee000-7f8c328f5000 r-xp 00000000 08:04 1324894                    /usr/lib/jvm/java-9-oracle/lib/libzip.so
7f8c328f5000-7f8c32af4000 ---p 00007000 08:04 1324894                    /usr/lib/jvm/java-9-oracle/lib/libzip.so
7f8c32af4000-7f8c32af5000 rw-p 00006000 08:04 1324894                    /usr/lib/jvm/java-9-oracle/lib/libzip.so
7f8c32af5000-7f8c32b00000 r-xp 00000000 08:04 1573102                    /lib/x86_64-linux-gnu/libnss_files-2.23.so
7f8c32b00000-7f8c32cff000 ---p 0000b000 08:04 1573102                    /lib/x86_64-linux-gnu/libnss_files-2.23.so
7f8c32cff000-7f8c32d00000 r--p 0000a000 08:04 1573102                    /lib/x86_64-linux-gnu/libnss_files-2.23.so
7f8c32d00000-7f8c32d01000 rw-p 0000b000 08:04 1573102                    /lib/x86_64-linux-gnu/libnss_files-2.23.so
7f8c32d01000-7f8c32d07000 rw-p 00000000 00:00 0 
7f8c32d07000-7f8c32d12000 r-xp 00000000 08:04 1573106                    /lib/x86_64-linux-gnu/libnss_nis-2.23.so
7f8c32d12000-7f8c32f11000 ---p 0000b000 08:04 1573106                    /lib/x86_64-linux-gnu/libnss_nis-2.23.so
7f8c32f11000-7f8c32f12000 r--p 0000a000 08:04 1573106                    /lib/x86_64-linux-gnu/libnss_nis-2.23.so
7f8c32f12000-7f8c32f13000 rw-p 0000b000 08:04 1573106                    /lib/x86_64-linux-gnu/libnss_nis-2.23.so
7f8c32f13000-7f8c32f29000 r-xp 00000000 08:04 1573086                    /lib/x86_64-linux-gnu/libnsl-2.23.so
7f8c32f29000-7f8c33128000 ---p 00016000 08:04 1573086                    /lib/x86_64-linux-gnu/libnsl-2.23.so
7f8c33128000-7f8c33129000 r--p 00015000 08:04 1573086                    /lib/x86_64-linux-gnu/libnsl-2.23.so
7f8c33129000-7f8c3312a000 rw-p 00016000 08:04 1573086                    /lib/x86_64-linux-gnu/libnsl-2.23.so
7f8c3312a000-7f8c3312c000 rw-p 00000000 00:00 0 
7f8c3312c000-7f8c33134000 r-xp 00000000 08:04 1573097                    /lib/x86_64-linux-gnu/libnss_compat-2.23.so
7f8c33134000-7f8c33333000 ---p 00008000 08:04 1573097                    /lib/x86_64-linux-gnu/libnss_compat-2.23.so
7f8c33333000-7f8c33334000 r--p 00007000 08:04 1573097                    /lib/x86_64-linux-gnu/libnss_compat-2.23.so
7f8c33334000-7f8c33335000 rw-p 00008000 08:04 1573097                    /lib/x86_64-linux-gnu/libnss_compat-2.23.so
7f8c33335000-7f8c33360000 r-xp 00000000 08:04 1318890                    /usr/lib/jvm/java-9-oracle/lib/libjava.so
7f8c33360000-7f8c3355f000 ---p 0002b000 08:04 1318890                    /usr/lib/jvm/java-9-oracle/lib/libjava.so
7f8c3355f000-7f8c33561000 rw-p 0002a000 08:04 1318890                    /usr/lib/jvm/java-9-oracle/lib/libjava.so
7f8c33561000-7f8c3356e000 r-xp 00000000 08:04 1318959                    /usr/lib/jvm/java-9-oracle/lib/libverify.so
7f8c3356e000-7f8c3376d000 ---p 0000d000 08:04 1318959                    /usr/lib/jvm/java-9-oracle/lib/libverify.so
7f8c3376d000-7f8c3376f000 rw-p 0000c000 08:04 1318959                    /usr/lib/jvm/java-9-oracle/lib/libverify.so
7f8c3376f000-7f8c33776000 r-xp 00000000 08:04 1573107                    /lib/x86_64-linux-gnu/librt-2.23.so
7f8c33776000-7f8c33975000 ---p 00007000 08:04 1573107                    /lib/x86_64-linux-gnu/librt-2.23.so
7f8c33975000-7f8c33976000 r--p 00006000 08:04 1573107                    /lib/x86_64-linux-gnu/librt-2.23.so
7f8c33976000-7f8c33977000 rw-p 00007000 08:04 1573107                    /lib/x86_64-linux-gnu/librt-2.23.so
7f8c33977000-7f8c33a7f000 r-xp 00000000 08:04 1573085                    /lib/x86_64-linux-gnu/libm-2.23.so
7f8c33a7f000-7f8c33c7e000 ---p 00108000 08:04 1573085                    /lib/x86_64-linux-gnu/libm-2.23.so
7f8c33c7e000-7f8c33c7f000 r--p 00107000 08:04 1573085                    /lib/x86_64-linux-gnu/libm-2.23.so
7f8c33c7f000-7f8c33c80000 rw-p 00108000 08:04 1573085                    /lib/x86_64-linux-gnu/libm-2.23.so
7f8c33c80000-7f8c34c95000 r-xp 00000000 08:04 1324899                    /usr/lib/jvm/java-9-oracle/lib/server/libjvm.so
7f8c34c95000-7f8c34e94000 ---p 01015000 08:04 1324899                    /usr/lib/jvm/java-9-oracle/lib/server/libjvm.so
7f8c34e94000-7f8c34f65000 r--p 01014000 08:04 1324899                    /usr/lib/jvm/java-9-oracle/lib/server/libjvm.so
7f8c34f65000-7f8c34f9c000 rw-p 010e5000 08:04 1324899                    /usr/lib/jvm/java-9-oracle/lib/server/libjvm.so
7f8c34f9c000-7f8c35005000 rw-p 00000000 00:00 0 
7f8c35005000-7f8c351c5000 r-xp 00000000 08:04 1573089                    /lib/x86_64-linux-gnu/libc-2.23.so
7f8c351c5000-7f8c353c5000 ---p 001c0000 08:04 1573089                    /lib/x86_64-linux-gnu/libc-2.23.so
7f8c353c5000-7f8c353c9000 r--p 001c0000 08:04 1573089                    /lib/x86_64-linux-gnu/libc-2.23.so
7f8c353c9000-7f8c353cb000 rw-p 001c4000 08:04 1573089                    /lib/x86_64-linux-gnu/libc-2.23.so
7f8c353cb000-7f8c353cf000 rw-p 00000000 00:00 0 
7f8c353cf000-7f8c353d2000 r-xp 00000000 08:04 1573091                    /lib/x86_64-linux-gnu/libdl-2.23.so
7f8c353d2000-7f8c355d1000 ---p 00003000 08:04 1573091                    /lib/x86_64-linux-gnu/libdl-2.23.so
7f8c355d1000-7f8c355d2000 r--p 00002000 08:04 1573091                    /lib/x86_64-linux-gnu/libdl-2.23.so
7f8c355d2000-7f8c355d3000 rw-p 00003000 08:04 1573091                    /lib/x86_64-linux-gnu/libdl-2.23.so
7f8c355d3000-7f8c355e1000 r-xp 00000000 08:04 1324907                    /usr/lib/jvm/java-9-oracle/lib/jli/libjli.so
7f8c355e1000-7f8c357e1000 ---p 0000e000 08:04 1324907                    /usr/lib/jvm/java-9-oracle/lib/jli/libjli.so
7f8c357e1000-7f8c357e2000 rw-p 0000e000 08:04 1324907                    /usr/lib/jvm/java-9-oracle/lib/jli/libjli.so
7f8c357e2000-7f8c357fa000 r-xp 00000000 08:04 1573088                    /lib/x86_64-linux-gnu/libpthread-2.23.so
7f8c357fa000-7f8c359f9000 ---p 00018000 08:04 1573088                    /lib/x86_64-linux-gnu/libpthread-2.23.so
7f8c359f9000-7f8c359fa000 r--p 00017000 08:04 1573088                    /lib/x86_64-linux-gnu/libpthread-2.23.so
7f8c359fa000-7f8c359fb000 rw-p 00018000 08:04 1573088                    /lib/x86_64-linux-gnu/libpthread-2.23.so
7f8c359fb000-7f8c359ff000 rw-p 00000000 00:00 0 
7f8c359ff000-7f8c35a18000 r-xp 00000000 08:04 1577959                    /lib/x86_64-linux-gnu/libz.so.1.2.8
7f8c35a18000-7f8c35c17000 ---p 00019000 08:04 1577959                    /lib/x86_64-linux-gnu/libz.so.1.2.8
7f8c35c17000-7f8c35c18000 r--p 00018000 08:04 1577959                    /lib/x86_64-linux-gnu/libz.so.1.2.8
7f8c35c18000-7f8c35c19000 rw-p 00019000 08:04 1577959                    /lib/x86_64-linux-gnu/libz.so.1.2.8
7f8c35c19000-7f8c35c3f000 r-xp 00000000 08:04 1573087                    /lib/x86_64-linux-gnu/ld-2.23.so
7f8c35c3f000-7f8c35c46000 r--s 00000000 08:04 1849289                    /usr/lib/x86_64-linux-gnu/gconv/gconv-modules.cache
7f8c35c46000-7f8c35d1c000 rw-p 00000000 00:00 0 
7f8c35d1c000-7f8c35d21000 ---p 00000000 00:00 0 
7f8c35d21000-7f8c35e22000 rw-p 00000000 00:00 0 
7f8c35e22000-7f8c35e26000 r--s 00000000 08:04 3410431                    /var/cache/fontconfig/7ef2298fde41cc6eeb7af42e48b7d293-le64.cache-6
7f8c35e26000-7f8c35e27000 r--s 00000000 00:2b 40                         /run/user/1000/dconf/user
7f8c35e27000-7f8c35e2d000 rw-p 00000000 00:00 0 
7f8c35e2d000-7f8c35e34000 ---p 00000000 00:00 0 
7f8c35e34000-7f8c35e3c000 rw-s 00000000 08:04 408103                     /tmp/hsperfdata_cristiano/6687
7f8c35e3c000-7f8c35e3d000 rw-p 00000000 00:00 0 
7f8c35e3d000-7f8c35e3e000 r--p 00000000 00:00 0 
7f8c35e3e000-7f8c35e3f000 r--p 00025000 08:04 1573087                    /lib/x86_64-linux-gnu/ld-2.23.so
7f8c35e3f000-7f8c35e40000 rw-p 00026000 08:04 1573087                    /lib/x86_64-linux-gnu/ld-2.23.so
7f8c35e40000-7f8c35e41000 rw-p 00000000 00:00 0 
7ffd0fca8000-7ffd0fcc9000 rw-p 00000000 00:00 0                          [stack]
7ffd0fdf8000-7ffd0fdfb000 r--p 00000000 00:00 0                          [vvar]
7ffd0fdfb000-7ffd0fdfd000 r-xp 00000000 00:00 0                          [vdso]
ffffffffff600000-ffffffffff601000 r-xp 00000000 00:00 0                  [vsyscall]

VM Arguments:
java_command: TicTacToeClientTest
java_class_path (initial): .
Launcher Type: SUN_STANDARD

Logging:
Log output configuration:
#0: stdout all=warning uptime,level,tags
#1: stderr all=off uptime,level,tags

Environment Variables:
JAVA_HOME=/usr/lib/jvm/java-9-oracle
PATH=/home/cristiano/bin:/home/cristiano/.local/bin:/opt/apache-maven/bin:/usr/local/sbin:/usr/local/bin:/usr/sbin:/usr/bin:/sbin:/bin:/usr/games:/usr/local/games:/snap/bin:/usr/lib/jvm/java-9-oracle/bin:/usr/lib/jvm/java-9-oracle/db/bin:/opt/gradle/gradle-4.9/bin
SHELL=/bin/bash
DISPLAY=:0

Signal Handlers:
SIGSEGV: [libjvm.so+0xd4d370], sa_mask[0]=11111111011111111101111111111110, sa_flags=SA_RESTART|SA_SIGINFO
SIGBUS: [libjvm.so+0xd4d370], sa_mask[0]=11111111011111111101111111111110, sa_flags=SA_RESTART|SA_SIGINFO
SIGFPE: [libjvm.so+0xd4d370], sa_mask[0]=11111111011111111101111111111110, sa_flags=SA_RESTART|SA_SIGINFO
SIGPIPE: SIG_IGN, sa_mask[0]=00000000000010000000000000000000, sa_flags=SA_RESTART
SIGXFSZ: [libjvm.so+0xb64780], sa_mask[0]=11111111011111111101111111111110, sa_flags=SA_RESTART|SA_SIGINFO
SIGILL: [libjvm.so+0xd4d370], sa_mask[0]=11111111011111111101111111111110, sa_flags=SA_RESTART|SA_SIGINFO
SIGUSR2: [libjvm.so+0xb64640], sa_mask[0]=00000000000000000000000000000000, sa_flags=SA_RESTART|SA_SIGINFO
SIGHUP: [libjvm.so+0xb64850], sa_mask[0]=11111111011111111101111111111110, sa_flags=SA_RESTART|SA_SIGINFO
SIGINT: [libjvm.so+0xb64850], sa_mask[0]=11111111011111111101111111111110, sa_flags=SA_RESTART|SA_SIGINFO
SIGTERM: [libjvm.so+0xb64850], sa_mask[0]=11111111011111111101111111111110, sa_flags=SA_RESTART|SA_SIGINFO
SIGQUIT: [libjvm.so+0xb64850], sa_mask[0]=11111111011111111101111111111110, sa_flags=SA_RESTART|SA_SIGINFO


---------------  S Y S T E M  ---------------

OS:DISTRIB_ID=Ubuntu
DISTRIB_RELEASE=16.04
DISTRIB_CODENAME=xenial
DISTRIB_DESCRIPTION="Ubuntu 16.04.5 LTS"
uname:Linux 4.4.0-138-generic #164-Ubuntu SMP Tue Oct 2 17:16:02 UTC 2018 x86_64
libc:glibc 2.23 NPTL 2.23 
rlimit: STACK 8192k, CORE 0k, NPROC 39223, NOFILE 1048576, AS infinity
load average:0,80 0,66 0,55

/proc/meminfo:
MemTotal:       10120320 kB
MemFree:         4303908 kB
MemAvailable:    6472472 kB
Buffers:          569224 kB
Cached:          2559976 kB
SwapCached:            0 kB
Active:          3791116 kB
Inactive:        1495920 kB
Active(anon):    2170712 kB
Inactive(anon):   978780 kB
Active(file):    1620404 kB
Inactive(file):   517140 kB
Unevictable:         192 kB
Mlocked:             192 kB
SwapTotal:             0 kB
SwapFree:              0 kB
Dirty:               172 kB
Writeback:             0 kB
AnonPages:       2001652 kB
Mapped:           569252 kB
Shmem:            992384 kB
Slab:             392072 kB
SReclaimable:     344012 kB
SUnreclaim:        48060 kB
KernelStack:       11328 kB
PageTables:        45300 kB
NFS_Unstable:          0 kB
Bounce:                0 kB
WritebackTmp:          0 kB
CommitLimit:     5060160 kB
Committed_AS:    8986260 kB
VmallocTotal:   34359738367 kB
VmallocUsed:           0 kB
VmallocChunk:          0 kB
HardwareCorrupted:     0 kB
AnonHugePages:         0 kB
CmaTotal:              0 kB
CmaFree:               0 kB
HugePages_Total:       0
HugePages_Free:        0
HugePages_Rsvd:        0
HugePages_Surp:        0
Hugepagesize:       2048 kB
DirectMap4k:      229196 kB
DirectMap2M:     5943296 kB
DirectMap1G:     4194304 kB


CPU:total 4 (initial active 4) (2 cores per cpu, 2 threads per core) family 6 model 69 stepping 1, cmov, cx8, fxsr, mmx, sse, sse2, sse3, ssse3, sse4.1, sse4.2, popcnt, avx, avx2, aes, clmul, erms, lzcnt, ht, tsc, tscinvbit, bmi1, bmi2, fma
CPU Model and flags from /proc/cpuinfo:
model name	: Intel(R) Core(TM) i5-4210U CPU @ 1.70GHz
flags		: fpu vme de pse tsc msr pae mce cx8 apic sep mtrr pge mca cmov pat pse36 clflush dts acpi mmx fxsr sse sse2 ss ht tm pbe syscall nx pdpe1gb rdtscp lm constant_tsc arch_perfmon pebs bts rep_good nopl xtopology nonstop_tsc aperfmperf pni pclmulqdq dtes64 monitor ds_cpl vmx est tm2 ssse3 sdbg fma cx16 xtpr pdcm pcid sse4_1 sse4_2 movbe popcnt tsc_deadline_timer aes xsave avx f16c rdrand lahf_lm abm epb invpcid_single ssbd ibrs ibpb stibp kaiser tpr_shadow vnmi flexpriority ept vpid fsgsbase tsc_adjust bmi1 avx2 smep bmi2 erms invpcid xsaveopt dtherm ida arat pln pts flush_l1d

Memory: 4k page, physical 10120320k(4313548k free), swap 0k(0k free)

vm_info: Java HotSpot(TM) 64-Bit Server VM (9.0.4+11) for linux-amd64 JRE (9.0.4+11), built on Dec 19 2017 18:12:19 by "mach5one" with gcc 4.9.2

END.
